{"C:\\Jirad-python\\mydebugger\\src\\App.tsx": {"path":"C:\\Jirad-python\\mydebugger\\src\\App.tsx","statementMap":{"0":{"start":{"line":11,"column":22},"end":{"line":51,"column":1}},"1":{"start":{"line":12,"column":2},"end":{"line":50,"column":4}},"2":{"start":{"line":25,"column":45},"end":{"line":25,"column":70}},"3":{"start":{"line":30,"column":34},"end":{"line":30,"column":59}},"4":{"start":{"line":32,"column":20},"end":{"line":33,"column":null}}},"fnMap":{"0":{"name":"(anonymous_0)","decl":{"start":{"line":11,"column":22},"end":{"line":11,"column":25}},"loc":{"start":{"line":11,"column":27},"end":{"line":51,"column":1}}},"1":{"name":"(anonymous_1)","decl":{"start":{"line":25,"column":37},"end":{"line":25,"column":41}},"loc":{"start":{"line":25,"column":45},"end":{"line":25,"column":70}}},"2":{"name":"(anonymous_2)","decl":{"start":{"line":30,"column":26},"end":{"line":30,"column":30}},"loc":{"start":{"line":30,"column":34},"end":{"line":30,"column":59}}},"3":{"name":"(anonymous_3)","decl":{"start":{"line":31,"column":23},"end":{"line":31,"column":24}},"loc":{"start":{"line":32,"column":20},"end":{"line":33,"column":null}}}},"branchMap":{},"s":{"0":0,"1":0,"2":0,"3":0,"4":0},"f":{"0":0,"1":0,"2":0,"3":0},"b":{}}
,"C:\\Jirad-python\\mydebugger\\src\\context\\ThemeContext.tsx": {"path":"C:\\Jirad-python\\mydebugger\\src\\context\\ThemeContext.tsx","statementMap":{"0":{"start":{"line":1,"column":0},"end":{"line":1,"column":89}},"1":{"start":{"line":11,"column":21},"end":{"line":11,"column":75}},"2":{"start":{"line":13,"column":24},"end":{"line":19,"column":1}},"3":{"start":{"line":14,"column":18},"end":{"line":14,"column":42}},"4":{"start":{"line":15,"column":2},"end":{"line":17,"column":3}},"5":{"start":{"line":16,"column":4},"end":{"line":16,"column":68}},"6":{"start":{"line":18,"column":2},"end":{"line":18,"column":17}},"7":{"start":{"line":13,"column":13},"end":{"line":13,"column":24}},"8":{"start":{"line":22,"column":24},"end":{"line":29,"column":1}},"9":{"start":{"line":24,"column":2},"end":{"line":27,"column":3}},"10":{"start":{"line":25,"column":18},"end":{"line":25,"column":43}},"11":{"start":{"line":26,"column":4},"end":{"line":26,"column":49}},"12":{"start":{"line":28,"column":2},"end":{"line":28,"column":22}},"13":{"start":{"line":36,"column":59},"end":{"line":97,"column":1}},"14":{"start":{"line":41,"column":33},"end":{"line":42,"column":null}},"15":{"start":{"line":42,"column":10},"end":{"line":42,"column":57}},"16":{"start":{"line":45,"column":38},"end":{"line":45,"column":62}},"17":{"start":{"line":48,"column":2},"end":{"line":59,"column":14}},"18":{"start":{"line":49,"column":23},"end":{"line":49,"column":72}},"19":{"start":{"line":51,"column":25},"end":{"line":55,"column":5}},"20":{"start":{"line":52,"column":6},"end":{"line":54,"column":7}},"21":{"start":{"line":53,"column":8},"end":{"line":53,"column":42}},"22":{"start":{"line":57,"column":4},"end":{"line":57,"column":56}},"23":{"start":{"line":58,"column":4},"end":{"line":58,"column":72}},"24":{"start":{"line":58,"column":17},"end":{"line":58,"column":71}},"25":{"start":{"line":62,"column":2},"end":{"line":76,"column":14}},"26":{"start":{"line":64,"column":4},"end":{"line":64,"column":46}},"27":{"start":{"line":64,"column":39},"end":{"line":64,"column":46}},"28":{"start":{"line":66,"column":17},"end":{"line":66,"column":48}},"29":{"start":{"line":68,"column":4},"end":{"line":75,"column":5}},"30":{"start":{"line":69,"column":26},"end":{"line":69,"column":102}},"31":{"start":{"line":70,"column":6},"end":{"line":70,"column":90}},"32":{"start":{"line":71,"column":6},"end":{"line":71,"column":44}},"33":{"start":{"line":73,"column":6},"end":{"line":73,"column":84}},"34":{"start":{"line":74,"column":6},"end":{"line":74,"column":38}},"35":{"start":{"line":78,"column":19},"end":{"line":84,"column":3}},"36":{"start":{"line":80,"column":4},"end":{"line":82,"column":5}},"37":{"start":{"line":81,"column":6},"end":{"line":81,"column":46}},"38":{"start":{"line":83,"column":4},"end":{"line":83,"column":28}},"39":{"start":{"line":86,"column":16},"end":{"line":90,"column":4}},"40":{"start":{"line":92,"column":2},"end":{"line":96,"column":4}},"41":{"start":{"line":36,"column":13},"end":{"line":36,"column":59}}},"fnMap":{"0":{"name":"(anonymous_9)","decl":{"start":{"line":13,"column":24},"end":{"line":13,"column":45}},"loc":{"start":{"line":13,"column":47},"end":{"line":19,"column":1}}},"1":{"name":"(anonymous_10)","decl":{"start":{"line":22,"column":24},"end":{"line":22,"column":25}},"loc":{"start":{"line":22,"column":59},"end":{"line":29,"column":1}}},"2":{"name":"(anonymous_11)","decl":{"start":{"line":36,"column":59},"end":{"line":36,"column":60}},"loc":{"start":{"line":39,"column":5},"end":{"line":97,"column":1}}},"3":{"name":"(anonymous_12)","decl":{"start":{"line":42,"column":4},"end":{"line":42,"column":7}},"loc":{"start":{"line":42,"column":10},"end":{"line":42,"column":57}}},"4":{"name":"(anonymous_13)","decl":{"start":{"line":48,"column":12},"end":{"line":48,"column":15}},"loc":{"start":{"line":48,"column":17},"end":{"line":59,"column":3}}},"5":{"name":"(anonymous_14)","decl":{"start":{"line":51,"column":25},"end":{"line":51,"column":28}},"loc":{"start":{"line":51,"column":30},"end":{"line":55,"column":5}}},"6":{"name":"(anonymous_15)","decl":{"start":{"line":58,"column":11},"end":{"line":58,"column":14}},"loc":{"start":{"line":58,"column":17},"end":{"line":58,"column":71}}},"7":{"name":"(anonymous_16)","decl":{"start":{"line":62,"column":12},"end":{"line":62,"column":15}},"loc":{"start":{"line":62,"column":17},"end":{"line":76,"column":3}}},"8":{"name":"(anonymous_17)","decl":{"start":{"line":78,"column":19},"end":{"line":78,"column":20}},"loc":{"start":{"line":78,"column":39},"end":{"line":84,"column":3}}}},"branchMap":{"0":{"loc":{"start":{"line":15,"column":2},"end":{"line":17,"column":3}},"type":"if","locations":[{"start":{"line":15,"column":2},"end":{"line":17,"column":3}}]},"1":{"loc":{"start":{"line":24,"column":2},"end":{"line":27,"column":3}},"type":"if","locations":[{"start":{"line":24,"column":2},"end":{"line":27,"column":3}}]},"2":{"loc":{"start":{"line":26,"column":11},"end":{"line":26,"column":48}},"type":"cond-expr","locations":[{"start":{"line":26,"column":28},"end":{"line":26,"column":33}},{"start":{"line":26,"column":36},"end":{"line":26,"column":48}}]},"3":{"loc":{"start":{"line":38,"column":2},"end":{"line":38,"column":25}},"type":"default-arg","locations":[{"start":{"line":38,"column":17},"end":{"line":38,"column":25}}]},"4":{"loc":{"start":{"line":52,"column":6},"end":{"line":54,"column":7}},"type":"if","locations":[{"start":{"line":52,"column":6},"end":{"line":54,"column":7}}]},"5":{"loc":{"start":{"line":64,"column":4},"end":{"line":64,"column":46}},"type":"if","locations":[{"start":{"line":64,"column":4},"end":{"line":64,"column":46}}]},"6":{"loc":{"start":{"line":68,"column":4},"end":{"line":75,"column":5}},"type":"if","locations":[{"start":{"line":68,"column":4},"end":{"line":75,"column":5}},{"start":{"line":72,"column":11},"end":{"line":75,"column":5}}]},"7":{"loc":{"start":{"line":69,"column":26},"end":{"line":69,"column":102}},"type":"cond-expr","locations":[{"start":{"line":69,"column":86},"end":{"line":69,"column":92}},{"start":{"line":69,"column":95},"end":{"line":69,"column":102}}]},"8":{"loc":{"start":{"line":70,"column":6},"end":{"line":70,"column":89}},"type":"cond-expr","locations":[{"start":{"line":70,"column":31},"end":{"line":70,"column":57}},{"start":{"line":70,"column":60},"end":{"line":70,"column":89}}]},"9":{"loc":{"start":{"line":73,"column":6},"end":{"line":73,"column":83}},"type":"cond-expr","locations":[{"start":{"line":73,"column":25},"end":{"line":73,"column":51}},{"start":{"line":73,"column":54},"end":{"line":73,"column":83}}]},"10":{"loc":{"start":{"line":80,"column":4},"end":{"line":82,"column":5}},"type":"if","locations":[{"start":{"line":80,"column":4},"end":{"line":82,"column":5}}]}},"s":{"0":2,"1":2,"2":2,"3":0,"4":0,"5":0,"6":0,"7":2,"8":2,"9":14,"10":14,"11":14,"12":0,"13":2,"14":14,"15":14,"16":14,"17":14,"18":14,"19":0,"20":0,"21":0,"22":0,"23":0,"24":0,"25":14,"26":0,"27":0,"28":0,"29":0,"30":0,"31":0,"32":0,"33":0,"34":0,"35":14,"36":0,"37":0,"38":0,"39":14,"40":14,"41":2},"f":{"0":0,"1":14,"2":14,"3":14,"4":14,"5":0,"6":0,"7":0,"8":0},"b":{"0":[0],"1":[14],"2":[0,14],"3":[14],"4":[0],"5":[0],"6":[0,0],"7":[0,0],"8":[0,0],"9":[0,0],"10":[0]}}
,"C:\\Jirad-python\\mydebugger\\src\\design-system\\components\\display\\Badge.tsx": {"path":"C:\\Jirad-python\\mydebugger\\src\\design-system\\components\\display\\Badge.tsx","statementMap":{"0":{"start":{"line":76,"column":43},"end":{"line":167,"column":1}},"1":{"start":{"line":93,"column":2},"end":{"line":95,"column":3}},"2":{"start":{"line":94,"column":4},"end":{"line":94,"column":16}},"3":{"start":{"line":98,"column":23},"end":{"line":98,"column":52}},"4":{"start":{"line":101,"column":16},"end":{"line":101,"column":24}},"5":{"start":{"line":104,"column":2},"end":{"line":106,"column":3}},"6":{"start":{"line":105,"column":4},"end":{"line":105,"column":24}},"7":{"start":{"line":109,"column":2},"end":{"line":111,"column":3}},"8":{"start":{"line":110,"column":4},"end":{"line":110,"column":35}},"9":{"start":{"line":114,"column":25},"end":{"line":123,"column":4}},"10":{"start":{"line":126,"column":22},"end":{"line":131,"column":4}},"11":{"start":{"line":134,"column":26},"end":{"line":134,"column":86}},"12":{"start":{"line":137,"column":23},"end":{"line":137,"column":56}},"13":{"start":{"line":140,"column":27},"end":{"line":142,"column":8}},"14":{"start":{"line":145,"column":23},"end":{"line":154,"column":29}},"15":{"start":{"line":156,"column":2},"end":{"line":166,"column":4}},"16":{"start":{"line":200,"column":5},"end":{"line":209,"column":1}},"17":{"start":{"line":204,"column":2},"end":{"line":208,"column":4}}},"fnMap":{"0":{"name":"(anonymous_0)","decl":{"start":{"line":76,"column":43},"end":{"line":76,"column":44}},"loc":{"start":{"line":91,"column":5},"end":{"line":167,"column":1}}},"1":{"name":"(anonymous_1)","decl":{"start":{"line":200,"column":5},"end":{"line":200,"column":6}},"loc":{"start":{"line":203,"column":5},"end":{"line":209,"column":1}}}},"branchMap":{"0":{"loc":{"start":{"line":78,"column":2},"end":{"line":78,"column":21}},"type":"default-arg","locations":[{"start":{"line":78,"column":12},"end":{"line":78,"column":21}}]},"1":{"loc":{"start":{"line":80,"column":2},"end":{"line":80,"column":13}},"type":"default-arg","locations":[{"start":{"line":80,"column":9},"end":{"line":80,"column":13}}]},"2":{"loc":{"start":{"line":81,"column":2},"end":{"line":81,"column":13}},"type":"default-arg","locations":[{"start":{"line":81,"column":8},"end":{"line":81,"column":13}}]},"3":{"loc":{"start":{"line":82,"column":2},"end":{"line":82,"column":16}},"type":"default-arg","locations":[{"start":{"line":82,"column":11},"end":{"line":82,"column":16}}]},"4":{"loc":{"start":{"line":83,"column":2},"end":{"line":83,"column":15}},"type":"default-arg","locations":[{"start":{"line":83,"column":10},"end":{"line":83,"column":15}}]},"5":{"loc":{"start":{"line":84,"column":2},"end":{"line":84,"column":14}},"type":"default-arg","locations":[{"start":{"line":84,"column":9},"end":{"line":84,"column":14}}]},"6":{"loc":{"start":{"line":86,"column":2},"end":{"line":86,"column":19}},"type":"default-arg","locations":[{"start":{"line":86,"column":14},"end":{"line":86,"column":19}}]},"7":{"loc":{"start":{"line":87,"column":2},"end":{"line":87,"column":16}},"type":"default-arg","locations":[{"start":{"line":87,"column":14},"end":{"line":87,"column":16}}]},"8":{"loc":{"start":{"line":93,"column":2},"end":{"line":95,"column":3}},"type":"if","locations":[{"start":{"line":93,"column":2},"end":{"line":95,"column":3}}]},"9":{"loc":{"start":{"line":98,"column":23},"end":{"line":98,"column":52}},"type":"binary-expr","locations":[{"start":{"line":98,"column":23},"end":{"line":98,"column":30}},{"start":{"line":98,"column":34},"end":{"line":98,"column":39}},{"start":{"line":98,"column":43},"end":{"line":98,"column":52}}]},"10":{"loc":{"start":{"line":104,"column":2},"end":{"line":106,"column":3}},"type":"if","locations":[{"start":{"line":104,"column":2},"end":{"line":106,"column":3}}]},"11":{"loc":{"start":{"line":104,"column":6},"end":{"line":104,"column":73}},"type":"binary-expr","locations":[{"start":{"line":104,"column":6},"end":{"line":104,"column":34}},{"start":{"line":104,"column":38},"end":{"line":104,"column":55}},{"start":{"line":104,"column":59},"end":{"line":104,"column":73}}]},"12":{"loc":{"start":{"line":109,"column":2},"end":{"line":111,"column":3}},"type":"if","locations":[{"start":{"line":109,"column":2},"end":{"line":111,"column":3}}]},"13":{"loc":{"start":{"line":109,"column":6},"end":{"line":109,"column":22}},"type":"binary-expr","locations":[{"start":{"line":109,"column":6},"end":{"line":109,"column":10}},{"start":{"line":109,"column":14},"end":{"line":109,"column":22}}]},"14":{"loc":{"start":{"line":127,"column":8},"end":{"line":127,"column":56}},"type":"cond-expr","locations":[{"start":{"line":127,"column":14},"end":{"line":127,"column":27}},{"start":{"line":127,"column":30},"end":{"line":127,"column":56}}]},"15":{"loc":{"start":{"line":128,"column":8},"end":{"line":128,"column":54}},"type":"cond-expr","locations":[{"start":{"line":128,"column":14},"end":{"line":128,"column":23}},{"start":{"line":128,"column":26},"end":{"line":128,"column":54}}]},"16":{"loc":{"start":{"line":129,"column":8},"end":{"line":129,"column":58}},"type":"cond-expr","locations":[{"start":{"line":129,"column":14},"end":{"line":129,"column":27}},{"start":{"line":129,"column":30},"end":{"line":129,"column":58}}]},"17":{"loc":{"start":{"line":130,"column":8},"end":{"line":130,"column":54}},"type":"cond-expr","locations":[{"start":{"line":130,"column":14},"end":{"line":130,"column":23}},{"start":{"line":130,"column":26},"end":{"line":130,"column":54}}]},"18":{"loc":{"start":{"line":134,"column":26},"end":{"line":134,"column":86}},"type":"cond-expr","locations":[{"start":{"line":134,"column":35},"end":{"line":134,"column":57}},{"start":{"line":134,"column":60},"end":{"line":134,"column":86}}]},"19":{"loc":{"start":{"line":137,"column":23},"end":{"line":137,"column":56}},"type":"cond-expr","locations":[{"start":{"line":137,"column":30},"end":{"line":137,"column":44}},{"start":{"line":137,"column":47},"end":{"line":137,"column":56}}]},"20":{"loc":{"start":{"line":140,"column":27},"end":{"line":142,"column":8}},"type":"cond-expr","locations":[{"start":{"line":141,"column":6},"end":{"line":141,"column":21}},{"start":{"line":142,"column":6},"end":{"line":142,"column":8}}]},"21":{"loc":{"start":{"line":146,"column":4},"end":{"line":146,"column":60}},"type":"cond-expr","locations":[{"start":{"line":146,"column":10},"end":{"line":146,"column":16}},{"start":{"line":146,"column":19},"end":{"line":146,"column":60}}]},"22":{"loc":{"start":{"line":152,"column":4},"end":{"line":152,"column":35}},"type":"cond-expr","locations":[{"start":{"line":152,"column":14},"end":{"line":152,"column":30}},{"start":{"line":152,"column":33},"end":{"line":152,"column":35}}]},"23":{"loc":{"start":{"line":160,"column":12},"end":{"line":160,"column":42}},"type":"cond-expr","locations":[{"start":{"line":160,"column":22},"end":{"line":160,"column":30}},{"start":{"line":160,"column":33},"end":{"line":160,"column":42}}]},"24":{"loc":{"start":{"line":161,"column":16},"end":{"line":161,"column":39}},"type":"cond-expr","locations":[{"start":{"line":161,"column":26},"end":{"line":161,"column":27}},{"start":{"line":161,"column":30},"end":{"line":161,"column":39}}]},"25":{"loc":{"start":{"line":164,"column":7},"end":{"line":164,"column":22}},"type":"binary-expr","locations":[{"start":{"line":164,"column":7},"end":{"line":164,"column":11}},{"start":{"line":164,"column":15},"end":{"line":164,"column":22}}]},"26":{"loc":{"start":{"line":202,"column":2},"end":{"line":202,"column":16}},"type":"default-arg","locations":[{"start":{"line":202,"column":14},"end":{"line":202,"column":16}}]}},"s":{"0":0,"1":0,"2":0,"3":0,"4":0,"5":0,"6":0,"7":0,"8":0,"9":0,"10":0,"11":0,"12":0,"13":0,"14":0,"15":0,"16":0,"17":0},"f":{"0":0,"1":0},"b":{"0":[0],"1":[0],"2":[0],"3":[0],"4":[0],"5":[0],"6":[0],"7":[0],"8":[0],"9":[0,0,0],"10":[0],"11":[0,0,0],"12":[0],"13":[0,0],"14":[0,0],"15":[0,0],"16":[0,0],"17":[0,0],"18":[0,0],"19":[0,0],"20":[0,0],"21":[0,0],"22":[0,0],"23":[0,0],"24":[0,0],"25":[0,0],"26":[0]}}
,"C:\\Jirad-python\\mydebugger\\src\\design-system\\components\\display\\InfoBox.tsx": {"path":"C:\\Jirad-python\\mydebugger\\src\\design-system\\components\\display\\InfoBox.tsx","statementMap":{"0":{"start":{"line":76,"column":47},"end":{"line":139,"column":1}},"1":{"start":{"line":87,"column":28},"end":{"line":115,"column":3}},"2":{"start":{"line":88,"column":4},"end":{"line":114,"column":5}},"3":{"start":{"line":90,"column":8},"end":{"line":94,"column":10}},"4":{"start":{"line":96,"column":8},"end":{"line":100,"column":10}},"5":{"start":{"line":102,"column":8},"end":{"line":106,"column":10}},"6":{"start":{"line":109,"column":8},"end":{"line":113,"column":10}},"7":{"start":{"line":117,"column":17},"end":{"line":117,"column":36}},"8":{"start":{"line":118,"column":27},"end":{"line":123,"column":29}},"9":{"start":{"line":125,"column":2},"end":{"line":138,"column":4}}},"fnMap":{"0":{"name":"(anonymous_0)","decl":{"start":{"line":76,"column":47},"end":{"line":76,"column":48}},"loc":{"start":{"line":85,"column":5},"end":{"line":139,"column":1}}},"1":{"name":"(anonymous_1)","decl":{"start":{"line":87,"column":28},"end":{"line":87,"column":31}},"loc":{"start":{"line":87,"column":33},"end":{"line":115,"column":3}}}},"branchMap":{"0":{"loc":{"start":{"line":79,"column":2},"end":{"line":79,"column":18}},"type":"default-arg","locations":[{"start":{"line":79,"column":12},"end":{"line":79,"column":18}}]},"1":{"loc":{"start":{"line":82,"column":2},"end":{"line":82,"column":17}},"type":"default-arg","locations":[{"start":{"line":82,"column":13},"end":{"line":82,"column":17}}]},"2":{"loc":{"start":{"line":83,"column":2},"end":{"line":83,"column":16}},"type":"default-arg","locations":[{"start":{"line":83,"column":14},"end":{"line":83,"column":16}}]},"3":{"loc":{"start":{"line":88,"column":4},"end":{"line":114,"column":5}},"type":"switch","locations":[{"start":{"line":89,"column":6},"end":{"line":94,"column":10}},{"start":{"line":95,"column":6},"end":{"line":100,"column":10}},{"start":{"line":101,"column":6},"end":{"line":106,"column":10}},{"start":{"line":107,"column":6},"end":{"line":107,"column":18}},{"start":{"line":108,"column":6},"end":{"line":113,"column":10}}]},"4":{"loc":{"start":{"line":120,"column":4},"end":{"line":120,"column":28}},"type":"cond-expr","locations":[{"start":{"line":120,"column":15},"end":{"line":120,"column":23}},{"start":{"line":120,"column":26},"end":{"line":120,"column":28}}]},"5":{"loc":{"start":{"line":128,"column":9},"end":{"line":128,"column":51}},"type":"binary-expr","locations":[{"start":{"line":128,"column":9},"end":{"line":128,"column":13}},{"start":{"line":128,"column":17},"end":{"line":128,"column":51}}]},"6":{"loc":{"start":{"line":130,"column":9},"end":{"line":133,"column":null}},"type":"binary-expr","locations":[{"start":{"line":130,"column":9},"end":{"line":130,"column":20}},{"start":{"line":131,"column":10},"end":{"line":132,"column":null}}]}},"s":{"0":0,"1":0,"2":0,"3":0,"4":0,"5":0,"6":0,"7":0,"8":0,"9":0},"f":{"0":0,"1":0},"b":{"0":[0],"1":[0],"2":[0],"3":[0,0,0,0,0],"4":[0,0],"5":[0,0],"6":[0,0]}}
,"C:\\Jirad-python\\mydebugger\\src\\design-system\\components\\display\\ResponsiveImage.tsx": {"path":"C:\\Jirad-python\\mydebugger\\src\\design-system\\components\\display\\ResponsiveImage.tsx","statementMap":{"0":{"start":{"line":44,"column":63},"end":{"line":183,"column":1}},"1":{"start":{"line":62,"column":30},"end":{"line":62,"column":45}},"2":{"start":{"line":63,"column":28},"end":{"line":63,"column":43}},"3":{"start":{"line":64,"column":17},"end":{"line":64,"column":47}},"4":{"start":{"line":65,"column":34},"end":{"line":65,"column":49}},"5":{"start":{"line":68,"column":21},"end":{"line":74,"column":4}},"6":{"start":{"line":77,"column":26},"end":{"line":83,"column":4}},"7":{"start":{"line":86,"column":32},"end":{"line":91,"column":3}},"8":{"start":{"line":87,"column":4},"end":{"line":87,"column":34}},"9":{"start":{"line":87,"column":22},"end":{"line":87,"column":34}},"10":{"start":{"line":89,"column":28},"end":{"line":89,"column":62}},"11":{"start":{"line":90,"column":4},"end":{"line":90,"column":34}},"12":{"start":{"line":93,"column":29},"end":{"line":93,"column":52}},"13":{"start":{"line":96,"column":2},"end":{"line":116,"column":23}},"14":{"start":{"line":97,"column":4},"end":{"line":97,"column":34}},"15":{"start":{"line":97,"column":27},"end":{"line":97,"column":34}},"16":{"start":{"line":99,"column":21},"end":{"line":107,"column":6}},"17":{"start":{"line":101,"column":8},"end":{"line":104,"column":9}},"18":{"start":{"line":102,"column":10},"end":{"line":102,"column":28}},"19":{"start":{"line":103,"column":10},"end":{"line":103,"column":32}},"20":{"start":{"line":109,"column":4},"end":{"line":111,"column":5}},"21":{"start":{"line":110,"column":6},"end":{"line":110,"column":39}},"22":{"start":{"line":113,"column":4},"end":{"line":115,"column":6}},"23":{"start":{"line":114,"column":6},"end":{"line":114,"column":28}},"24":{"start":{"line":119,"column":26},"end":{"line":122,"column":3}},"25":{"start":{"line":120,"column":4},"end":{"line":120,"column":20}},"26":{"start":{"line":121,"column":4},"end":{"line":121,"column":19}},"27":{"start":{"line":125,"column":27},"end":{"line":128,"column":3}},"28":{"start":{"line":126,"column":4},"end":{"line":126,"column":19}},"29":{"start":{"line":127,"column":4},"end":{"line":127,"column":20}},"30":{"start":{"line":131,"column":22},"end":{"line":148,"column":null}},"31":{"start":{"line":132,"column":4},"end":{"line":147,"column":null}},"32":{"start":{"line":152,"column":28},"end":{"line":162,"column":3}},"33":{"start":{"line":153,"column":4},"end":{"line":153,"column":40}},"34":{"start":{"line":153,"column":21},"end":{"line":153,"column":40}},"35":{"start":{"line":155,"column":4},"end":{"line":161,"column":6}},"36":{"start":{"line":165,"column":2},"end":{"line":174,"column":3}},"37":{"start":{"line":166,"column":4},"end":{"line":173,"column":6}},"38":{"start":{"line":177,"column":2},"end":{"line":182,"column":4}}},"fnMap":{"0":{"name":"(anonymous_0)","decl":{"start":{"line":44,"column":63},"end":{"line":44,"column":64}},"loc":{"start":{"line":61,"column":5},"end":{"line":183,"column":1}}},"1":{"name":"(anonymous_1)","decl":{"start":{"line":86,"column":32},"end":{"line":86,"column":35}},"loc":{"start":{"line":86,"column":37},"end":{"line":91,"column":3}}},"2":{"name":"(anonymous_2)","decl":{"start":{"line":96,"column":12},"end":{"line":96,"column":15}},"loc":{"start":{"line":96,"column":17},"end":{"line":116,"column":3}}},"3":{"name":"(anonymous_3)","decl":{"start":{"line":100,"column":6},"end":{"line":100,"column":7}},"loc":{"start":{"line":100,"column":18},"end":{"line":105,"column":7}}},"4":{"name":"(anonymous_4)","decl":{"start":{"line":113,"column":11},"end":{"line":113,"column":14}},"loc":{"start":{"line":113,"column":16},"end":{"line":115,"column":5}}},"5":{"name":"(anonymous_5)","decl":{"start":{"line":119,"column":26},"end":{"line":119,"column":29}},"loc":{"start":{"line":119,"column":31},"end":{"line":122,"column":3}}},"6":{"name":"(anonymous_6)","decl":{"start":{"line":125,"column":27},"end":{"line":125,"column":30}},"loc":{"start":{"line":125,"column":32},"end":{"line":128,"column":3}}},"7":{"name":"(anonymous_7)","decl":{"start":{"line":131,"column":22},"end":{"line":131,"column":25}},"loc":{"start":{"line":132,"column":4},"end":{"line":147,"column":null}}},"8":{"name":"(anonymous_8)","decl":{"start":{"line":152,"column":28},"end":{"line":152,"column":31}},"loc":{"start":{"line":152,"column":33},"end":{"line":162,"column":3}}}},"branchMap":{"0":{"loc":{"start":{"line":47,"column":2},"end":{"line":47,"column":21}},"type":"default-arg","locations":[{"start":{"line":47,"column":14},"end":{"line":47,"column":21}}]},"1":{"loc":{"start":{"line":48,"column":2},"end":{"line":48,"column":27}},"type":"default-arg","locations":[{"start":{"line":48,"column":19},"end":{"line":48,"column":27}}]},"2":{"loc":{"start":{"line":49,"column":2},"end":{"line":49,"column":13}},"type":"default-arg","locations":[{"start":{"line":49,"column":9},"end":{"line":49,"column":13}}]},"3":{"loc":{"start":{"line":51,"column":2},"end":{"line":51,"column":15}},"type":"default-arg","locations":[{"start":{"line":51,"column":11},"end":{"line":51,"column":15}}]},"4":{"loc":{"start":{"line":52,"column":2},"end":{"line":52,"column":20}},"type":"default-arg","locations":[{"start":{"line":52,"column":16},"end":{"line":52,"column":20}}]},"5":{"loc":{"start":{"line":53,"column":2},"end":{"line":53,"column":25}},"type":"default-arg","locations":[{"start":{"line":53,"column":21},"end":{"line":53,"column":25}}]},"6":{"loc":{"start":{"line":54,"column":2},"end":{"line":54,"column":15}},"type":"default-arg","locations":[{"start":{"line":54,"column":11},"end":{"line":54,"column":15}}]},"7":{"loc":{"start":{"line":55,"column":2},"end":{"line":55,"column":16}},"type":"default-arg","locations":[{"start":{"line":55,"column":14},"end":{"line":55,"column":16}}]},"8":{"loc":{"start":{"line":56,"column":2},"end":{"line":56,"column":24}},"type":"default-arg","locations":[{"start":{"line":56,"column":20},"end":{"line":56,"column":24}}]},"9":{"loc":{"start":{"line":87,"column":4},"end":{"line":87,"column":34}},"type":"if","locations":[{"start":{"line":87,"column":4},"end":{"line":87,"column":34}}]},"10":{"loc":{"start":{"line":97,"column":4},"end":{"line":97,"column":34}},"type":"if","locations":[{"start":{"line":97,"column":4},"end":{"line":97,"column":34}}]},"11":{"loc":{"start":{"line":97,"column":8},"end":{"line":97,"column":25}},"type":"binary-expr","locations":[{"start":{"line":97,"column":8},"end":{"line":97,"column":13}},{"start":{"line":97,"column":17},"end":{"line":97,"column":25}}]},"12":{"loc":{"start":{"line":101,"column":8},"end":{"line":104,"column":9}},"type":"if","locations":[{"start":{"line":101,"column":8},"end":{"line":104,"column":9}}]},"13":{"loc":{"start":{"line":109,"column":4},"end":{"line":111,"column":5}},"type":"if","locations":[{"start":{"line":109,"column":4},"end":{"line":111,"column":5}}]},"14":{"loc":{"start":{"line":134,"column":11},"end":{"line":134,"column":51}},"type":"cond-expr","locations":[{"start":{"line":134,"column":34},"end":{"line":134,"column":45}},{"start":{"line":134,"column":48},"end":{"line":134,"column":51}}]},"15":{"loc":{"start":{"line":134,"column":11},"end":{"line":134,"column":31}},"type":"binary-expr","locations":[{"start":{"line":134,"column":11},"end":{"line":134,"column":16}},{"start":{"line":134,"column":20},"end":{"line":134,"column":31}}]},"16":{"loc":{"start":{"line":136,"column":15},"end":{"line":136,"column":60}},"type":"cond-expr","locations":[{"start":{"line":136,"column":42},"end":{"line":136,"column":48}},{"start":{"line":136,"column":51},"end":{"line":136,"column":60}}]},"17":{"loc":{"start":{"line":136,"column":15},"end":{"line":136,"column":39}},"type":"binary-expr","locations":[{"start":{"line":136,"column":15},"end":{"line":136,"column":19}},{"start":{"line":136,"column":23},"end":{"line":136,"column":39}}]},"18":{"loc":{"start":{"line":141,"column":8},"end":{"line":141,"column":65}},"type":"cond-expr","locations":[{"start":{"line":141,"column":38},"end":{"line":141,"column":49}},{"start":{"line":141,"column":52},"end":{"line":141,"column":65}}]},"19":{"loc":{"start":{"line":141,"column":8},"end":{"line":141,"column":35}},"type":"binary-expr","locations":[{"start":{"line":141,"column":8},"end":{"line":141,"column":14}},{"start":{"line":141,"column":18},"end":{"line":141,"column":25}},{"start":{"line":141,"column":29},"end":{"line":141,"column":35}}]},"20":{"loc":{"start":{"line":142,"column":8},"end":{"line":142,"column":55}},"type":"cond-expr","locations":[{"start":{"line":142,"column":17},"end":{"line":142,"column":50}},{"start":{"line":142,"column":53},"end":{"line":142,"column":55}}]},"21":{"loc":{"start":{"line":153,"column":4},"end":{"line":153,"column":40}},"type":"if","locations":[{"start":{"line":153,"column":4},"end":{"line":153,"column":40}}]},"22":{"loc":{"start":{"line":165,"column":2},"end":{"line":174,"column":3}},"type":"if","locations":[{"start":{"line":165,"column":2},"end":{"line":174,"column":3}}]},"23":{"loc":{"start":{"line":170,"column":11},"end":{"line":170,"column":87}},"type":"binary-expr","locations":[{"start":{"line":170,"column":11},"end":{"line":170,"column":26}},{"start":{"line":170,"column":31},"end":{"line":170,"column":40}},{"start":{"line":170,"column":45},"end":{"line":170,"column":52}},{"start":{"line":170,"column":56},"end":{"line":170,"column":62}},{"start":{"line":170,"column":68},"end":{"line":170,"column":87}}]},"24":{"loc":{"start":{"line":180,"column":7},"end":{"line":180,"column":83}},"type":"binary-expr","locations":[{"start":{"line":180,"column":7},"end":{"line":180,"column":22}},{"start":{"line":180,"column":27},"end":{"line":180,"column":36}},{"start":{"line":180,"column":41},"end":{"line":180,"column":48}},{"start":{"line":180,"column":52},"end":{"line":180,"column":58}},{"start":{"line":180,"column":64},"end":{"line":180,"column":83}}]}},"s":{"0":0,"1":0,"2":0,"3":0,"4":0,"5":0,"6":0,"7":0,"8":0,"9":0,"10":0,"11":0,"12":0,"13":0,"14":0,"15":0,"16":0,"17":0,"18":0,"19":0,"20":0,"21":0,"22":0,"23":0,"24":0,"25":0,"26":0,"27":0,"28":0,"29":0,"30":0,"31":0,"32":0,"33":0,"34":0,"35":0,"36":0,"37":0,"38":0},"f":{"0":0,"1":0,"2":0,"3":0,"4":0,"5":0,"6":0,"7":0,"8":0},"b":{"0":[0],"1":[0],"2":[0],"3":[0],"4":[0],"5":[0],"6":[0],"7":[0],"8":[0],"9":[0],"10":[0],"11":[0,0],"12":[0],"13":[0],"14":[0,0],"15":[0,0],"16":[0,0],"17":[0,0],"18":[0,0],"19":[0,0,0],"20":[0,0],"21":[0],"22":[0],"23":[0,0,0,0,0],"24":[0,0,0,0,0]}}
,"C:\\Jirad-python\\mydebugger\\src\\design-system\\components\\feedback\\Alert.tsx": {"path":"C:\\Jirad-python\\mydebugger\\src\\design-system\\components\\feedback\\Alert.tsx","statementMap":{"0":{"start":{"line":1,"column":0},"end":{"line":1,"column":26}},"1":{"start":{"line":89,"column":43},"end":{"line":217,"column":1}},"2":{"start":{"line":102,"column":32},"end":{"line":102,"column":52}},"3":{"start":{"line":103,"column":36},"end":{"line":103,"column":57}},"4":{"start":{"line":105,"column":2},"end":{"line":107,"column":3}},"5":{"start":{"line":106,"column":4},"end":{"line":106,"column":16}},"6":{"start":{"line":110,"column":24},"end":{"line":120,"column":3}},"7":{"start":{"line":111,"column":4},"end":{"line":111,"column":23}},"8":{"start":{"line":114,"column":4},"end":{"line":119,"column":12}},"9":{"start":{"line":115,"column":6},"end":{"line":115,"column":24}},"10":{"start":{"line":116,"column":6},"end":{"line":118,"column":7}},"11":{"start":{"line":117,"column":8},"end":{"line":117,"column":20}},"12":{"start":{"line":123,"column":22},"end":{"line":160,"column":4}},"13":{"start":{"line":162,"column":16},"end":{"line":162,"column":79}},"14":{"start":{"line":165,"column":27},"end":{"line":167,"column":50}},"15":{"start":{"line":169,"column":2},"end":{"line":216,"column":4}},"16":{"start":{"line":89,"column":13},"end":{"line":89,"column":43}}},"fnMap":{"0":{"name":"(anonymous_1)","decl":{"start":{"line":89,"column":43},"end":{"line":89,"column":44}},"loc":{"start":{"line":101,"column":5},"end":{"line":217,"column":1}}},"1":{"name":"(anonymous_2)","decl":{"start":{"line":110,"column":24},"end":{"line":110,"column":27}},"loc":{"start":{"line":110,"column":29},"end":{"line":120,"column":3}}},"2":{"name":"(anonymous_3)","decl":{"start":{"line":114,"column":15},"end":{"line":114,"column":18}},"loc":{"start":{"line":114,"column":20},"end":{"line":119,"column":5}}}},"branchMap":{"0":{"loc":{"start":{"line":90,"column":2},"end":{"line":90,"column":15}},"type":"default-arg","locations":[{"start":{"line":90,"column":9},"end":{"line":90,"column":15}}]},"1":{"loc":{"start":{"line":93,"column":2},"end":{"line":93,"column":17}},"type":"default-arg","locations":[{"start":{"line":93,"column":13},"end":{"line":93,"column":17}}]},"2":{"loc":{"start":{"line":94,"column":2},"end":{"line":94,"column":21}},"type":"default-arg","locations":[{"start":{"line":94,"column":16},"end":{"line":94,"column":21}}]},"3":{"loc":{"start":{"line":96,"column":2},"end":{"line":96,"column":16}},"type":"default-arg","locations":[{"start":{"line":96,"column":14},"end":{"line":96,"column":16}}]},"4":{"loc":{"start":{"line":97,"column":2},"end":{"line":97,"column":25}},"type":"default-arg","locations":[{"start":{"line":97,"column":23},"end":{"line":97,"column":25}}]},"5":{"loc":{"start":{"line":98,"column":2},"end":{"line":98,"column":18}},"type":"default-arg","locations":[{"start":{"line":98,"column":13},"end":{"line":98,"column":18}}]},"6":{"loc":{"start":{"line":105,"column":2},"end":{"line":107,"column":3}},"type":"if","locations":[{"start":{"line":105,"column":2},"end":{"line":107,"column":3}}]},"7":{"loc":{"start":{"line":116,"column":6},"end":{"line":118,"column":7}},"type":"if","locations":[{"start":{"line":116,"column":6},"end":{"line":118,"column":7}}]},"8":{"loc":{"start":{"line":162,"column":16},"end":{"line":162,"column":79}},"type":"cond-expr","locations":[{"start":{"line":162,"column":27},"end":{"line":162,"column":53}},{"start":{"line":162,"column":56},"end":{"line":162,"column":79}}]},"9":{"loc":{"start":{"line":165,"column":27},"end":{"line":167,"column":50}},"type":"cond-expr","locations":[{"start":{"line":166,"column":6},"end":{"line":166,"column":81}},{"start":{"line":167,"column":6},"end":{"line":167,"column":50}}]},"10":{"loc":{"start":{"line":177,"column":11},"end":{"line":182,"column":null}},"type":"binary-expr","locations":[{"start":{"line":177,"column":11},"end":{"line":177,"column":19}},{"start":{"line":178,"column":12},"end":{"line":181,"column":null}}]},"11":{"loc":{"start":{"line":185,"column":13},"end":{"line":185,"column":75}},"type":"binary-expr","locations":[{"start":{"line":185,"column":13},"end":{"line":185,"column":18}},{"start":{"line":185,"column":22},"end":{"line":185,"column":75}}]},"12":{"loc":{"start":{"line":187,"column":13},"end":{"line":187,"column":59}},"type":"binary-expr","locations":[{"start":{"line":187,"column":13},"end":{"line":187,"column":19}},{"start":{"line":187,"column":23},"end":{"line":187,"column":59}}]},"13":{"loc":{"start":{"line":191,"column":9},"end":{"line":212,"column":null}},"type":"binary-expr","locations":[{"start":{"line":191,"column":9},"end":{"line":191,"column":20}},{"start":{"line":192,"column":10},"end":{"line":211,"column":null}}]}},"s":{"0":1,"1":1,"2":7,"3":7,"4":7,"5":0,"6":7,"7":0,"8":0,"9":0,"10":0,"11":0,"12":7,"13":7,"14":7,"15":7,"16":1},"f":{"0":7,"1":0,"2":0},"b":{"0":[6],"1":[6],"2":[6],"3":[7],"4":[7],"5":[6],"6":[0],"7":[0],"8":[1,6],"9":[0,7],"10":[7,6],"11":[7,1],"12":[7,1],"13":[7,1]}}
,"C:\\Jirad-python\\mydebugger\\src\\design-system\\components\\feedback\\LoadingSpinner.tsx": {"path":"C:\\Jirad-python\\mydebugger\\src\\design-system\\components\\feedback\\LoadingSpinner.tsx","statementMap":{"0":{"start":{"line":29,"column":61},"end":{"line":64,"column":1}},"1":{"start":{"line":35,"column":22},"end":{"line":39,"column":4}},"2":{"start":{"line":42,"column":4},"end":{"line":47,"column":null}},"3":{"start":{"line":51,"column":2},"end":{"line":57,"column":3}},"4":{"start":{"line":52,"column":4},"end":{"line":56,"column":6}},"5":{"start":{"line":59,"column":2},"end":{"line":63,"column":4}}},"fnMap":{"0":{"name":"(anonymous_0)","decl":{"start":{"line":29,"column":61},"end":{"line":29,"column":62}},"loc":{"start":{"line":34,"column":5},"end":{"line":64,"column":1}}}},"branchMap":{"0":{"loc":{"start":{"line":30,"column":2},"end":{"line":30,"column":13}},"type":"default-arg","locations":[{"start":{"line":30,"column":9},"end":{"line":30,"column":13}}]},"1":{"loc":{"start":{"line":31,"column":2},"end":{"line":31,"column":28}},"type":"default-arg","locations":[{"start":{"line":31,"column":10},"end":{"line":31,"column":28}}]},"2":{"loc":{"start":{"line":32,"column":2},"end":{"line":32,"column":20}},"type":"default-arg","locations":[{"start":{"line":32,"column":15},"end":{"line":32,"column":20}}]},"3":{"loc":{"start":{"line":33,"column":2},"end":{"line":33,"column":16}},"type":"default-arg","locations":[{"start":{"line":33,"column":14},"end":{"line":33,"column":16}}]},"4":{"loc":{"start":{"line":51,"column":2},"end":{"line":57,"column":3}},"type":"if","locations":[{"start":{"line":51,"column":2},"end":{"line":57,"column":3}}]}},"s":{"0":0,"1":0,"2":0,"3":0,"4":0,"5":0},"f":{"0":0},"b":{"0":[0],"1":[0],"2":[0],"3":[0],"4":[0]}}
,"C:\\Jirad-python\\mydebugger\\src\\design-system\\components\\feedback\\Skeleton.tsx": {"path":"C:\\Jirad-python\\mydebugger\\src\\design-system\\components\\feedback\\Skeleton.tsx","statementMap":{"0":{"start":{"line":25,"column":49},"end":{"line":123,"column":1}},"1":{"start":{"line":36,"column":22},"end":{"line":36,"column":52}},"2":{"start":{"line":39,"column":25},"end":{"line":39,"column":55}},"3":{"start":{"line":42,"column":24},"end":{"line":49,"column":4}},"4":{"start":{"line":52,"column":24},"end":{"line":64,"column":3}},"5":{"start":{"line":53,"column":40},"end":{"line":53,"column":42}},"6":{"start":{"line":55,"column":4},"end":{"line":57,"column":5}},"7":{"start":{"line":56,"column":6},"end":{"line":56,"column":70}},"8":{"start":{"line":59,"column":4},"end":{"line":61,"column":5}},"9":{"start":{"line":60,"column":6},"end":{"line":60,"column":74}},"10":{"start":{"line":63,"column":4},"end":{"line":63,"column":18}},"11":{"start":{"line":67,"column":28},"end":{"line":86,"column":3}},"12":{"start":{"line":68,"column":4},"end":{"line":85,"column":5}},"13":{"start":{"line":70,"column":8},"end":{"line":70,"column":50}},"14":{"start":{"line":72,"column":8},"end":{"line":72,"column":52}},"15":{"start":{"line":74,"column":8},"end":{"line":74,"column":54}},"16":{"start":{"line":76,"column":8},"end":{"line":76,"column":54}},"17":{"start":{"line":78,"column":8},"end":{"line":78,"column":52}},"18":{"start":{"line":80,"column":8},"end":{"line":80,"column":52}},"19":{"start":{"line":82,"column":8},"end":{"line":82,"column":54}},"20":{"start":{"line":84,"column":8},"end":{"line":84,"column":18}},"21":{"start":{"line":89,"column":26},"end":{"line":94,"column":13}},"22":{"start":{"line":97,"column":46},"end":{"line":101,"column":8}},"23":{"start":{"line":104,"column":20},"end":{"line":111,"column":4}},"24":{"start":{"line":105,"column":4},"end":{"line":106,"column":null}},"25":{"start":{"line":114,"column":2},"end":{"line":116,"column":3}},"26":{"start":{"line":115,"column":4},"end":{"line":115,"column":24}},"27":{"start":{"line":118,"column":2},"end":{"line":122,"column":4}}},"fnMap":{"0":{"name":"(anonymous_0)","decl":{"start":{"line":25,"column":49},"end":{"line":25,"column":50}},"loc":{"start":{"line":34,"column":5},"end":{"line":123,"column":1}}},"1":{"name":"(anonymous_1)","decl":{"start":{"line":52,"column":24},"end":{"line":52,"column":27}},"loc":{"start":{"line":52,"column":29},"end":{"line":64,"column":3}}},"2":{"name":"(anonymous_2)","decl":{"start":{"line":67,"column":28},"end":{"line":67,"column":31}},"loc":{"start":{"line":67,"column":33},"end":{"line":86,"column":3}}},"3":{"name":"(anonymous_3)","decl":{"start":{"line":104,"column":50},"end":{"line":104,"column":51}},"loc":{"start":{"line":105,"column":4},"end":{"line":106,"column":null}}}},"branchMap":{"0":{"loc":{"start":{"line":26,"column":2},"end":{"line":26,"column":18}},"type":"default-arg","locations":[{"start":{"line":26,"column":12},"end":{"line":26,"column":18}}]},"1":{"loc":{"start":{"line":29,"column":2},"end":{"line":29,"column":16}},"type":"default-arg","locations":[{"start":{"line":29,"column":12},"end":{"line":29,"column":16}}]},"2":{"loc":{"start":{"line":30,"column":2},"end":{"line":30,"column":16}},"type":"default-arg","locations":[{"start":{"line":30,"column":14},"end":{"line":30,"column":16}}]},"3":{"loc":{"start":{"line":31,"column":2},"end":{"line":31,"column":15}},"type":"default-arg","locations":[{"start":{"line":31,"column":11},"end":{"line":31,"column":15}}]},"4":{"loc":{"start":{"line":32,"column":2},"end":{"line":32,"column":11}},"type":"default-arg","locations":[{"start":{"line":32,"column":10},"end":{"line":32,"column":11}}]},"5":{"loc":{"start":{"line":33,"column":2},"end":{"line":33,"column":16}},"type":"default-arg","locations":[{"start":{"line":33,"column":8},"end":{"line":33,"column":16}}]},"6":{"loc":{"start":{"line":39,"column":25},"end":{"line":39,"column":55}},"type":"cond-expr","locations":[{"start":{"line":39,"column":35},"end":{"line":39,"column":50}},{"start":{"line":39,"column":53},"end":{"line":39,"column":55}}]},"7":{"loc":{"start":{"line":55,"column":4},"end":{"line":57,"column":5}},"type":"if","locations":[{"start":{"line":55,"column":4},"end":{"line":57,"column":5}}]},"8":{"loc":{"start":{"line":56,"column":21},"end":{"line":56,"column":69}},"type":"cond-expr","locations":[{"start":{"line":56,"column":49},"end":{"line":56,"column":61}},{"start":{"line":56,"column":64},"end":{"line":56,"column":69}}]},"9":{"loc":{"start":{"line":59,"column":4},"end":{"line":61,"column":5}},"type":"if","locations":[{"start":{"line":59,"column":4},"end":{"line":61,"column":5}}]},"10":{"loc":{"start":{"line":60,"column":22},"end":{"line":60,"column":73}},"type":"cond-expr","locations":[{"start":{"line":60,"column":51},"end":{"line":60,"column":64}},{"start":{"line":60,"column":67},"end":{"line":60,"column":73}}]},"11":{"loc":{"start":{"line":68,"column":4},"end":{"line":85,"column":5}},"type":"switch","locations":[{"start":{"line":69,"column":6},"end":{"line":70,"column":50}},{"start":{"line":71,"column":6},"end":{"line":72,"column":52}},{"start":{"line":73,"column":6},"end":{"line":74,"column":54}},{"start":{"line":75,"column":6},"end":{"line":76,"column":54}},{"start":{"line":77,"column":6},"end":{"line":78,"column":52}},{"start":{"line":79,"column":6},"end":{"line":80,"column":52}},{"start":{"line":81,"column":6},"end":{"line":82,"column":54}},{"start":{"line":83,"column":6},"end":{"line":84,"column":18}}]},"12":{"loc":{"start":{"line":97,"column":46},"end":{"line":101,"column":8}},"type":"cond-expr","locations":[{"start":{"line":97,"column":58},"end":{"line":101,"column":4}},{"start":{"line":101,"column":6},"end":{"line":101,"column":8}}]},"13":{"loc":{"start":{"line":100,"column":9},"end":{"line":100,"column":51}},"type":"cond-expr","locations":[{"start":{"line":100,"column":35},"end":{"line":100,"column":45}},{"start":{"line":100,"column":48},"end":{"line":100,"column":51}}]},"14":{"loc":{"start":{"line":114,"column":2},"end":{"line":116,"column":3}},"type":"if","locations":[{"start":{"line":114,"column":2},"end":{"line":116,"column":3}}]}},"s":{"0":0,"1":0,"2":0,"3":0,"4":0,"5":0,"6":0,"7":0,"8":0,"9":0,"10":0,"11":0,"12":0,"13":0,"14":0,"15":0,"16":0,"17":0,"18":0,"19":0,"20":0,"21":0,"22":0,"23":0,"24":0,"25":0,"26":0,"27":0},"f":{"0":0,"1":0,"2":0,"3":0},"b":{"0":[0],"1":[0],"2":[0],"3":[0],"4":[0],"5":[0],"6":[0,0],"7":[0],"8":[0,0],"9":[0],"10":[0,0],"11":[0,0,0,0,0,0,0,0],"12":[0,0],"13":[0,0],"14":[0]}}
,"C:\\Jirad-python\\mydebugger\\src\\design-system\\components\\feedback\\Toast.tsx": {"path":"C:\\Jirad-python\\mydebugger\\src\\design-system\\components\\feedback\\Toast.tsx","statementMap":{"0":{"start":{"line":30,"column":21},"end":{"line":30,"column":76}},"1":{"start":{"line":43,"column":59},"end":{"line":135,"column":1}},"2":{"start":{"line":49,"column":30},"end":{"line":49,"column":51}},"3":{"start":{"line":52,"column":22},"end":{"line":54,"column":8}},"4":{"start":{"line":53,"column":4},"end":{"line":53,"column":61}},"5":{"start":{"line":53,"column":22},"end":{"line":53,"column":59}},"6":{"start":{"line":53,"column":43},"end":{"line":53,"column":58}},"7":{"start":{"line":57,"column":19},"end":{"line":77,"column":51}},"8":{"start":{"line":58,"column":15},"end":{"line":58,"column":82}},"9":{"start":{"line":60,"column":28},"end":{"line":65,"column":6}},"10":{"start":{"line":68,"column":4},"end":{"line":74,"column":7}},"11":{"start":{"line":69,"column":28},"end":{"line":69,"column":47}},"12":{"start":{"line":70,"column":6},"end":{"line":72,"column":7}},"13":{"start":{"line":71,"column":8},"end":{"line":71,"column":47}},"14":{"start":{"line":73,"column":6},"end":{"line":73,"column":27}},"15":{"start":{"line":76,"column":4},"end":{"line":76,"column":14}},"16":{"start":{"line":80,"column":22},"end":{"line":82,"column":8}},"17":{"start":{"line":81,"column":4},"end":{"line":81,"column":18}},"18":{"start":{"line":85,"column":30},"end":{"line":100,"column":31}},"19":{"start":{"line":86,"column":51},"end":{"line":93,"column":6}},"20":{"start":{"line":95,"column":4},"end":{"line":97,"column":7}},"21":{"start":{"line":96,"column":6},"end":{"line":96,"column":60}},"22":{"start":{"line":99,"column":4},"end":{"line":99,"column":18}},"23":{"start":{"line":103,"column":23},"end":{"line":107,"column":4}},"24":{"start":{"line":109,"column":22},"end":{"line":109,"column":43}},"25":{"start":{"line":111,"column":2},"end":{"line":134,"column":4}},"26":{"start":{"line":117,"column":8},"end":{"line":130,"column":null}},"27":{"start":{"line":124,"column":14},"end":{"line":125,"column":null}},"28":{"start":{"line":127,"column":31},"end":{"line":127,"column":52}},"29":{"start":{"line":138,"column":27},"end":{"line":155,"column":1}},"30":{"start":{"line":139,"column":2},"end":{"line":154,"column":3}},"31":{"start":{"line":141,"column":6},"end":{"line":141,"column":40}},"32":{"start":{"line":143,"column":6},"end":{"line":143,"column":60}},"33":{"start":{"line":145,"column":6},"end":{"line":145,"column":39}},"34":{"start":{"line":147,"column":6},"end":{"line":147,"column":43}},"35":{"start":{"line":149,"column":6},"end":{"line":149,"column":63}},"36":{"start":{"line":151,"column":6},"end":{"line":151,"column":42}},"37":{"start":{"line":153,"column":6},"end":{"line":153,"column":42}},"38":{"start":{"line":163,"column":44},"end":{"line":253,"column":1}},"39":{"start":{"line":164,"column":72},"end":{"line":164,"column":77}},"40":{"start":{"line":167,"column":2},"end":{"line":175,"column":17}},"41":{"start":{"line":168,"column":4},"end":{"line":168,"column":38}},"42":{"start":{"line":168,"column":31},"end":{"line":168,"column":38}},"43":{"start":{"line":170,"column":18},"end":{"line":172,"column":16}},"44":{"start":{"line":171,"column":6},"end":{"line":171,"column":20}},"45":{"start":{"line":174,"column":4},"end":{"line":174,"column":37}},"46":{"start":{"line":174,"column":17},"end":{"line":174,"column":36}},"47":{"start":{"line":178,"column":22},"end":{"line":183,"column":29}},"48":{"start":{"line":179,"column":4},"end":{"line":181,"column":5}},"49":{"start":{"line":180,"column":6},"end":{"line":180,"column":21}},"50":{"start":{"line":182,"column":4},"end":{"line":182,"column":14}},"51":{"start":{"line":186,"column":22},"end":{"line":212,"column":4}},"52":{"start":{"line":214,"column":41},"end":{"line":214,"column":58}},"53":{"start":{"line":216,"column":2},"end":{"line":252,"column":4}},"54":{"start":{"line":256,"column":20},"end":{"line":280,"column":2}},"55":{"start":{"line":283,"column":0},"end":{"line":287,"column":1}},"56":{"start":{"line":284,"column":18},"end":{"line":284,"column":49}},"57":{"start":{"line":285,"column":2},"end":{"line":285,"column":36}},"58":{"start":{"line":286,"column":2},"end":{"line":286,"column":37}},"59":{"start":{"line":290,"column":24},"end":{"line":296,"column":1}},"60":{"start":{"line":291,"column":18},"end":{"line":291,"column":42}},"61":{"start":{"line":292,"column":2},"end":{"line":294,"column":3}},"62":{"start":{"line":293,"column":4},"end":{"line":293,"column":68}},"63":{"start":{"line":295,"column":2},"end":{"line":295,"column":17}},"64":{"start":{"line":299,"column":21},"end":{"line":340,"column":2}},"65":{"start":{"line":301,"column":20},"end":{"line":301,"column":44}},"66":{"start":{"line":302,"column":4},"end":{"line":305,"column":5}},"67":{"start":{"line":303,"column":6},"end":{"line":303,"column":48}},"68":{"start":{"line":304,"column":6},"end":{"line":304,"column":16}},"69":{"start":{"line":306,"column":4},"end":{"line":306,"column":70}},"70":{"start":{"line":309,"column":20},"end":{"line":309,"column":44}},"71":{"start":{"line":310,"column":4},"end":{"line":313,"column":5}},"72":{"start":{"line":311,"column":6},"end":{"line":311,"column":48}},"73":{"start":{"line":312,"column":6},"end":{"line":312,"column":16}},"74":{"start":{"line":314,"column":4},"end":{"line":314,"column":67}},"75":{"start":{"line":317,"column":20},"end":{"line":317,"column":44}},"76":{"start":{"line":318,"column":4},"end":{"line":321,"column":5}},"77":{"start":{"line":319,"column":6},"end":{"line":319,"column":48}},"78":{"start":{"line":320,"column":6},"end":{"line":320,"column":16}},"79":{"start":{"line":322,"column":4},"end":{"line":322,"column":70}},"80":{"start":{"line":325,"column":20},"end":{"line":325,"column":44}},"81":{"start":{"line":326,"column":4},"end":{"line":329,"column":5}},"82":{"start":{"line":327,"column":6},"end":{"line":327,"column":48}},"83":{"start":{"line":328,"column":6},"end":{"line":328,"column":16}},"84":{"start":{"line":330,"column":4},"end":{"line":330,"column":70}},"85":{"start":{"line":333,"column":20},"end":{"line":333,"column":44}},"86":{"start":{"line":334,"column":4},"end":{"line":337,"column":5}},"87":{"start":{"line":335,"column":6},"end":{"line":335,"column":48}},"88":{"start":{"line":336,"column":6},"end":{"line":336,"column":16}},"89":{"start":{"line":338,"column":4},"end":{"line":338,"column":68}}},"fnMap":{"0":{"name":"(anonymous_0)","decl":{"start":{"line":43,"column":59},"end":{"line":43,"column":60}},"loc":{"start":{"line":48,"column":5},"end":{"line":135,"column":1}}},"1":{"name":"(anonymous_1)","decl":{"start":{"line":52,"column":34},"end":{"line":52,"column":35}},"loc":{"start":{"line":52,"column":49},"end":{"line":54,"column":3}}},"2":{"name":"(anonymous_2)","decl":{"start":{"line":53,"column":14},"end":{"line":53,"column":18}},"loc":{"start":{"line":53,"column":22},"end":{"line":53,"column":59}}},"3":{"name":"(anonymous_3)","decl":{"start":{"line":53,"column":34},"end":{"line":53,"column":39}},"loc":{"start":{"line":53,"column":43},"end":{"line":53,"column":58}}},"4":{"name":"(anonymous_4)","decl":{"start":{"line":57,"column":31},"end":{"line":57,"column":32}},"loc":{"start":{"line":57,"column":60},"end":{"line":77,"column":3}}},"5":{"name":"(anonymous_5)","decl":{"start":{"line":68,"column":14},"end":{"line":68,"column":18}},"loc":{"start":{"line":68,"column":21},"end":{"line":74,"column":5}}},"6":{"name":"(anonymous_6)","decl":{"start":{"line":80,"column":34},"end":{"line":80,"column":37}},"loc":{"start":{"line":80,"column":39},"end":{"line":82,"column":3}}},"7":{"name":"(anonymous_7)","decl":{"start":{"line":85,"column":42},"end":{"line":85,"column":45}},"loc":{"start":{"line":85,"column":47},"end":{"line":100,"column":3}}},"8":{"name":"(anonymous_8)","decl":{"start":{"line":95,"column":19},"end":{"line":95,"column":24}},"loc":{"start":{"line":95,"column":27},"end":{"line":97,"column":5}}},"9":{"name":"(anonymous_9)","decl":{"start":{"line":116,"column":39},"end":{"line":116,"column":40}},"loc":{"start":{"line":117,"column":8},"end":{"line":130,"column":null}}},"10":{"name":"(anonymous_10)","decl":{"start":{"line":123,"column":32},"end":{"line":123,"column":37}},"loc":{"start":{"line":124,"column":14},"end":{"line":125,"column":null}}},"11":{"name":"(anonymous_11)","decl":{"start":{"line":127,"column":25},"end":{"line":127,"column":28}},"loc":{"start":{"line":127,"column":31},"end":{"line":127,"column":52}}},"12":{"name":"(anonymous_12)","decl":{"start":{"line":138,"column":27},"end":{"line":138,"column":28}},"loc":{"start":{"line":138,"column":63},"end":{"line":155,"column":1}}},"13":{"name":"(anonymous_13)","decl":{"start":{"line":163,"column":44},"end":{"line":163,"column":45}},"loc":{"start":{"line":163,"column":67},"end":{"line":253,"column":1}}},"14":{"name":"(anonymous_14)","decl":{"start":{"line":167,"column":12},"end":{"line":167,"column":15}},"loc":{"start":{"line":167,"column":17},"end":{"line":175,"column":3}}},"15":{"name":"(anonymous_15)","decl":{"start":{"line":170,"column":29},"end":{"line":170,"column":32}},"loc":{"start":{"line":170,"column":34},"end":{"line":172,"column":5}}},"16":{"name":"(anonymous_16)","decl":{"start":{"line":174,"column":11},"end":{"line":174,"column":14}},"loc":{"start":{"line":174,"column":17},"end":{"line":174,"column":36}}},"17":{"name":"(anonymous_17)","decl":{"start":{"line":178,"column":34},"end":{"line":178,"column":37}},"loc":{"start":{"line":178,"column":39},"end":{"line":183,"column":3}}},"18":{"name":"(anonymous_18)","decl":{"start":{"line":290,"column":24},"end":{"line":290,"column":46}},"loc":{"start":{"line":290,"column":48},"end":{"line":296,"column":1}}},"19":{"name":"(anonymous_19)","decl":{"start":{"line":300,"column":8},"end":{"line":300,"column":9}},"loc":{"start":{"line":300,"column":81},"end":{"line":307,"column":3}}},"20":{"name":"(anonymous_20)","decl":{"start":{"line":308,"column":8},"end":{"line":308,"column":9}},"loc":{"start":{"line":308,"column":81},"end":{"line":315,"column":3}}},"21":{"name":"(anonymous_21)","decl":{"start":{"line":316,"column":11},"end":{"line":316,"column":12}},"loc":{"start":{"line":316,"column":84},"end":{"line":323,"column":3}}},"22":{"name":"(anonymous_22)","decl":{"start":{"line":324,"column":11},"end":{"line":324,"column":12}},"loc":{"start":{"line":324,"column":84},"end":{"line":331,"column":3}}},"23":{"name":"(anonymous_23)","decl":{"start":{"line":332,"column":9},"end":{"line":332,"column":10}},"loc":{"start":{"line":332,"column":82},"end":{"line":339,"column":3}}}},"branchMap":{"0":{"loc":{"start":{"line":45,"column":2},"end":{"line":45,"column":34}},"type":"default-arg","locations":[{"start":{"line":45,"column":20},"end":{"line":45,"column":34}}]},"1":{"loc":{"start":{"line":46,"column":2},"end":{"line":46,"column":24}},"type":"default-arg","locations":[{"start":{"line":46,"column":20},"end":{"line":46,"column":24}}]},"2":{"loc":{"start":{"line":47,"column":2},"end":{"line":47,"column":15}},"type":"default-arg","locations":[{"start":{"line":47,"column":14},"end":{"line":47,"column":15}}]},"3":{"loc":{"start":{"line":63,"column":16},"end":{"line":63,"column":49}},"type":"binary-expr","locations":[{"start":{"line":63,"column":16},"end":{"line":63,"column":30}},{"start":{"line":63,"column":34},"end":{"line":63,"column":49}}]},"4":{"loc":{"start":{"line":64,"column":16},"end":{"line":64,"column":49}},"type":"binary-expr","locations":[{"start":{"line":64,"column":16},"end":{"line":64,"column":30}},{"start":{"line":64,"column":34},"end":{"line":64,"column":49}}]},"5":{"loc":{"start":{"line":70,"column":6},"end":{"line":72,"column":7}},"type":"if","locations":[{"start":{"line":70,"column":6},"end":{"line":72,"column":7}}]},"6":{"loc":{"start":{"line":96,"column":13},"end":{"line":96,"column":46}},"type":"binary-expr","locations":[{"start":{"line":96,"column":13},"end":{"line":96,"column":27}},{"start":{"line":96,"column":31},"end":{"line":96,"column":46}}]},"7":{"loc":{"start":{"line":117,"column":8},"end":{"line":130,"column":null}},"type":"binary-expr","locations":[{"start":{"line":117,"column":8},"end":{"line":117,"column":33}},{"start":{"line":118,"column":10},"end":{"line":119,"column":null}}]},"8":{"loc":{"start":{"line":139,"column":2},"end":{"line":154,"column":3}},"type":"switch","locations":[{"start":{"line":140,"column":4},"end":{"line":141,"column":40}},{"start":{"line":142,"column":4},"end":{"line":143,"column":60}},{"start":{"line":144,"column":4},"end":{"line":145,"column":39}},{"start":{"line":146,"column":4},"end":{"line":147,"column":43}},{"start":{"line":148,"column":4},"end":{"line":149,"column":63}},{"start":{"line":150,"column":4},"end":{"line":151,"column":42}},{"start":{"line":152,"column":4},"end":{"line":153,"column":42}}]},"9":{"loc":{"start":{"line":168,"column":4},"end":{"line":168,"column":38}},"type":"if","locations":[{"start":{"line":168,"column":4},"end":{"line":168,"column":38}}]},"10":{"loc":{"start":{"line":179,"column":4},"end":{"line":181,"column":5}},"type":"if","locations":[{"start":{"line":179,"column":4},"end":{"line":181,"column":5}}]},"11":{"loc":{"start":{"line":223,"column":7},"end":{"line":230,"column":null}},"type":"binary-expr","locations":[{"start":{"line":223,"column":7},"end":{"line":223,"column":28}},{"start":{"line":224,"column":8},"end":{"line":229,"column":null}}]},"12":{"loc":{"start":{"line":236,"column":9},"end":{"line":237,"column":null}},"type":"binary-expr","locations":[{"start":{"line":236,"column":9},"end":{"line":236,"column":14}},{"start":{"line":237,"column":10},"end":{"line":237,"column":81}}]},"13":{"loc":{"start":{"line":283,"column":0},"end":{"line":287,"column":1}},"type":"if","locations":[{"start":{"line":283,"column":0},"end":{"line":287,"column":1}}]},"14":{"loc":{"start":{"line":292,"column":2},"end":{"line":294,"column":3}},"type":"if","locations":[{"start":{"line":292,"column":2},"end":{"line":294,"column":3}}]},"15":{"loc":{"start":{"line":302,"column":4},"end":{"line":305,"column":5}},"type":"if","locations":[{"start":{"line":302,"column":4},"end":{"line":305,"column":5}}]},"16":{"loc":{"start":{"line":310,"column":4},"end":{"line":313,"column":5}},"type":"if","locations":[{"start":{"line":310,"column":4},"end":{"line":313,"column":5}}]},"17":{"loc":{"start":{"line":318,"column":4},"end":{"line":321,"column":5}},"type":"if","locations":[{"start":{"line":318,"column":4},"end":{"line":321,"column":5}}]},"18":{"loc":{"start":{"line":326,"column":4},"end":{"line":329,"column":5}},"type":"if","locations":[{"start":{"line":326,"column":4},"end":{"line":329,"column":5}}]},"19":{"loc":{"start":{"line":334,"column":4},"end":{"line":337,"column":5}},"type":"if","locations":[{"start":{"line":334,"column":4},"end":{"line":337,"column":5}}]}},"s":{"0":0,"1":0,"2":0,"3":0,"4":0,"5":0,"6":0,"7":0,"8":0,"9":0,"10":0,"11":0,"12":0,"13":0,"14":0,"15":0,"16":0,"17":0,"18":0,"19":0,"20":0,"21":0,"22":0,"23":0,"24":0,"25":0,"26":0,"27":0,"28":0,"29":0,"30":0,"31":0,"32":0,"33":0,"34":0,"35":0,"36":0,"37":0,"38":0,"39":0,"40":0,"41":0,"42":0,"43":0,"44":0,"45":0,"46":0,"47":0,"48":0,"49":0,"50":0,"51":0,"52":0,"53":0,"54":0,"55":0,"56":0,"57":0,"58":0,"59":0,"60":0,"61":0,"62":0,"63":0,"64":0,"65":0,"66":0,"67":0,"68":0,"69":0,"70":0,"71":0,"72":0,"73":0,"74":0,"75":0,"76":0,"77":0,"78":0,"79":0,"80":0,"81":0,"82":0,"83":0,"84":0,"85":0,"86":0,"87":0,"88":0,"89":0},"f":{"0":0,"1":0,"2":0,"3":0,"4":0,"5":0,"6":0,"7":0,"8":0,"9":0,"10":0,"11":0,"12":0,"13":0,"14":0,"15":0,"16":0,"17":0,"18":0,"19":0,"20":0,"21":0,"22":0,"23":0},"b":{"0":[0],"1":[0],"2":[0],"3":[0,0],"4":[0,0],"5":[0],"6":[0,0],"7":[0,0],"8":[0,0,0,0,0,0,0],"9":[0],"10":[0],"11":[0,0],"12":[0,0],"13":[0],"14":[0],"15":[0],"16":[0],"17":[0],"18":[0],"19":[0]}}
,"C:\\Jirad-python\\mydebugger\\src\\design-system\\components\\inputs\\Button.tsx": {"path":"C:\\Jirad-python\\mydebugger\\src\\design-system\\components\\inputs\\Button.tsx","statementMap":{"0":{"start":{"line":1,"column":0},"end":{"line":1,"column":75}},"1":{"start":{"line":2,"column":0},"end":{"line":2,"column":38}},"2":{"start":{"line":108,"column":13},"end":{"line":327,"column":2}},"3":{"start":{"line":128,"column":24},"end":{"line":128,"column":154}},"4":{"start":{"line":131,"column":26},"end":{"line":137,"column":6}},"5":{"start":{"line":140,"column":24},"end":{"line":146,"column":6}},"6":{"start":{"line":149,"column":24},"end":{"line":149,"column":128}},"7":{"start":{"line":152,"column":30},"end":{"line":236,"column":5}},"8":{"start":{"line":154,"column":6},"end":{"line":156,"column":7}},"9":{"start":{"line":155,"column":8},"end":{"line":155,"column":237}},"10":{"start":{"line":157,"column":6},"end":{"line":159,"column":7}},"11":{"start":{"line":158,"column":8},"end":{"line":158,"column":237}},"12":{"start":{"line":160,"column":6},"end":{"line":162,"column":7}},"13":{"start":{"line":161,"column":8},"end":{"line":161,"column":241}},"14":{"start":{"line":163,"column":6},"end":{"line":165,"column":7}},"15":{"start":{"line":164,"column":8},"end":{"line":164,"column":233}},"16":{"start":{"line":166,"column":6},"end":{"line":168,"column":7}},"17":{"start":{"line":167,"column":8},"end":{"line":167,"column":245}},"18":{"start":{"line":169,"column":6},"end":{"line":171,"column":7}},"19":{"start":{"line":170,"column":8},"end":{"line":170,"column":237}},"20":{"start":{"line":172,"column":6},"end":{"line":174,"column":7}},"21":{"start":{"line":173,"column":8},"end":{"line":173,"column":240}},"22":{"start":{"line":175,"column":6},"end":{"line":177,"column":7}},"23":{"start":{"line":176,"column":8},"end":{"line":176,"column":234}},"24":{"start":{"line":178,"column":6},"end":{"line":180,"column":7}},"25":{"start":{"line":179,"column":8},"end":{"line":179,"column":309}},"26":{"start":{"line":183,"column":6},"end":{"line":209,"column":7}},"27":{"start":{"line":184,"column":22},"end":{"line":184,"column":43}},"28":{"start":{"line":185,"column":8},"end":{"line":187,"column":9}},"29":{"start":{"line":186,"column":10},"end":{"line":186,"column":342}},"30":{"start":{"line":188,"column":8},"end":{"line":190,"column":9}},"31":{"start":{"line":189,"column":10},"end":{"line":189,"column":341}},"32":{"start":{"line":191,"column":8},"end":{"line":193,"column":9}},"33":{"start":{"line":192,"column":10},"end":{"line":192,"column":350}},"34":{"start":{"line":194,"column":8},"end":{"line":196,"column":9}},"35":{"start":{"line":195,"column":10},"end":{"line":195,"column":334}},"36":{"start":{"line":197,"column":8},"end":{"line":199,"column":9}},"37":{"start":{"line":198,"column":10},"end":{"line":198,"column":358}},"38":{"start":{"line":200,"column":8},"end":{"line":202,"column":9}},"39":{"start":{"line":201,"column":10},"end":{"line":201,"column":342}},"40":{"start":{"line":203,"column":8},"end":{"line":205,"column":9}},"41":{"start":{"line":204,"column":10},"end":{"line":204,"column":317}},"42":{"start":{"line":206,"column":8},"end":{"line":208,"column":9}},"43":{"start":{"line":207,"column":10},"end":{"line":207,"column":317}},"44":{"start":{"line":212,"column":6},"end":{"line":232,"column":7}},"45":{"start":{"line":213,"column":22},"end":{"line":213,"column":43}},"46":{"start":{"line":214,"column":8},"end":{"line":216,"column":9}},"47":{"start":{"line":215,"column":10},"end":{"line":215,"column":292}},"48":{"start":{"line":217,"column":8},"end":{"line":219,"column":9}},"49":{"start":{"line":218,"column":10},"end":{"line":218,"column":267}},"50":{"start":{"line":220,"column":8},"end":{"line":222,"column":9}},"51":{"start":{"line":221,"column":10},"end":{"line":221,"column":299}},"52":{"start":{"line":223,"column":8},"end":{"line":225,"column":9}},"53":{"start":{"line":224,"column":10},"end":{"line":224,"column":285}},"54":{"start":{"line":226,"column":8},"end":{"line":228,"column":9}},"55":{"start":{"line":227,"column":10},"end":{"line":227,"column":306}},"56":{"start":{"line":229,"column":8},"end":{"line":231,"column":9}},"57":{"start":{"line":230,"column":10},"end":{"line":230,"column":292}},"58":{"start":{"line":235,"column":6},"end":{"line":235,"column":216}},"59":{"start":{"line":239,"column":24},"end":{"line":239,"column":76}},"60":{"start":{"line":242,"column":23},"end":{"line":242,"column":48}},"61":{"start":{"line":245,"column":26},"end":{"line":247,"column":10}},"62":{"start":{"line":250,"column":26},"end":{"line":260,"column":15}},"63":{"start":{"line":263,"column":27},"end":{"line":269,"column":5}},"64":{"start":{"line":264,"column":6},"end":{"line":264,"column":63}},"65":{"start":{"line":264,"column":42},"end":{"line":264,"column":63}},"66":{"start":{"line":265,"column":6},"end":{"line":265,"column":42}},"67":{"start":{"line":265,"column":25},"end":{"line":265,"column":42}},"68":{"start":{"line":266,"column":6},"end":{"line":266,"column":42}},"69":{"start":{"line":266,"column":25},"end":{"line":266,"column":42}},"70":{"start":{"line":267,"column":6},"end":{"line":267,"column":42}},"71":{"start":{"line":267,"column":25},"end":{"line":267,"column":42}},"72":{"start":{"line":268,"column":6},"end":{"line":268,"column":23}},"73":{"start":{"line":272,"column":6},"end":{"line":280,"column":null}},"74":{"start":{"line":285,"column":24},"end":{"line":290,"column":5}},"75":{"start":{"line":286,"column":6},"end":{"line":288,"column":7}},"76":{"start":{"line":287,"column":8},"end":{"line":287,"column":79}},"77":{"start":{"line":289,"column":6},"end":{"line":289,"column":22}},"78":{"start":{"line":292,"column":26},"end":{"line":292,"column":43}},"79":{"start":{"line":293,"column":31},"end":{"line":293,"column":53}},"80":{"start":{"line":295,"column":4},"end":{"line":325,"column":6}},"81":{"start":{"line":329,"column":0},"end":{"line":329,"column":30}},"82":{"start":{"line":331,"column":0},"end":{"line":331,"column":22}}},"fnMap":{"0":{"name":"(anonymous_9)","decl":{"start":{"line":109,"column":2},"end":{"line":109,"column":3}},"loc":{"start":{"line":126,"column":12},"end":{"line":326,"column":3}}},"1":{"name":"(anonymous_10)","decl":{"start":{"line":152,"column":30},"end":{"line":152,"column":31}},"loc":{"start":{"line":152,"column":57},"end":{"line":236,"column":5}}},"2":{"name":"(anonymous_11)","decl":{"start":{"line":263,"column":27},"end":{"line":263,"column":30}},"loc":{"start":{"line":263,"column":32},"end":{"line":269,"column":5}}},"3":{"name":"(anonymous_12)","decl":{"start":{"line":285,"column":24},"end":{"line":285,"column":25}},"loc":{"start":{"line":285,"column":80},"end":{"line":290,"column":5}}}},"branchMap":{"0":{"loc":{"start":{"line":111,"column":4},"end":{"line":111,"column":23}},"type":"default-arg","locations":[{"start":{"line":111,"column":14},"end":{"line":111,"column":23}}]},"1":{"loc":{"start":{"line":112,"column":4},"end":{"line":112,"column":15}},"type":"default-arg","locations":[{"start":{"line":112,"column":11},"end":{"line":112,"column":15}}]},"2":{"loc":{"start":{"line":113,"column":4},"end":{"line":113,"column":17}},"type":"default-arg","locations":[{"start":{"line":113,"column":13},"end":{"line":113,"column":17}}]},"3":{"loc":{"start":{"line":114,"column":4},"end":{"line":114,"column":21}},"type":"default-arg","locations":[{"start":{"line":114,"column":16},"end":{"line":114,"column":21}}]},"4":{"loc":{"start":{"line":117,"column":4},"end":{"line":117,"column":25}},"type":"default-arg","locations":[{"start":{"line":117,"column":19},"end":{"line":117,"column":25}}]},"5":{"loc":{"start":{"line":118,"column":4},"end":{"line":118,"column":21}},"type":"default-arg","locations":[{"start":{"line":118,"column":16},"end":{"line":118,"column":21}}]},"6":{"loc":{"start":{"line":119,"column":4},"end":{"line":119,"column":30}},"type":"default-arg","locations":[{"start":{"line":119,"column":18},"end":{"line":119,"column":30}}]},"7":{"loc":{"start":{"line":120,"column":4},"end":{"line":120,"column":20}},"type":"default-arg","locations":[{"start":{"line":120,"column":15},"end":{"line":120,"column":20}}]},"8":{"loc":{"start":{"line":121,"column":4},"end":{"line":121,"column":18}},"type":"default-arg","locations":[{"start":{"line":121,"column":13},"end":{"line":121,"column":18}}]},"9":{"loc":{"start":{"line":122,"column":4},"end":{"line":122,"column":18}},"type":"default-arg","locations":[{"start":{"line":122,"column":16},"end":{"line":122,"column":18}}]},"10":{"loc":{"start":{"line":124,"column":4},"end":{"line":124,"column":19}},"type":"default-arg","locations":[{"start":{"line":124,"column":11},"end":{"line":124,"column":19}}]},"11":{"loc":{"start":{"line":149,"column":24},"end":{"line":149,"column":128}},"type":"cond-expr","locations":[{"start":{"line":149,"column":35},"end":{"line":149,"column":123}},{"start":{"line":149,"column":126},"end":{"line":149,"column":128}}]},"12":{"loc":{"start":{"line":154,"column":6},"end":{"line":156,"column":7}},"type":"if","locations":[{"start":{"line":154,"column":6},"end":{"line":156,"column":7}}]},"13":{"loc":{"start":{"line":157,"column":6},"end":{"line":159,"column":7}},"type":"if","locations":[{"start":{"line":157,"column":6},"end":{"line":159,"column":7}}]},"14":{"loc":{"start":{"line":160,"column":6},"end":{"line":162,"column":7}},"type":"if","locations":[{"start":{"line":160,"column":6},"end":{"line":162,"column":7}}]},"15":{"loc":{"start":{"line":163,"column":6},"end":{"line":165,"column":7}},"type":"if","locations":[{"start":{"line":163,"column":6},"end":{"line":165,"column":7}}]},"16":{"loc":{"start":{"line":166,"column":6},"end":{"line":168,"column":7}},"type":"if","locations":[{"start":{"line":166,"column":6},"end":{"line":168,"column":7}}]},"17":{"loc":{"start":{"line":169,"column":6},"end":{"line":171,"column":7}},"type":"if","locations":[{"start":{"line":169,"column":6},"end":{"line":171,"column":7}}]},"18":{"loc":{"start":{"line":172,"column":6},"end":{"line":174,"column":7}},"type":"if","locations":[{"start":{"line":172,"column":6},"end":{"line":174,"column":7}}]},"19":{"loc":{"start":{"line":175,"column":6},"end":{"line":177,"column":7}},"type":"if","locations":[{"start":{"line":175,"column":6},"end":{"line":177,"column":7}}]},"20":{"loc":{"start":{"line":178,"column":6},"end":{"line":180,"column":7}},"type":"if","locations":[{"start":{"line":178,"column":6},"end":{"line":180,"column":7}}]},"21":{"loc":{"start":{"line":183,"column":6},"end":{"line":209,"column":7}},"type":"if","locations":[{"start":{"line":183,"column":6},"end":{"line":209,"column":7}}]},"22":{"loc":{"start":{"line":185,"column":8},"end":{"line":187,"column":9}},"type":"if","locations":[{"start":{"line":185,"column":8},"end":{"line":187,"column":9}}]},"23":{"loc":{"start":{"line":188,"column":8},"end":{"line":190,"column":9}},"type":"if","locations":[{"start":{"line":188,"column":8},"end":{"line":190,"column":9}}]},"24":{"loc":{"start":{"line":191,"column":8},"end":{"line":193,"column":9}},"type":"if","locations":[{"start":{"line":191,"column":8},"end":{"line":193,"column":9}}]},"25":{"loc":{"start":{"line":194,"column":8},"end":{"line":196,"column":9}},"type":"if","locations":[{"start":{"line":194,"column":8},"end":{"line":196,"column":9}}]},"26":{"loc":{"start":{"line":197,"column":8},"end":{"line":199,"column":9}},"type":"if","locations":[{"start":{"line":197,"column":8},"end":{"line":199,"column":9}}]},"27":{"loc":{"start":{"line":200,"column":8},"end":{"line":202,"column":9}},"type":"if","locations":[{"start":{"line":200,"column":8},"end":{"line":202,"column":9}}]},"28":{"loc":{"start":{"line":203,"column":8},"end":{"line":205,"column":9}},"type":"if","locations":[{"start":{"line":203,"column":8},"end":{"line":205,"column":9}}]},"29":{"loc":{"start":{"line":206,"column":8},"end":{"line":208,"column":9}},"type":"if","locations":[{"start":{"line":206,"column":8},"end":{"line":208,"column":9}}]},"30":{"loc":{"start":{"line":212,"column":6},"end":{"line":232,"column":7}},"type":"if","locations":[{"start":{"line":212,"column":6},"end":{"line":232,"column":7}}]},"31":{"loc":{"start":{"line":214,"column":8},"end":{"line":216,"column":9}},"type":"if","locations":[{"start":{"line":214,"column":8},"end":{"line":216,"column":9}}]},"32":{"loc":{"start":{"line":217,"column":8},"end":{"line":219,"column":9}},"type":"if","locations":[{"start":{"line":217,"column":8},"end":{"line":219,"column":9}}]},"33":{"loc":{"start":{"line":220,"column":8},"end":{"line":222,"column":9}},"type":"if","locations":[{"start":{"line":220,"column":8},"end":{"line":222,"column":9}}]},"34":{"loc":{"start":{"line":223,"column":8},"end":{"line":225,"column":9}},"type":"if","locations":[{"start":{"line":223,"column":8},"end":{"line":225,"column":9}}]},"35":{"loc":{"start":{"line":226,"column":8},"end":{"line":228,"column":9}},"type":"if","locations":[{"start":{"line":226,"column":8},"end":{"line":228,"column":9}}]},"36":{"loc":{"start":{"line":229,"column":8},"end":{"line":231,"column":9}},"type":"if","locations":[{"start":{"line":229,"column":8},"end":{"line":231,"column":9}}]},"37":{"loc":{"start":{"line":239,"column":24},"end":{"line":239,"column":76}},"type":"cond-expr","locations":[{"start":{"line":239,"column":33},"end":{"line":239,"column":71}},{"start":{"line":239,"column":74},"end":{"line":239,"column":76}}]},"38":{"loc":{"start":{"line":242,"column":23},"end":{"line":242,"column":48}},"type":"cond-expr","locations":[{"start":{"line":242,"column":35},"end":{"line":242,"column":43}},{"start":{"line":242,"column":46},"end":{"line":242,"column":48}}]},"39":{"loc":{"start":{"line":245,"column":26},"end":{"line":247,"column":10}},"type":"cond-expr","locations":[{"start":{"line":246,"column":8},"end":{"line":246,"column":59}},{"start":{"line":247,"column":8},"end":{"line":247,"column":10}}]},"40":{"loc":{"start":{"line":245,"column":27},"end":{"line":245,"column":48}},"type":"binary-expr","locations":[{"start":{"line":245,"column":27},"end":{"line":245,"column":35}},{"start":{"line":245,"column":39},"end":{"line":245,"column":48}}]},"41":{"loc":{"start":{"line":264,"column":6},"end":{"line":264,"column":63}},"type":"if","locations":[{"start":{"line":264,"column":6},"end":{"line":264,"column":63}}]},"42":{"loc":{"start":{"line":264,"column":10},"end":{"line":264,"column":40}},"type":"binary-expr","locations":[{"start":{"line":264,"column":10},"end":{"line":264,"column":23}},{"start":{"line":264,"column":27},"end":{"line":264,"column":40}}]},"43":{"loc":{"start":{"line":265,"column":6},"end":{"line":265,"column":42}},"type":"if","locations":[{"start":{"line":265,"column":6},"end":{"line":265,"column":42}}]},"44":{"loc":{"start":{"line":266,"column":6},"end":{"line":266,"column":42}},"type":"if","locations":[{"start":{"line":266,"column":6},"end":{"line":266,"column":42}}]},"45":{"loc":{"start":{"line":267,"column":6},"end":{"line":267,"column":42}},"type":"if","locations":[{"start":{"line":267,"column":6},"end":{"line":267,"column":42}}]},"46":{"loc":{"start":{"line":273,"column":85},"end":{"line":273,"column":147}},"type":"cond-expr","locations":[{"start":{"line":273,"column":118},"end":{"line":273,"column":132}},{"start":{"line":273,"column":135},"end":{"line":273,"column":147}}]},"47":{"loc":{"start":{"line":273,"column":85},"end":{"line":273,"column":115}},"type":"binary-expr","locations":[{"start":{"line":273,"column":85},"end":{"line":273,"column":98}},{"start":{"line":273,"column":102},"end":{"line":273,"column":115}}]},"48":{"loc":{"start":{"line":286,"column":6},"end":{"line":288,"column":7}},"type":"if","locations":[{"start":{"line":286,"column":6},"end":{"line":288,"column":7}}]},"49":{"loc":{"start":{"line":300,"column":18},"end":{"line":300,"column":39}},"type":"binary-expr","locations":[{"start":{"line":300,"column":18},"end":{"line":300,"column":26}},{"start":{"line":300,"column":30},"end":{"line":300,"column":39}}]},"50":{"loc":{"start":{"line":301,"column":19},"end":{"line":301,"column":49}},"type":"cond-expr","locations":[{"start":{"line":301,"column":31},"end":{"line":301,"column":37}},{"start":{"line":301,"column":40},"end":{"line":301,"column":49}}]},"51":{"loc":{"start":{"line":304,"column":9},"end":{"line":322,"column":null}},"type":"cond-expr","locations":[{"start":{"line":305,"column":10},"end":{"line":307,"column":null}},{"start":{"line":310,"column":10},"end":{"line":321,"column":null}}]},"52":{"loc":{"start":{"line":311,"column":13},"end":{"line":314,"column":null}},"type":"binary-expr","locations":[{"start":{"line":311,"column":14},"end":{"line":311,"column":27}},{"start":{"line":311,"column":31},"end":{"line":311,"column":54}},{"start":{"line":312,"column":14},"end":{"line":313,"column":null}}]},"53":{"loc":{"start":{"line":317,"column":13},"end":{"line":320,"column":null}},"type":"binary-expr","locations":[{"start":{"line":317,"column":14},"end":{"line":317,"column":32}},{"start":{"line":317,"column":37},"end":{"line":317,"column":50}},{"start":{"line":317,"column":54},"end":{"line":317,"column":78}},{"start":{"line":318,"column":14},"end":{"line":319,"column":null}}]},"54":{"loc":{"start":{"line":319,"column":17},"end":{"line":319,"column":88}},"type":"binary-expr","locations":[{"start":{"line":319,"column":17},"end":{"line":319,"column":35}},{"start":{"line":319,"column":40},"end":{"line":319,"column":87}}]},"55":{"loc":{"start":{"line":319,"column":40},"end":{"line":319,"column":87}},"type":"cond-expr","locations":[{"start":{"line":319,"column":67},"end":{"line":319,"column":80}},{"start":{"line":319,"column":83},"end":{"line":319,"column":87}}]}},"s":{"0":1,"1":1,"2":1,"3":7,"4":7,"5":7,"6":7,"7":7,"8":7,"9":6,"10":1,"11":0,"12":1,"13":1,"14":0,"15":0,"16":0,"17":0,"18":0,"19":0,"20":0,"21":0,"22":0,"23":0,"24":0,"25":0,"26":0,"27":0,"28":0,"29":0,"30":0,"31":0,"32":0,"33":0,"34":0,"35":0,"36":0,"37":0,"38":0,"39":0,"40":0,"41":0,"42":0,"43":0,"44":0,"45":0,"46":0,"47":0,"48":0,"49":0,"50":0,"51":0,"52":0,"53":0,"54":0,"55":0,"56":0,"57":0,"58":0,"59":7,"60":7,"61":7,"62":7,"63":7,"64":7,"65":1,"66":6,"67":6,"68":0,"69":0,"70":0,"71":0,"72":0,"73":7,"74":7,"75":14,"76":1,"77":13,"78":7,"79":7,"80":7,"81":1,"82":1},"f":{"0":7,"1":7,"2":7,"3":14},"b":{"0":[6],"1":[6],"2":[7],"3":[6],"4":[7],"5":[6],"6":[6],"7":[7],"8":[7],"9":[7],"10":[7],"11":[0,7],"12":[6],"13":[0],"14":[1],"15":[0],"16":[0],"17":[0],"18":[0],"19":[0],"20":[0],"21":[0],"22":[0],"23":[0],"24":[0],"25":[0],"26":[0],"27":[0],"28":[0],"29":[0],"30":[0],"31":[0],"32":[0],"33":[0],"34":[0],"35":[0],"36":[0],"37":[0,7],"38":[1,6],"39":[1,6],"40":[7,7],"41":[1],"42":[7,6],"43":[6],"44":[0],"45":[0],"46":[1,6],"47":[7,6],"48":[1],"49":[7,7],"50":[1,6],"51":[1,6],"52":[6,1,1],"53":[6,6,1,0],"54":[0,0],"55":[0,0]}}
,"C:\\Jirad-python\\mydebugger\\src\\design-system\\components\\inputs\\Form.tsx": {"path":"C:\\Jirad-python\\mydebugger\\src\\design-system\\components\\inputs\\Form.tsx","statementMap":{"0":{"start":{"line":58,"column":20},"end":{"line":69,"column":2}},"1":{"start":{"line":71,"column":30},"end":{"line":71,"column":59}},"2":{"start":{"line":71,"column":36},"end":{"line":71,"column":59}},"3":{"start":{"line":77,"column":21},"end":{"line":199,"column":1}},"4":{"start":{"line":95,"column":24},"end":{"line":100,"column":4}},"5":{"start":{"line":103,"column":23},"end":{"line":107,"column":4}},"6":{"start":{"line":110,"column":22},"end":{"line":115,"column":29}},"7":{"start":{"line":118,"column":23},"end":{"line":145,"column":3}},"8":{"start":{"line":119,"column":4},"end":{"line":119,"column":23}},"9":{"start":{"line":122,"column":17},"end":{"line":122,"column":32}},"10":{"start":{"line":123,"column":4},"end":{"line":139,"column":5}},"11":{"start":{"line":124,"column":6},"end":{"line":124,"column":26}},"12":{"start":{"line":127,"column":28},"end":{"line":132,"column":61}},"13":{"start":{"line":129,"column":21},"end":{"line":129,"column":48}},"14":{"start":{"line":130,"column":10},"end":{"line":130,"column":62}},"15":{"start":{"line":132,"column":27},"end":{"line":132,"column":60}},"16":{"start":{"line":134,"column":6},"end":{"line":136,"column":7}},"17":{"start":{"line":135,"column":8},"end":{"line":135,"column":42}},"18":{"start":{"line":138,"column":6},"end":{"line":138,"column":13}},"19":{"start":{"line":141,"column":4},"end":{"line":144,"column":5}},"20":{"start":{"line":142,"column":23},"end":{"line":142,"column":41}},"21":{"start":{"line":143,"column":6},"end":{"line":143,"column":28}},"22":{"start":{"line":147,"column":2},"end":{"line":198,"column":4}},"23":{"start":{"line":225,"column":49},"end":{"line":328,"column":1}},"24":{"start":{"line":244,"column":6},"end":{"line":244,"column":22}},"25":{"start":{"line":247,"column":19},"end":{"line":247,"column":76}},"26":{"
[...]
"column":36},"end":{"line":102,"column":3}}},"2":{"name":"(anonymous_2)","decl":{"start":{"line":105,"column":36},"end":{"line":105,"column":39}},"loc":{"start":{"line":105,"column":41},"end":{"line":128,"column":3}}},"3":{"name":"(anonymous_3)","decl":{"start":{"line":114,"column":57},"end":{"line":114,"column":58}},"loc":{"start":{"line":114,"column":67},"end":{"line":114,"column":84}}},"4":{"name":"(anonymous_4)","decl":{"start":{"line":116,"column":26},"end":{"line":116,"column":27}},"loc":{"start":{"line":116,"column":36},"end":{"line":122,"column":5}}},"5":{"name":"(anonymous_5)","decl":{"start":{"line":130,"column":23},"end":{"line":130,"column":24}},"loc":{"start":{"line":130,"column":55},"end":{"line":134,"column":3}}},"6":{"name":"(anonymous_6)","decl":{"start":{"line":136,"column":21},"end":{"line":136,"column":22}},"loc":{"start":{"line":136,"column":38},"end":{"line":142,"column":3}}},"7":{"name":"(anonymous_7)","decl":{"start":{"line":178,"column":30},"end":{"line":178,"column":31}},"loc":{"start":{"line":178,"column":37},"end":{"line":178,"column":63}}},"8":{"name":"(anonymous_8)","decl":{"start":{"line":186,"column":30},"end":{"line":186,"column":31}},"loc":{"start":{"line":186,"column":37},"end":{"line":186,"column":87}}},"9":{"name":"(anonymous_9)","decl":{"start":{"line":193,"column":35},"end":{"line":193,"column":36}},"loc":{"start":{"line":194,"column":20},"end":{"line":195,"column":null}}},"10":{"name":"(anonymous_10)","decl":{"start":{"line":197,"column":31},"end":{"line":197,"column":34}},"loc":{"start":{"line":197,"column":37},"end":{"line":197,"column":59}}},"11":{"name":"(anonymous_11)","decl":{"start":{"line":219,"column":28},"end":{"line":219,"column":29}},"loc":{"start":{"line":219,"column":35},"end":{"line":219,"column":59}}},"12":{"name":"(anonymous_12)","decl":{"start":{"line":236,"column":31},"end":{"line":236,"column":34}},"loc":{"start":{"line":236,"column":37},"end":{"line":236,"column":69}}},"13":{"name":"(anonymous_13)","decl":{"start":{"line":254,"column":54},"end":{"line":254,"column":55}},"loc":{"start":{"line":255,"column":30},"end":{"line":255,"column":47}}},"14":{"name":"(anonymous_14)","decl":{"start":{"line":267,"column":56},"end":{"line":267,"column":57}},"loc":{"start":{"line":268,"column":40},"end":{"line":268,"column":62}}},"15":{"name":"(anonymous_15)","decl":{"start":{"line":299,"column":30},"end":{"line":299,"column":31}},"loc":{"start":{"line":300,"column":18},"end":{"line":301,"column":null}}},"16":{"name":"(anonymous_16)","decl":{"start":{"line":303,"column":29},"end":{"line":303,"column":32}},"loc":{"start":{"line":303,"column":35},"end":{"line":303,"column":56}}}},"branchMap":{"0":{"loc":{"start":{"line":57,"column":4},"end":{"line":59,"column":5}},"type":"if","locations":[{"start":{"line":57,"column":4},"end":{"line":59,"column":5}}]},"1":{"loc":{"start":{"line":57,"column":8},"end":{"line":57,"column":26}},"type":"binary-expr","locations":[{"start":{"line":57,"column":8},"end":{"line":57,"column":16}},{"start":{"line":57,"column":20},"end":{"line":57,"column":26}}]},"2":{"loc":{"start":{"line":69,"column":6},"end":{"line":71,"column":7}},"type":"if","locations":[{"start":{"line":69,"column":6},"end":{"line":71,"column":7}}]},"3":{"loc":{"start":{"line":82,"column":8},"end":{"line":84,"column":9}},"type":"if","locations":[{"start":{"line":82,"column":8},"end":{"line":84,"column":9}}]},"4":{"loc":{"start":{"line":82,"column":12},"end":{"line":82,"column":43}},"type":"binary-expr","locations":[{"start":{"line":82,"column":12},"end":{"line":82,"column":27}},{"start":{"line":82,"column":31},"end":{"line":82,"column":43}}]},"5":{"loc":{"start":{"line":87,"column":8},"end":{"line":89,"column":9}},"type":"if","locations":[{"start":{"line":87,"column":8},"end":{"line":89,"column":9}}]},"6":{"loc":{"start":{"line":99,"column":46},"end":{"line":99,"column":98}},"type":"cond-expr","locations":[{"start":{"line":99,"column":69},"end":{"line":99,"column":80}},{"start":{"line":99,"column":83},"end":{"line":99,"column":98}}]},"7":{"loc":{"start":{"line":106,"column":4},"end":{"line":108,"column":5}},"type":"if","locations":[{"start":{"line":106,"column":4},"end":{"line":108,"column":5}}]},"8":{"loc":{"start":{"line":106,"column":8},"end":{"line":106,"column":53}},"type":"binary-expr","locations":[{"start":{"line":106,"column":8},"end":{"line":106,"column":21}},{"start":{"line":106,"column":25},"end":{"line":106,"column":53}}]},"9":{"loc":{"start":{"line":137,"column":4},"end":{"line":141,"column":5}},"type":"if","locations":[{"start":{"line":137,"column":4},"end":{"line":141,"column":5}},{"start":{"line":139,"column":11},"end":{"line":141,"column":5}}]},"10":{"loc":{"start":{"line":168,"column":19},"end":{"line":169,"column":null}},"type":"binary-expr","locations":[{"start":{"line":168,"column":19},"end":{"line":168,"column":24}},{"start":{"line":169,"column":20},"end":{"line":169,"column":89}}]},"11":{"loc":{"start":{"line":199,"column":24},"end":{"line":201,"column":null}},"type":"cond-expr","locations":[{"start":{"line":200,"column":28},"end":{"line":200,"column":146}},{"start":{"line":201,"column":28},"end":{"line":201,"column":null}}]},"12":{"loc":{"start":{"line":231,"column":23},"end":{"line":231,"column":91}},"type":"cond-expr","locations":[{"start":{"line":231,"column":38},"end":{"line":231,"column":76}},{"start":{"line":231,"column":79},"end":{"line":231,"column":91}}]},"13":{"loc":{"start":{"line":238,"column":23},"end":{"line":238,"column":70}},"type":"cond-expr","locations":[{"start":{"line":238,"column":39},"end":{"line":238,"column":53}},{"start":{"line":238,"column":56},"end":{"line":238,"column":70}}]},"14":{"loc":{"start":{"line":243,"column":19},"end":{"line":285,"column":null}},"type":"cond-expr","locations":[{"start":{"line":244,"column":20},"end":{"line":280,"column":null}},{"start":{"line":283,"column":20},"end":{"line":283,"column":null}}]},"15":{"loc":{"start":{"line":243,"column":19},"end":{"line":243,"column":66}},"type":"binary-expr","locations":[{"start":{"line":243,"column":19},"end":{"line":243,"column":31}},{"start":{"line":243,"column":35},"end":{"line":243,"column":66}}]},"16":{"loc":{"start":{"line":250,"column":23},"end":{"line":279,"column":null}},"type":"binary-expr","locations":[{"start":{"line":250,"column":23},"end":{"line":250,"column":36}},{"start":{"line":251,"column":24},"end":{"line":278,"column":null}}]},"17":{"loc":{"start":{"line":263,"column":33},"end":{"line":274,"column":null}},"type":"binary-expr","locations":[{"start":{"line":263,"column":33},"end":{"line":263,"column":56}},{"start":{"line":264,"column":34},"end":{"line":273,"column":null}}]},"18":{"loc":{"start":{"line":308,"column":64},"end":{"line":308,"column":102}},"type":"cond-expr","locations":[{"start":{"line":308,"column":92},"end":{"line":308,"column":97}},{"start":{"line":308,"column":100},"end":{"line":308,"column":102}}]}},"s":{"0":0,"1":0,"2":0,"3":0,"4":0,"5":0,"6":0,"7":0,"8":0,"9":0,"10":0,"11":0,"12":0,"13":0,"14":0,"15":0,"16":0,"17":0,"18":0,"19":0,"20":0,"21":0,"22":0,"23":0,"24":0,"25":0,"26":0,"27":0,"28":0,"29":0,"30":0,"31":0,"32":0,"33":0,"34":0,"35":0,"36":0,"37":0,"38":0,"39":0,"40":0,"41":0,"42":0,"43":0,"44":0,"45":0,"46":0,"47":0,"48":0,"49":0,"50":0,"51":0,"52":0,"53":0,"54":0,"55":0,"56":0,"57":0,"58":0},"f":{"0":0,"1":0,"2":0,"3":0,"4":0,"5":0,"6":0,"7":0,"8":0,"9":0,"10":0,"11":0,"12":0,"13":0,"14":0,"15":0,"16":0},"b":{"0":[0],"1":[0,0],"2":[0],"3":[0],"4":[0,0],"5":[0],"6":[0,0],"7":[0],"8":[0,0],"9":[0,0],"10":[0,0],"11":[0,0],"12":[0,0],"13":[0,0],"14":[0,0],"15":[0,0],"16":[0,0],"17":[0,0],"18":[0,0]}}
,"C:\\Jirad-python\\mydebugger\\src\\tools\\url\\UrlEncoder.tsx": {"path":"C:\\Jirad-python\\mydebugger\\src\\tools\\url\\UrlEncoder.tsx","statementMap":{"0":{"start":{"line":7,"column":29},"end":{"line":375,"column":1}},"1":{"start":{"line":8,"column":28},"end":{"line":8,"column":48}},"2":{"start":{"line":9,"column":30},"end":{"line":9,"column":50}},"3":{"start":{"line":10,"column":26},"end":{"line":10,"column":58}},"4":{"start":{"line":11,"column":30},"end":{"line":11,"column":54}},"5":{"start":{"line":12,"column":30},"end":{"line":12,"column":76}},"6":{"start":{"line":13,"column":36},"end":{"line":13,"column":60}},"7":{"start":{"line":16,"column":2},"end":{"line":18,"column":39}},"8":{"start":{"line":17,"column":4},"end":{"line":17,"column":19}},"9":{"start":{"line":21,"column":2},"end":{"line":26,"column":15}},"10":{"start":{"line":22,"column":4},"end":{"line":25,"column":5}},"11":{"start":{"line":23,"column":20},"end":{"line":23,"column":60}},"12":{"start":{"line":23,"column":37},"end":{"line":23,"column":53}},"13":{"start":{"line":24,"column":6},"end":{"line":24,"column":39}},"14":{"start":{"line":24,"column":19},"end":{"line":24,"column":38}},"15":{"start":{"line":28,"column":23},"end":{"line":57,"column":3}},"16":{"start":{"line":29,"column":4},"end":{"line":32,"column":5}},"17":{"start":{"line":30,"column":6},"end":{"line":30,"column":20}},"18":{"start":{"line":31,"column":6},"end":{"line":31,"column":13}},"19":{"start":{"line":34,"column":4},"end":{"line":56,"column":5}},"20":{"start":{"line":35,"column":6},"end":{"line":53,"column":7}},"21":{"start":{"line":36,"column":8},"end":{"line":43,"column":9}},"22":{"start":{"line":38,"column":24},"end":{"line":38,"column":41}},"23":{"start":{"line":39,"column":31},"end":{"line":39,"column":78}},"24":{"start":{"line":39,"column":49},"end":{"line":39,"column":77}},"25":{"start":{"line":40,"column":10},"end":{"line":40,"column":45}},"26":{"start":{"line":42,"column":10},"end":{"line":42,"column":51}},"27":{"start":{"line":45,"column":8},"end":{"line":52,"column":9}},"28":{"start":{"line":47,"column":24},"end":{"line":47,"column":41}},"29":{"start":{"line":48,"column":31},"end":{"line":48,"column":78}},"30":{"start":{"line":48,"column":49},"end":{"line":48,"column":77}},"31":{"start":{"line":49,"column":10},"end":{"line":49,"column":45}},"32":{"start":{"line":51,"column":10},"end":{"line":51,"column":51}},"33":{"start":{"line":55,"column":6},"end":{"line":55,"column":86}},"34":{"start":{"line":59,"column":25},"end":{"line":70,"column":3}},"35":{"start":{"line":60,"column":4},"end":{"line":69,"column":5}},"36":{"start":{"line":62,"column":8},"end":{"line":62,"column":40}},"37":{"start":{"line":64,"column":8},"end":{"line":64,"column":31}},"38":{"start":{"line":66,"column":8},"end":{"line":66,"column":28}},"39":{"start":{"line":68,"column":8},"end":{"line":68,"column":40}},"40":{"start":{"line":72,"column":25},"end":{"line":87,"column":3}},"41":{"start":{"line":73,"column":4},"end":{"line":86,"column":5}},"42":{"start":{"line":74,"column":6},"end":{"line":83,"column":7}},"43":{"start":{"line":76,"column":10},"end":{"line":76,"column":42}},"44":{"start":{"line":78,"column":10},"end":{"line":78,"column":33}},"45":{"start":{"line":80,"column":10},"end":{"line":80,"column":32}},"46":{"start":{"line":82,"column":10},"end":{"line":82,"column":42}},"47":{"start":{"line":85,"column":6},"end":{"line":85,"column":92}},"48":{"start":{"line":89,"column":27},"end":{"line":94,"column":3}},"49":{"start":{"line":90,"column":4},"end":{"line":90,"column":24}},"50":{"start":{"line":90,"column":17},"end":{"line":90,"column":24}},"51":{"start":{"line":92,"column":4},"end":{"line":92,"column":42}},"52":{"start":{"line":93,"column":4},"end":{"line":93,"column":20}},"53":{"start":{"line":96,"column":22},"end":{"line":99,"column":3}},"54":{"start":{"line":97,"column":4},"end":{"line":97,"column":17}},"55":{"start":{"line":98,"column":4},"end":{"line":98,"column":18}},"56":{"start":{"line":101,"column":21},"end":{"line":103,"column":3}},"57":{"start":{"line":102,"column":4},"end":{"line":102,"column":61}},"58":{"start":{"line":102,"column":20},"end":{"line":102,"column":59}},"59":{"start":{"line":106,"column":20},"end":{"line":106,"column":54}},"60":{"start":{"line":107,"column":26},"end":{"line":107,"column":88}},"61":{"start":{"line":109,"column":2},"end":{"line":374,"column":4}},"62":{"start":{"line":161,"column":35},"end":{"line":161,"column":78}},"63":{"start":{"line":174,"column":37},"end":{"line":174,"column":67}},"64":{"start":{"line":185,"column":31},"end":{"line":185,"column":55}}},"fnMap":{"0":{"name":"(anonymous_0)","decl":{"start":{"line":7,"column":29},"end":{"line":7,"column":32}},"loc":{"start":{"line":7,"column":34},"end":{"line":375,"column":1}}},"1":{"name":"(anonymous_1)","decl":{"start":{"line":16,"column":18},"end":{"line":16,"column":21}},"loc":{"start":{"line":16,"column":23},"end":{"line":18,"column":3}}},"2":{"name":"(anonymous_2)","decl":{"start":{"line":21,"column":18},"end":{"line":21,"column":21}},"loc":{"start":{"line":21,"column":23},"end":{"line":26,"column":3}}},"3":{"name":"(anonymous_3)","decl":{"start":{"line":23,"column":31},"end":{"line":23,"column":34}},"loc":{"start":{"line":23,"column":37},"end":{"line":23,"column":53}}},"4":{"name":"(anonymous_4)","decl":{"start":{"line":24,"column":13},"end":{"line":24,"column":16}},"loc":{"start":{"line":24,"column":19},"end":{"line":24,"column":38}}},"5":{"name":"(anonymous_5)","decl":{"start":{"line":28,"column":23},"end":{"line":28,"column":26}},"loc":{"start":{"line":28,"column":28},"end":{"line":57,"column":3}}},"6":{"name":"(anonymous_6)","decl":{"start":{"line":39,"column":41},"end":{"line":39,"column":45}},"loc":{"start":{"line":39,"column":49},"end":{"line":39,"column":77}}},"7":{"name":"(anonymous_7)","decl":{"start":{"line":48,"column":41},"end":{"line":48,"column":45}},"loc":{"start":{"line":48,"column":49},"end":{"line":48,"column":77}}},"8":{"name":"(anonymous_8)","decl":{"start":{"line":59,"column":25},"end":{"line":59,"column":26}},"loc":{"start":{"line":59,"column":74},"end":{"line":70,"column":3}}},"9":{"name":"(anonymous_9)","decl":{"start":{"line":72,"column":25},"end":{"line":72,"column":26}},"loc":{"start":{"line":72,"column":74},"end":{"line":87,"column":3}}},"10":{"name":"(anonymous_10)","decl":{"start":{"line":89,"column":27},"end":{"line":89,"column":30}},"loc":{"start":{"line":89,"column":32},"end":{"line":94,"column":3}}},"11":{"name":"(anonymous_11)","decl":{"start":{"line":96,"column":22},"end":{"line":96,"column":25}},"loc":{"start":{"line":96,"column":27},"end":{"line":99,"column":3}}},"12":{"name":"(anonymous_12)","decl":{"start":{"line":101,"column":21},"end":{"line":101,"column":24}},"loc":{"start":{"line":101,"column":26},"end":{"line":103,"column":3}}},"13":{"name":"(anonymous_13)","decl":{"start":{"line":102,"column":12},"end":{"line":102,"column":16}},"loc":{"start":{"line":102,"column":20},"end":{"line":102,"column":59}}},"14":{"name":"(anonymous_14)","decl":{"start":{"line":161,"column":28},"end":{"line":161,"column":29}},"loc":{"start":{"line":161,"column":35},"end":{"line":161,"column":78}}},"15":{"name":"(anonymous_15)","decl":{"start":{"line":174,"column":30},"end":{"line":174,"column":31}},"loc":{"start":{"line":174,"column":37},"end":{"line":174,"column":67}}},"16":{"name":"(anonymous_16)","decl":{"start":{"line":185,"column":24},"end":{"line":185,"column":25}},"loc":{"start":{"line":185,"column":31},"end":{"line":185,"column":55}}}},"branchMap":{"0":{"loc":{"start":{"line":22,"column":4},"end":{"line":25,"column":5}},"type":"if","locations":[{"start":{"line":22,"column":4},"end":{"line":25,"column":5}}]},"1":{"loc":{"start":{"line":29,"column":4},"end":{"line":32,"column":5}},"type":"if","locations":[{"start":{"line":29,"column":4},"end":{"line":32,"column":5}}]},"2":{"loc":{"start":{"line":35,"column":6},"end":{"line":53,"column":7}},"type":"if","locations":[{"start":{"line":35,"column":6},"end":{"line":53,"column":7}},{"start":{"line":44,"column":13},"end":{"line":53,"column":7}}]},"3":{"loc":{"start":{"line":36,"column":8},"end":{"line":43,"column":9}},"type":"if","locations":[{"start":{"line":36,"column":8},"end":{"line":43,"column":9}},{"start":{"line":41,"column":15},"end":{"line":43,"column":9}}]},"4":{"loc":{"start":{"line":45,"column":8},"end":{"line":52,"column":9}},"type":"if","locations":[{"start":{"line":45,"column":8},"end":{"line":52,"column":9}},{"start":{"line":50,"column":15},"end":{"line":52,"column":9}}]},"5":{"loc":{"start":{"line":55,"column":26},"end":{"line":55,"column":82}},"type":"cond-expr","locations":[{"start":{"line":55,"column":51},"end":{"line":55,"column":64}},{"start":{"line":55,"column":67},"end":{"line":55,"column":82}}]},"6":{"loc":{"start":{"line":60,"column":4},"end":{"line":69,"column":5}},"type":"switch","locations":[{"start":{"line":61,"column":6},"end":{"line":62,"column":40}},{"start":{"line":63,"column":6},"end":{"line":64,"column":31}},{"start":{"line":65,"column":6},"end":{"line":66,"column":28}},{"start":{"line":67,"column":6},"end":{"line":68,"column":40}}]},"7":{"loc":{"start":{"line":74,"column":6},"end":{"line":83,"column":7}},"type":"switch","locations":[{"start":{"line":75,"column":8},"end":{"line":76,"column":42}},{"start":{"line":77,"column":8},"end":{"line":78,"column":33}},{"start":{"line":79,"column":8},"end":{"line":80,"column":32}},{"start":{"line":81,"column":8},"end":{"line":82,"column":42}}]},"8":{"loc":{"start":{"line":90,"column":4},"end":{"line":90,"column":24}},"type":"if","locations":[{"start":{"line":90,"column":4},"end":{"line":90,"column":24}}]},"9":{"loc":{"start":{"line":102,"column":20},"end":{"line":102,"column":59}},"type":"cond-expr","locations":[{"start":{"line":102,"column":40},"end":{"line":102,"column":48}},{"start":{"line":102,"column":51},"end":{"line":102,"column":59}}]},"10":{"loc":{"start":{"line":143,"column":19},"end":{"line":146,"column":null}},"type":"cond-expr","locations":[{"start":{"line":144,"column":20},"end":{"line":144,"column":63}},{"start":{"line":146,"column":20},"end":{"line":146,"column":63}}]},"11":{"loc":{"start":{"line":186,"column":27},"end":{"line":188,"column":55}},"type":"cond-expr","locations":[{"start":{"line":187,"column":18},"end":{"line":187,"column":43}},{"start":{"line":188,"column":18},"end":{"line":188,"column":55}}]},"12":{"loc":{"start":{"line":204,"column":20},"end":{"line":206,"column":null}},"type":"cond-expr","locations":[{"start":{"line":205,"column":24},"end":{"line":205,"column":66}},{"start":{"line":206,"column":24},"end":{"line":206,"column":null}}]},"13":{"loc":{"start":{"line":209,"column":19},"end":{"line":209,"column":46}},"type":"cond-expr","locations":[{"start":{"line":209,"column":28},"end":{"line":209,"column":37}},{"start":{"line":209,"column":40},"end":{"line":209,"column":46}}]},"14":{"loc":{"start":{"line":213,"column":28},"end":{"line":213,"column":45}},"type":"binary-expr","locations":[{"start":{"line":213,"column":28},"end":{"line":213,"column":34}},{"start":{"line":213,"column":38},"end":{"line":213,"column":45}}]},"15":{"loc":{"start":{"line":215,"column":20},"end":{"line":217,"column":null}},"type":"cond-expr","locations":[{"start":{"line":216,"column":24},"end":{"line":216,"column":69}},{"start":{"line":217,"column":24},"end":{"line":217,"column":null}}]},"16":{"loc":{"start":{"line":215,"column":20},"end":{"line":215,"column":35}},"type":"binary-expr","locations":[{"start":{"line":215,"column":20},"end":{"line":215,"column":25}},{"start":{"line":215,"column":29},"end":{"line":215,"column":35}}]}},"s":{"0":0,"1":0,"2":0,"3":0,"4":0,"5":0,"6":0,"7":0,"8":0,"9":0,"10":0,"11":0,"12":0,"13":0,"14":0,"15":0,"16":0,"17":0,"18":0,"19":0,"20":0,"21":0,"22":0,"23":0,"24":0,"25":0,"26":0,"27":0,"28":0,"29":0,"30":0,"31":0,"32":0,"33":0,"34":0,"35":0,"36":0,"37":0,"38":0,"39":0,"40":0,"41":0,"42":0,"43":0,"44":0,"45":0,"46":0,"47":0,"48":0,"49":0,"50":0,"51":0,"52":0,"53":0,"54":0,"55":0,"56":0,"57":0,"58":0,"59":0,"60":0,"61":0,"62":0,"63":0,"64":0},"f":{"0":0,"1":0,"2":0,"3":0,"4":0,"5":0,"6":0,"7":0,"8":0,"9":0,"10":0,"11":0,"12":0,"13":0,"14":0,"15":0,"16":0},"b":{"0":[0],"1":[0],"2":[0,0],"3":[0,0],"4":[0,0],"5":[0,0],"6":[0,0,0,0],"7":[0,0,0,0],"8":[0],"9":[0,0],"10":[0,0],"11":[0,0],"12":[0,0],"13":[0,0],"14":[0,0],"15":[0,0],"16":[0,0]}}
}
