TN:
SF:src\App.tsx
FN:11,(anonymous_0)
FN:25,(anonymous_1)
FN:30,(anonymous_2)
FN:31,(anonymous_3)
FNF:4
FNH:0
FNDA:0,(anonymous_0)
FNDA:0,(anonymous_1)
FNDA:0,(anonymous_2)
FNDA:0,(anonymous_3)
DA:11,0
DA:12,0
DA:25,0
DA:30,0
DA:32,0
LF:5
LH:0
BRF:0
BRH:0
end_of_record
TN:
SF:src\context\ThemeContext.tsx
FN:13,(anonymous_9)
FN:22,(anonymous_10)
FN:36,(anonymous_11)
FN:42,(anonymous_12)
FN:48,(anonymous_13)
FN:51,(anonymous_14)
FN:58,(anonymous_15)
FN:62,(anonymous_16)
FN:78,(anonymous_17)
FNF:9
FNH:6
FNDA:0,(anonymous_9)
FNDA:22,(anonymous_10)
FNDA:26,(anonymous_11)
FNDA:22,(anonymous_12)
FNDA:22,(anonymous_13)
FNDA:0,(anonymous_14)
FNDA:22,(anonymous_15)
FNDA:22,(anonymous_16)
FNDA:0,(anonymous_17)
DA:1,3
DA:11,3
DA:13,3
DA:14,0
DA:15,0
DA:16,0
DA:18,0
DA:22,3
DA:24,22
DA:25,22
DA:26,22
DA:28,0
DA:36,3
DA:41,26
DA:42,22
DA:45,26
DA:48,26
DA:49,22
DA:51,22
DA:52,0
DA:53,0
DA:57,22
DA:58,22
DA:62,26
DA:64,22
DA:66,22
DA:68,22
DA:69,0
DA:70,0
DA:71,0
DA:73,22
DA:74,22
DA:78,26
DA:80,0
DA:81,0
DA:83,0
DA:86,26
DA:92,26
LF:38
LH:25
BRDA:15,0,0,0
BRDA:24,1,0,22
BRDA:26,2,0,22
BRDA:26,2,1,0
BRDA:38,3,0,26
BRDA:52,4,0,0
BRDA:64,5,0,0
BRDA:68,6,0,0
BRDA:68,6,1,22
BRDA:69,7,0,0
BRDA:69,7,1,0
BRDA:70,8,0,0
BRDA:70,8,1,0
BRDA:73,9,0,0
BRDA:73,9,1,22
BRDA:80,10,0,0
BRF:16
BRH:5
end_of_record
TN:
SF:src\design-system\components\display\Badge.tsx
FN:76,(anonymous_0)
FN:200,(anonymous_1)
FNF:2
FNH:0
FNDA:0,(anonymous_0)
FNDA:0,(anonymous_1)
DA:76,0
DA:93,0
DA:94,0
DA:98,0
DA:101,0
DA:104,0
DA:105,0
DA:109,0
DA:110,0
DA:114,0
DA:126,0
DA:134,0
DA:137,0
DA:140,0
DA:145,0
DA:156,0
DA:200,0
DA:204,0
LF:18
LH:0
BRDA:78,0,0,0
BRDA:80,1,0,0
BRDA:81,2,0,0
BRDA:82,3,0,0
BRDA:83,4,0,0
BRDA:84,5,0,0
BRDA:86,6,0,0
BRDA:87,7,0,0
BRDA:93,8,0,0
BRDA:98,9,0,0
BRDA:98,9,1,0
BRDA:98,9,2,0
BRDA:104,10,0,0
BRDA:104,11,0,0
BRDA:104,11,1,0
BRDA:104,11,2,0
BRDA:109,12,0,0
BRDA:109,13,0,0
BRDA:109,13,1,0
BRDA:127,14,0,0
BRDA:127,14,1,0
BRDA:128,15,0,0
BRDA:128,15,1,0
BRDA:129,16,0,0
BRDA:129,16,1,0
BRDA:130,17,0,0
BRDA:130,17,1,0
BRDA:134,18,0,0
BRDA:134,18,1,0
BRDA:137,19,0,0
BRDA:137,19,1,0
BRDA:140,20,0,0
BRDA:140,20,1,0
BRDA:146,21,0,0
BRDA:146,21,1,0
BRDA:152,22,0,0
BRDA:152,22,1,0
BRDA:160,23,0,0
BRDA:160,23,1,0
BRDA:161,24,0,0
BRDA:161,24,1,0
BRDA:164,25,0,0
BRDA:164,25,1,0
BRDA:202,26,0,0
BRF:44
BRH:0
end_of_record
TN:
SF:src\design-system\components\display\InfoBox.tsx
FN:76,(anonymous_0)
FN:87,(anonymous_1)
FNF:2
FNH:0
FNDA:0,(anonymous_0)
FNDA:0,(anonymous_1)
DA:76,0
DA:87,0
DA:88,0
DA:90,0
DA:96,0
DA:102,0
DA:109,0
DA:117,0
DA:118,0
DA:125,0
LF:10
LH:0
BRDA:79,0,0,0
BRDA:82,1,0,0
BRDA:83,2,0,0
BRDA:88,3,0,0
BRDA:88,3,1,0
BRDA:88,3,2,0
BRDA:88,3,3,0
BRDA:88,3,4,0
BRDA:120,4,0,0
BRDA:120,4,1,0
BRDA:128,5,0,0
BRDA:128,5,1,0
BRDA:130,6,0,0
BRDA:130,6,1,0
BRF:14
BRH:0
end_of_record
TN:
SF:src\design-system\components\display\ResponsiveImage.tsx
FN:44,(anonymous_0)
FN:86,(anonymous_1)
FN:96,(anonymous_2)
FN:100,(anonymous_3)
FN:113,(anonymous_4)
FN:119,(anonymous_5)
FN:125,(anonymous_6)
FN:131,(anonymous_7)
FN:152,(anonymous_8)
FNF:9
FNH:0
FNDA:0,(anonymous_0)
FNDA:0,(anonymous_1)
FNDA:0,(anonymous_2)
FNDA:0,(anonymous_3)
FNDA:0,(anonymous_4)
FNDA:0,(anonymous_5)
FNDA:0,(anonymous_6)
FNDA:0,(anonymous_7)
FNDA:0,(anonymous_8)
DA:44,0
DA:62,0
DA:63,0
DA:64,0
DA:65,0
DA:68,0
DA:77,0
DA:86,0
DA:87,0
DA:89,0
DA:90,0
DA:93,0
DA:96,0
DA:97,0
DA:99,0
DA:101,0
DA:102,0
DA:103,0
DA:109,0
DA:110,0
DA:113,0
DA:114,0
DA:119,0
DA:120,0
DA:121,0
DA:125,0
DA:126,0
DA:127,0
DA:131,0
DA:132,0
DA:152,0
DA:153,0
DA:155,0
DA:165,0
DA:166,0
DA:177,0
LF:36
LH:0
BRDA:47,0,0,0
BRDA:48,1,0,0
BRDA:49,2,0,0
BRDA:51,3,0,0
BRDA:52,4,0,0
BRDA:53,5,0,0
BRDA:54,6,0,0
BRDA:55,7,0,0
BRDA:56,8,0,0
BRDA:87,9,0,0
BRDA:97,10,0,0
BRDA:97,11,0,0
BRDA:97,11,1,0
BRDA:101,12,0,0
BRDA:109,13,0,0
BRDA:134,14,0,0
BRDA:134,14,1,0
BRDA:134,15,0,0
BRDA:134,15,1,0
BRDA:136,16,0,0
BRDA:136,16,1,0
BRDA:136,17,0,0
BRDA:136,17,1,0
BRDA:141,18,0,0
BRDA:141,18,1,0
BRDA:141,19,0,0
BRDA:141,19,1,0
BRDA:141,19,2,0
BRDA:142,20,0,0
BRDA:142,20,1,0
BRDA:153,21,0,0
BRDA:165,22,0,0
BRDA:170,23,0,0
BRDA:170,23,1,0
BRDA:170,23,2,0
BRDA:170,23,3,0
BRDA:170,23,4,0
BRDA:180,24,0,0
BRDA:180,24,1,0
BRDA:180,24,2,0
BRDA:180,24,3,0
BRDA:180,24,4,0
BRF:42
BRH:0
end_of_record
TN:
SF:src\design-system\components\feedback\Alert.tsx
FN:89,(anonymous_1)
FN:110,(anonymous_2)
FN:114,(anonymous_3)
FNF:3
FNH:3
FNDA:10,(anonymous_1)
FNDA:1,(anonymous_2)
FNDA:1,(anonymous_3)
DA:1,1
DA:89,1
DA:102,10
DA:103,10
DA:105,10
DA:106,0
DA:110,10
DA:111,1
DA:114,1
DA:115,1
DA:116,1
DA:117,1
DA:123,10
DA:162,10
DA:165,10
DA:169,10
LF:16
LH:15
BRDA:90,0,0,7
BRDA:93,1,0,9
BRDA:94,2,0,8
BRDA:96,3,0,10
BRDA:97,4,0,10
BRDA:98,5,0,9
BRDA:105,6,0,0
BRDA:116,7,0,1
BRDA:162,8,0,1
BRDA:162,8,1,9
BRDA:165,9,0,1
BRDA:165,9,1,9
BRDA:177,10,0,10
BRDA:177,10,1,9
BRDA:185,11,0,10
BRDA:185,11,1,1
BRDA:187,12,0,10
BRDA:187,12,1,1
BRDA:191,13,0,10
BRDA:191,13,1,2
BRF:20
BRH:19
end_of_record
TN:
SF:src\design-system\components\feedback\LoadingSpinner.tsx
FN:29,(anonymous_0)
FNF:1
FNH:0
FNDA:0,(anonymous_0)
DA:29,0
DA:35,0
DA:42,0
DA:51,0
DA:52,0
DA:59,0
LF:6
LH:0
BRDA:30,0,0,0
BRDA:31,1,0,0
BRDA:32,2,0,0
BRDA:33,3,0,0
BRDA:51,4,0,0
BRF:5
BRH:0
end_of_record
TN:
SF:src\design-system\components\feedback\Skeleton.tsx
FN:25,(anonymous_0)
FN:52,(anonymous_1)
FN:67,(anonymous_2)
FN:104,(anonymous_3)
FNF:4
FNH:0
FNDA:0,(anonymous_0)
FNDA:0,(anonymous_1)
FNDA:0,(anonymous_2)
FNDA:0,(anonymous_3)
DA:25,0
DA:36,0
DA:39,0
DA:42,0
DA:52,0
DA:53,0
DA:55,0
DA:56,0
DA:59,0
DA:60,0
DA:63,0
DA:67,0
DA:68,0
DA:70,0
DA:72,0
DA:74,0
DA:76,0
DA:78,0
DA:80,0
DA:82,0
DA:84,0
DA:89,0
DA:97,0
DA:104,0
DA:105,0
DA:114,0
DA:115,0
DA:118,0
LF:28
LH:0
BRDA:26,0,0,0
BRDA:29,1,0,0
BRDA:30,2,0,0
BRDA:31,3,0,0
BRDA:32,4,0,0
BRDA:33,5,0,0
BRDA:39,6,0,0
BRDA:39,6,1,0
BRDA:55,7,0,0
BRDA:56,8,0,0
BRDA:56,8,1,0
BRDA:59,9,0,0
BRDA:60,10,0,0
BRDA:60,10,1,0
BRDA:68,11,0,0
BRDA:68,11,1,0
BRDA:68,11,2,0
BRDA:68,11,3,0
BRDA:68,11,4,0
BRDA:68,11,5,0
BRDA:68,11,6,0
BRDA:68,11,7,0
BRDA:97,12,0,0
BRDA:97,12,1,0
BRDA:100,13,0,0
BRDA:100,13,1,0
BRDA:114,14,0,0
BRF:27
BRH:0
end_of_record
TN:
SF:src\design-system\components\feedback\Toast.tsx
FN:43,(anonymous_0)
FN:52,(anonymous_1)
FN:53,(anonymous_2)
FN:53,(anonymous_3)
FN:57,(anonymous_4)
FN:68,(anonymous_5)
FN:80,(anonymous_6)
FN:85,(anonymous_7)
FN:95,(anonymous_8)
FN:116,(anonymous_9)
FN:123,(anonymous_10)
FN:127,(anonymous_11)
FN:138,(anonymous_12)
FN:163,(anonymous_13)
FN:167,(anonymous_14)
FN:170,(anonymous_15)
FN:174,(anonymous_16)
FN:178,(anonymous_17)
FN:290,(anonymous_18)
FN:300,(anonymous_19)
FN:308,(anonymous_20)
FN:316,(anonymous_21)
FN:324,(anonymous_22)
FN:332,(anonymous_23)
FNF:24
FNH:0
FNDA:0,(anonymous_0)
FNDA:0,(anonymous_1)
FNDA:0,(anonymous_2)
FNDA:0,(anonymous_3)
FNDA:0,(anonymous_4)
FNDA:0,(anonymous_5)
FNDA:0,(anonymous_6)
FNDA:0,(anonymous_7)
FNDA:0,(anonymous_8)
FNDA:0,(anonymous_9)
FNDA:0,(anonymous_10)
FNDA:0,(anonymous_11)
FNDA:0,(anonymous_12)
FNDA:0,(anonymous_13)
FNDA:0,(anonymous_14)
FNDA:0,(anonymous_15)
FNDA:0,(anonymous_16)
FNDA:0,(anonymous_17)
FNDA:0,(anonymous_18)
FNDA:0,(anonymous_19)
FNDA:0,(anonymous_20)
FNDA:0,(anonymous_21)
FNDA:0,(anonymous_22)
FNDA:0,(anonymous_23)
DA:30,0
DA:43,0
DA:49,0
DA:52,0
DA:53,0
DA:57,0
DA:58,0
DA:60,0
DA:68,0
DA:69,0
DA:70,0
DA:71,0
DA:73,0
DA:76,0
DA:80,0
DA:81,0
DA:85,0
DA:86,0
DA:95,0
DA:96,0
DA:99,0
DA:103,0
DA:109,0
DA:111,0
DA:117,0
DA:124,0
DA:127,0
DA:138,0
DA:139,0
DA:141,0
DA:143,0
DA:145,0
DA:147,0
DA:149,0
DA:151,0
DA:153,0
DA:163,0
DA:164,0
DA:167,0
DA:168,0
DA:170,0
DA:171,0
DA:174,0
DA:178,0
DA:179,0
DA:180,0
DA:182,0
DA:186,0
DA:214,0
DA:216,0
DA:256,0
DA:283,0
DA:284,0
DA:285,0
DA:286,0
DA:290,0
DA:291,0
DA:292,0
DA:293,0
DA:295,0
DA:299,0
DA:301,0
DA:302,0
DA:303,0
DA:304,0
DA:306,0
DA:309,0
DA:310,0
DA:311,0
DA:312,0
DA:314,0
DA:317,0
DA:318,0
DA:319,0
DA:320,0
DA:322,0
DA:325,0
DA:326,0
DA:327,0
DA:328,0
DA:330,0
DA:333,0
DA:334,0
DA:335,0
DA:336,0
DA:338,0
LF:86
LH:0
BRDA:45,0,0,0
BRDA:46,1,0,0
BRDA:47,2,0,0
BRDA:63,3,0,0
BRDA:63,3,1,0
BRDA:64,4,0,0
BRDA:64,4,1,0
BRDA:70,5,0,0
BRDA:96,6,0,0
BRDA:96,6,1,0
BRDA:117,7,0,0
BRDA:117,7,1,0
BRDA:139,8,0,0
BRDA:139,8,1,0
BRDA:139,8,2,0
BRDA:139,8,3,0
BRDA:139,8,4,0
BRDA:139,8,5,0
BRDA:139,8,6,0
BRDA:168,9,0,0
BRDA:179,10,0,0
BRDA:223,11,0,0
BRDA:223,11,1,0
BRDA:236,12,0,0
BRDA:236,12,1,0
BRDA:283,13,0,0
BRDA:292,14,0,0
BRDA:302,15,0,0
BRDA:310,16,0,0
BRDA:318,17,0,0
BRDA:326,18,0,0
BRDA:334,19,0,0
BRF:32
BRH:0
end_of_record
TN:
SF:src\design-system\components\inputs\Button.tsx
FN:109,(anonymous_9)
FN:152,(anonymous_10)
FN:263,(anonymous_11)
FN:285,(anonymous_12)
FNF:4
FNH:4
FNDA:9,(anonymous_9)
FNDA:9,(anonymous_10)
FNDA:9,(anonymous_11)
FNDA:18,(anonymous_12)
DA:1,1
DA:2,1
DA:108,1
DA:128,9
DA:131,9
DA:140,9
DA:149,9
DA:152,9
DA:154,9
DA:155,7
DA:157,2
DA:158,0
DA:160,2
DA:161,1
DA:163,1
DA:164,1
DA:166,0
DA:167,0
DA:169,0
DA:170,0
DA:172,0
DA:173,0
DA:175,0
DA:176,0
DA:178,0
DA:179,0
DA:183,0
DA:184,0
DA:185,0
DA:186,0
DA:188,0
DA:189,0
DA:191,0
DA:192,0
DA:194,0
DA:195,0
DA:197,0
DA:198,0
DA:200,0
DA:201,0
DA:203,0
DA:204,0
DA:206,0
DA:207,0
DA:212,0
DA:213,0
DA:214,0
DA:215,0
DA:217,0
DA:218,0
DA:220,0
DA:221,0
DA:223,0
DA:224,0
DA:226,0
DA:227,0
DA:229,0
DA:230,0
DA:235,0
DA:239,9
DA:242,9
DA:245,9
DA:250,9
DA:263,9
DA:264,9
DA:265,8
DA:266,1
DA:267,1
DA:268,0
DA:272,9
DA:285,9
DA:286,18
DA:287,1
DA:289,17
DA:292,9
DA:293,9
DA:295,9
DA:329,1
DA:331,1
LF:79
LH:34
BRDA:111,0,0,7
BRDA:112,1,0,7
BRDA:113,2,0,9
BRDA:114,3,0,8
BRDA:117,4,0,9
BRDA:118,5,0,8
BRDA:119,6,0,8
BRDA:120,7,0,9
BRDA:121,8,0,9
BRDA:122,9,0,9
BRDA:124,10,0,9
BRDA:149,11,0,0
BRDA:149,11,1,9
BRDA:154,12,0,7
BRDA:157,13,0,0
BRDA:160,14,0,1
BRDA:163,15,0,1
BRDA:166,16,0,0
BRDA:169,17,0,0
BRDA:172,18,0,0
BRDA:175,19,0,0
BRDA:178,20,0,0
BRDA:183,21,0,0
BRDA:185,22,0,0
BRDA:188,23,0,0
BRDA:191,24,0,0
BRDA:194,25,0,0
BRDA:197,26,0,0
BRDA:200,27,0,0
BRDA:203,28,0,0
BRDA:206,29,0,0
BRDA:212,30,0,0
BRDA:214,31,0,0
BRDA:217,32,0,0
BRDA:220,33,0,0
BRDA:223,34,0,0
BRDA:226,35,0,0
BRDA:229,36,0,0
BRDA:239,37,0,0
BRDA:239,37,1,9
BRDA:242,38,0,1
BRDA:242,38,1,8
BRDA:245,39,0,1
BRDA:245,39,1,8
BRDA:245,40,0,9
BRDA:245,40,1,9
BRDA:264,41,0,1
BRDA:264,42,0,9
BRDA:264,42,1,8
BRDA:265,43,0,7
BRDA:266,44,0,0
BRDA:267,45,0,1
BRDA:273,46,0,1
BRDA:273,46,1,8
BRDA:273,47,0,9
BRDA:273,47,1,8
BRDA:286,48,0,1
BRDA:300,49,0,9
BRDA:300,49,1,9
BRDA:301,50,0,1
BRDA:301,50,1,8
BRDA:304,51,0,1
BRDA:304,51,1,8
BRDA:311,52,0,8
BRDA:311,52,1,1
BRDA:311,52,2,1
BRDA:317,53,0,8
BRDA:317,53,1,8
BRDA:317,53,2,1
BRDA:317,53,3,0
BRDA:319,54,0,0
BRDA:319,54,1,0
BRDA:319,55,0,0
BRDA:319,55,1,0
BRF:74
BRH:44
end_of_record
TN:
SF:src\design-system\components\inputs\Form.tsx
FN:71,(anonymous_0)
FN:77,(anonymous_1)
FN:118,(anonymous_2)
FN:128,(anonymous_3)
FN:132,(anonymous_4)
FN:225,(anonymous_5)
FN:321,(anonymous_6)
FN:342,(anonymous_7)
FNF:8
FNH:0
FNDA:0,(anonymous_0)
FNDA:0,(anonymous_1)
FNDA:0,(anonymous_2)
FNDA:0,(anonymous_3)
FNDA:0,(anonymous_4)
FNDA:0,(anonymous_5)
FNDA:0,(anonymous_6)
FNDA:0,(anonymous_7)
DA:58,0
DA:71,0
DA:77,0
DA:95,0
DA:103,0
DA:110,0
DA:118,0
DA:119,0
DA:122,0
DA:123,0
DA:124,0
DA:127,0
DA:129,0
DA:130,0
DA:132,0
DA:134,0
DA:135,0
DA:138,0
DA:141,0
DA:142,0
DA:143,0
DA:147,0
DA:225,0
DA:244,0
DA:247,0
DA:248,0
DA:251,0
DA:258,0
DA:266,0
DA:274,0
DA:279,0
DA:322,0
DA:342,0
DA:349,0
DA:356,0
DA:363,0
LF:36
LH:0
BRDA:79,0,0,0
BRDA:80,1,0,0
BRDA:81,2,0,0
BRDA:82,3,0,0
BRDA:83,4,0,0
BRDA:84,5,0,0
BRDA:85,6,0,0
BRDA:86,7,0,0
BRDA:87,8,0,0
BRDA:88,9,0,0
BRDA:89,10,0,0
BRDA:113,11,0,0
BRDA:113,11,1,0
BRDA:123,12,0,0
BRDA:130,13,0,0
BRDA:130,13,1,0
BRDA:130,13,2,0
BRDA:134,14,0,0
BRDA:141,15,0,0
BRDA:165,16,0,0
BRDA:165,16,1,0
BRDA:169,17,0,0
BRDA:169,17,1,0
BRDA:170,18,0,0
BRDA:170,18,1,0
BRDA:171,19,0,0
BRDA:171,19,1,0
BRDA:181,20,0,0
BRDA:181,20,1,0
BRDA:187,21,0,0
BRDA:187,21,1,0
BRDA:228,22,0,0
BRDA:231,23,0,0
BRDA:232,24,0,0
BRDA:234,25,0,0
BRDA:235,26,0,0
BRDA:247,27,0,0
BRDA:247,27,1,0
BRDA:247,28,0,0
BRDA:247,28,1,0
BRDA:248,29,0,0
BRDA:248,29,1,0
BRDA:248,30,0,0
BRDA:248,30,1,0
BRDA:282,31,0,0
BRDA:282,31,1,0
BRDA:282,31,2,0
BRDA:292,32,0,0
BRDA:292,32,1,0
BRDA:292,32,2,0
BRDA:302,33,0,0
BRDA:302,33,1,0
BRDA:302,33,2,0
BRDA:302,33,3,0
BRDA:312,34,0,0
BRDA:312,34,1,0
BRDA:312,34,2,0
BRDA:319,35,0,0
BRDA:319,35,1,0
BRDA:319,35,2,0
BRDA:344,36,0,0
BRDA:345,37,0,0
BRDA:346,38,0,0
BRDA:351,39,0,0
BRDA:351,39,1,0
BRDA:352,40,0,0
BRDA:352,40,1,0
BRF:67
BRH:0
end_of_record
TN:
SF:src\design-system\components\inputs\TextInput.tsx
FN:44,(anonymous_9)
FN:75,(anonymous_10)
FN:80,(anonymous_11)
FN:122,(anonymous_12)
FNF:4
FNH:3
FNDA:25,(anonymous_9)
FNDA:0,(anonymous_10)
FNDA:2,(anonymous_11)
FNDA:25,(anonymous_12)
DA:1,1
DA:43,1
DA:71,25
DA:75,25
DA:76,0
DA:77,0
DA:80,25
DA:81,2
DA:82,2
DA:85,2
DA:89,2
DA:93,25
DA:100,25
DA:108,25
DA:115,25
DA:122,25
DA:123,25
DA:129,25
DA:130,1
DA:131,24
DA:132,1
DA:135,25
DA:137,1
DA:148,1
DA:151,1
DA:162,1
DA:165,1
DA:177,1
DA:180,22
DA:194,25
DA:198,25
DA:199,25
DA:200,25
DA:203,25
DA:210,25
DA:220,25
DA:222,25
LF:37
LH:35
BRDA:49,0,0,23
BRDA:50,1,0,22
BRDA:51,2,0,24
BRDA:54,3,0,21
BRDA:55,4,0,24
BRDA:56,5,0,24
BRDA:57,6,0,24
BRDA:58,7,0,24
BRDA:59,8,0,24
BRDA:60,9,0,24
BRDA:64,10,0,24
BRDA:72,11,0,25
BRDA:72,11,1,18
BRDA:72,11,2,18
BRDA:95,12,0,1
BRDA:95,12,1,24
BRDA:102,13,0,1
BRDA:102,13,1,24
BRDA:103,14,0,1
BRDA:103,14,1,24
BRDA:110,15,0,1
BRDA:110,15,1,24
BRDA:111,16,0,3
BRDA:111,16,1,22
BRDA:111,17,0,25
BRDA:111,17,1,24
BRDA:111,17,2,4
BRDA:126,18,0,1
BRDA:126,18,1,24
BRDA:129,19,0,1
BRDA:129,19,1,24
BRDA:131,20,0,1
BRDA:135,21,0,1
BRDA:135,21,1,1
BRDA:135,21,2,1
BRDA:135,21,3,22
BRDA:139,22,0,0
BRDA:139,22,1,1
BRDA:141,23,0,0
BRDA:141,23,1,1
BRDA:144,24,0,1
BRDA:144,24,1,0
BRDA:144,25,0,1
BRDA:144,25,1,1
BRDA:144,25,2,1
BRDA:153,26,0,0
BRDA:153,26,1,1
BRDA:155,27,0,0
BRDA:155,27,1,1
BRDA:158,28,0,1
BRDA:158,28,1,0
BRDA:158,29,0,1
BRDA:158,29,1,1
BRDA:158,29,2,1
BRDA:168,30,0,0
BRDA:168,30,1,1
BRDA:170,31,0,0
BRDA:170,31,1,1
BRDA:173,32,0,1
BRDA:173,32,1,0
BRDA:173,33,0,1
BRDA:173,33,1,1
BRDA:173,33,2,1
BRDA:182,34,0,1
BRDA:182,34,1,21
BRDA:184,35,0,1
BRDA:184,35,1,20
BRDA:188,36,0,19
BRDA:188,36,1,3
BRDA:188,37,0,22
BRDA:188,37,1,21
BRDA:188,37,2,20
BRDA:212,38,0,1
BRDA:212,38,1,24
BRDA:214,39,0,1
BRDA:214,39,1,23
BRDA:225,40,0,25
BRDA:225,40,1,3
BRDA:228,41,0,3
BRDA:228,41,1,1
BRDA:235,42,0,25
BRDA:235,42,1,1
BRDA:247,43,0,1
BRDA:247,43,1,24
BRDA:254,44,0,25
BRDA:254,44,1,1
BRDA:259,45,0,25
BRDA:259,45,1,4
BRDA:259,45,2,2
BRDA:259,45,3,2
BRDA:281,46,0,25
BRDA:281,46,1,24
BRDA:281,46,2,2
BRDA:286,47,0,2
BRDA:286,47,1,1
BRDA:291,48,0,25
BRDA:291,48,1,1
BRDA:291,48,2,1
BRF:98
BRH:89
end_of_record
TN:
SF:src\design-system\components\inputs\ThemeToggle.tsx
FN:14,(anonymous_1)
FNF:1
FNH:1
FNDA:8,(anonymous_1)
DA:1,1
DA:2,1
DA:3,1
DA:14,1
DA:19,8
DA:21,8
DA:22,8
DA:24,8
DA:38,1
LF:9
LH:9
BRDA:15,0,0,7
BRDA:16,1,0,7
BRDA:17,2,0,7
BRDA:21,3,0,4
BRDA:21,3,1,4
BRDA:22,4,0,4
BRDA:22,4,1,4
BRDA:33,5,0,1
BRDA:33,5,1,7
BRF:9
BRH:9
end_of_record
TN:
SF:src\design-system\components\layout\Card.tsx
FN:100,(anonymous_1)
FN:156,(anonymous_2)
FN:255,(anonymous_3)
FN:304,(anonymous_4)
FN:343,(anonymous_5)
FNF:5
FNH:5
FNDA:18,(anonymous_1)
FNDA:1,(anonymous_2)
FNDA:1,(anonymous_3)
FNDA:2,(anonymous_4)
FNDA:2,(anonymous_5)
DA:1,1
DA:96,1
DA:100,1
DA:121,18
DA:134,18
DA:136,1
DA:137,1
DA:139,0
DA:140,0
DA:142,0
DA:143,0
DA:145,1
DA:146,1
DA:148,0
DA:149,0
DA:153,18
DA:156,18
DA:157,1
DA:161,18
DA:169,18
DA:255,1
DA:262,1
DA:304,1
DA:309,2
DA:343,1
DA:349,2
DA:356,2
DA:364,1
DA:365,1
DA:366,1
DA:368,1
LF:31
LH:25
BRDA:105,0,0,18
BRDA:106,1,0,18
BRDA:107,2,0,18
BRDA:108,3,0,17
BRDA:111,4,0,18
BRDA:112,5,0,17
BRDA:116,6,0,16
BRDA:117,7,0,17
BRDA:118,8,0,17
BRDA:123,9,0,18
BRDA:123,9,1,0
BRDA:124,10,0,18
BRDA:124,10,1,0
BRDA:124,11,0,18
BRDA:124,11,1,0
BRDA:125,12,0,1
BRDA:125,12,1,17
BRDA:125,13,0,18
BRDA:125,13,1,18
BRDA:127,14,0,3
BRDA:127,14,1,15
BRDA:127,15,0,18
BRDA:127,15,1,17
BRDA:127,15,2,16
BRDA:128,16,0,1
BRDA:128,16,1,17
BRDA:129,17,0,1
BRDA:129,17,1,17
BRDA:134,18,0,1
BRDA:134,18,1,0
BRDA:134,18,2,0
BRDA:134,18,3,1
BRDA:134,18,4,0
BRDA:153,19,0,1
BRDA:153,19,1,17
BRDA:157,20,0,1
BRDA:164,21,0,1
BRDA:164,21,1,17
BRDA:165,22,0,1
BRDA:165,22,1,17
BRDA:166,23,0,2
BRDA:166,23,1,16
BRDA:166,24,0,18
BRDA:166,24,1,17
BRDA:172,25,0,18
BRDA:172,25,1,1
BRDA:176,26,0,1
BRDA:176,26,1,0
BRDA:177,27,0,1
BRDA:177,27,1,1
BRDA:184,28,0,18
BRDA:184,28,1,16
BRDA:184,28,2,2
BRDA:187,29,0,2
BRDA:187,29,1,2
BRDA:192,30,0,2
BRDA:192,30,1,1
BRDA:198,31,0,2
BRDA:198,31,1,1
BRDA:203,32,0,16
BRDA:203,32,1,2
BRDA:203,33,0,18
BRDA:203,33,1,18
BRDA:204,34,0,1
BRDA:204,34,1,17
BRDA:214,35,0,18
BRDA:214,35,1,1
BRDA:259,36,0,1
BRDA:260,37,0,1
BRDA:263,38,0,1
BRDA:263,38,1,0
BRDA:265,39,0,1
BRDA:265,39,1,1
BRDA:270,40,0,1
BRDA:270,40,1,1
BRDA:276,41,0,1
BRDA:276,41,1,0
BRDA:306,42,0,2
BRDA:307,43,0,1
BRDA:310,44,0,1
BRDA:310,44,1,1
BRDA:345,45,0,2
BRDA:346,46,0,2
BRDA:347,47,0,1
BRDA:357,48,0,2
BRDA:357,48,1,0
BRF:86
BRH:76
end_of_record
TN:
SF:src\design-system\components\layout\Collapsible.tsx
FN:41,(anonymous_0)
FN:72,(anonymous_1)
FN:75,(anonymous_2)
FN:86,(anonymous_3)
FN:92,(anonymous_4)
FN:100,(anonymous_5)
FN:104,(anonymous_6)
FN:111,(anonymous_7)
FN:118,(anonymous_8)
FN:183,(anonymous_9)
FNF:10
FNH:0
FNDA:0,(anonymous_0)
FNDA:0,(anonymous_1)
FNDA:0,(anonymous_2)
FNDA:0,(anonymous_3)
FNDA:0,(anonymous_4)
FNDA:0,(anonymous_5)
FNDA:0,(anonymous_6)
FNDA:0,(anonymous_7)
FNDA:0,(anonymous_8)
FNDA:0,(anonymous_9)
DA:41,0
DA:59,0
DA:62,0
DA:63,0
DA:66,0
DA:67,0
DA:72,0
DA:73,0
DA:75,0
DA:76,0
DA:77,0
DA:78,0
DA:83,0
DA:85,0
DA:86,0
DA:87,0
DA:92,0
DA:93,0
DA:95,0
DA:96,0
DA:97,0
DA:100,0
DA:101,0
DA:104,0
DA:107,0
DA:108,0
DA:111,0
DA:112,0
DA:118,0
DA:119,0
DA:121,0
DA:123,0
DA:124,0
DA:127,0
DA:128,0
DA:133,0
DA:134,0
DA:135,0
DA:140,0
DA:151,0
DA:157,0
DA:163,0
DA:169,0
DA:170,0
DA:172,0
DA:184,0
DA:185,0
DA:186,0
LF:48
LH:0
BRDA:44,0,0,0
BRDA:45,1,0,0
BRDA:46,2,0,0
BRDA:49,3,0,0
BRDA:50,4,0,0
BRDA:51,5,0,0
BRDA:54,6,0,0
BRDA:55,7,0,0
BRDA:63,8,0,0
BRDA:63,8,1,0
BRDA:68,9,0,0
BRDA:68,9,1,0
BRDA:73,10,0,0
BRDA:77,11,0,0
BRDA:77,12,0,0
BRDA:77,12,1,0
BRDA:77,12,2,0
BRDA:93,13,0,0
BRDA:95,14,0,0
BRDA:95,14,1,0
BRDA:119,15,0,0
BRDA:123,16,0,0
BRDA:127,17,0,0
BRDA:135,18,0,0
BRDA:135,18,1,0
BRDA:136,19,0,0
BRDA:136,19,1,0
BRDA:137,20,0,0
BRDA:137,20,1,0
BRDA:140,21,0,0
BRDA:140,21,1,0
BRDA:140,22,0,0
BRDA:140,22,1,0
BRDA:140,22,2,0
BRDA:142,23,0,0
BRDA:142,23,1,0
BRDA:146,24,0,0
BRDA:146,24,1,0
BRDA:153,25,0,0
BRDA:153,25,1,0
BRDA:159,26,0,0
BRDA:159,26,1,0
BRDA:169,27,0,0
BRDA:169,27,1,0
BRDA:170,28,0,0
BRDA:170,28,1,0
BRDA:182,29,0,0
BRDA:182,29,1,0
BRDA:184,30,0,0
BRDA:184,31,0,0
BRDA:184,31,1,0
BRF:51
BRH:0
end_of_record
TN:
SF:src\design-system\components\layout\Grid.tsx
FN:45,(anonymous_1)
FN:77,(anonymous_2)
FN:107,(anonymous_3)
FN:113,(anonymous_4)
FN:129,(anonymous_5)
FNF:5
FNH:5
FNDA:26,(anonymous_1)
FNDA:50,(anonymous_2)
FNDA:50,(anonymous_3)
FNDA:24,(anonymous_4)
FNDA:1,(anonymous_5)
DA:1,1
DA:45,1
DA:60,26
DA:63,26
DA:64,1
DA:68,26
DA:77,26
DA:78,50
DA:79,50
DA:82,26
DA:88,26
DA:98,26
DA:107,26
DA:108,50
DA:109,49
DA:113,26
DA:114,24
DA:115,22
DA:125,2
DA:129,26
DA:130,1
DA:131,1
DA:135,26
DA:138,26
DA:141,26
DA:153,26
DA:160,1
LF:27
LH:27
BRDA:47,0,0,23
BRDA:48,1,0,21
BRDA:50,2,0,20
BRDA:51,3,0,21
BRDA:52,4,0,25
BRDA:53,5,0,25
BRDA:54,6,0,25
BRDA:56,7,0,25
BRDA:57,8,0,25
BRDA:60,9,0,1
BRDA:60,9,1,25
BRDA:63,10,0,1
BRDA:78,11,0,0
BRDA:78,12,0,50
BRDA:78,12,1,50
BRDA:83,13,0,25
BRDA:83,13,1,1
BRDA:83,14,0,26
BRDA:83,14,1,26
BRDA:84,15,0,25
BRDA:84,15,1,1
BRDA:84,16,0,26
BRDA:84,16,1,26
BRDA:108,17,0,1
BRDA:114,18,0,22
BRDA:116,19,0,22
BRDA:116,19,1,0
BRDA:117,20,0,1
BRDA:117,20,1,21
BRDA:118,21,0,22
BRDA:118,21,1,0
BRDA:119,22,0,1
BRDA:119,22,1,21
BRDA:120,23,0,1
BRDA:120,23,1,21
BRDA:121,24,0,1
BRDA:121,24,1,21
BRDA:130,25,0,0
BRDA:131,26,0,1
BRDA:131,26,1,0
BRDA:135,27,0,1
BRDA:135,27,1,25
BRDA:138,28,0,1
BRDA:138,28,1,25
BRDA:143,29,0,24
BRDA:143,29,1,2
BRDA:143,30,0,26
BRDA:143,30,1,25
BRDA:144,31,0,1
BRDA:144,31,1,25
BRDA:145,32,0,1
BRDA:145,32,1,25
BRF:52
BRH:47
end_of_record
TN:
SF:src\design-system\components\layout\MediaQuery.tsx
FN:37,(anonymous_0)
FN:51,(anonymous_1)
FN:90,(anonymous_2)
FN:106,(anonymous_3)
FN:114,(anonymous_4)
FN:137,(anonymous_5)
FN:185,(anonymous_6)
FN:219,(anonymous_7)
FN:222,(anonymous_8)
FN:229,(anonymous_9)
FN:235,(anonymous_10)
FN:244,(anonymous_11)
FNF:12
FNH:0
FNDA:0,(anonymous_0)
FNDA:0,(anonymous_1)
FNDA:0,(anonymous_2)
FNDA:0,(anonymous_3)
FNDA:0,(anonymous_4)
FNDA:0,(anonymous_5)
FNDA:0,(anonymous_6)
FNDA:0,(anonymous_7)
FNDA:0,(anonymous_8)
FNDA:0,(anonymous_9)
FNDA:0,(anonymous_10)
FNDA:0,(anonymous_11)
DA:6,0
DA:37,0
DA:48,0
DA:51,0
DA:52,0
DA:55,0
DA:57,0
DA:58,0
DA:59,0
DA:60,0
DA:62,0
DA:63,0
DA:65,0
DA:69,0
DA:70,0
DA:74,0
DA:75,0
DA:79,0
DA:80,0
DA:83,0
DA:84,0
DA:87,0
DA:90,0
DA:91,0
DA:94,0
DA:95,0
DA:96,0
DA:100,0
DA:103,0
DA:106,0
DA:107,0
DA:111,0
DA:114,0
DA:115,0
DA:120,0
DA:137,0
DA:143,0
DA:145,0
DA:152,0
DA:153,0
DA:160,0
DA:161,0
DA:168,0
DA:185,0
DA:191,0
DA:192,0
DA:199,0
DA:200,0
DA:207,0
DA:208,0
DA:215,0
DA:219,0
DA:220,0
DA:222,0
DA:223,0
DA:226,0
DA:229,0
DA:230,0
DA:233,0
DA:235,0
DA:236,0
DA:240,0
DA:244,0
DA:245,0
DA:246,0
DA:250,0
LF:66
LH:0
BRDA:44,0,0,0
BRDA:45,1,0,0
BRDA:55,2,0,0
BRDA:60,3,0,0
BRDA:60,3,1,0
BRDA:62,4,0,0
BRDA:63,5,0,0
BRDA:69,6,0,0
BRDA:74,7,0,0
BRDA:79,8,0,0
BRDA:83,9,0,0
BRDA:94,10,0,0
BRDA:120,11,0,0
BRDA:120,11,1,0
BRDA:143,12,0,0
BRDA:152,13,0,0
BRDA:160,14,0,0
BRDA:191,15,0,0
BRDA:199,16,0,0
BRDA:207,17,0,0
BRDA:244,18,0,0
BRDA:246,19,0,0
BRDA:246,19,1,0
BRF:23
BRH:0
end_of_record
TN:
SF:src\design-system\components\layout\ResponsiveContainer.tsx
FN:27,(anonymous_0)
FNF:1
FNH:0
FNDA:0,(anonymous_0)
DA:27,0
DA:37,0
DA:54,0
DA:63,0
DA:66,0
DA:74,0
LF:6
LH:0
BRDA:29,0,0,0
BRDA:30,1,0,0
BRDA:31,2,0,0
BRDA:32,3,0,0
BRDA:33,4,0,0
BRDA:34,5,0,0
BRDA:63,6,0,0
BRDA:63,6,1,0
BRDA:67,7,0,0
BRDA:67,7,1,0
BRDA:68,8,0,0
BRDA:68,8,1,0
BRDA:69,9,0,0
BRDA:69,9,1,0
BRDA:70,10,0,0
BRDA:70,10,1,0
BRF:16
BRH:0
end_of_record
TN:
SF:src\design-system\components\layout\ToolLayout.tsx
FN:8,(anonymous_0)
FN:10,(anonymous_1)
FN:11,(anonymous_2)
FN:11,(anonymous_3)
FN:37,(anonymous_4)
FNF:5
FNH:0
FNDA:0,(anonymous_0)
FNDA:0,(anonymous_1)
FNDA:0,(anonymous_2)
FNDA:0,(anonymous_3)
FNDA:0,(anonymous_4)
DA:8,0
DA:9,0
DA:10,0
DA:11,0
DA:37,0
DA:44,0
DA:45,0
DA:46,0
DA:48,0
LF:9
LH:0
BRDA:40,0,0,0
BRDA:41,1,0,0
BRDA:42,2,0,0
BRDA:65,3,0,0
BRDA:65,3,1,0
BRDA:72,4,0,0
BRDA:72,4,1,0
BRDA:77,5,0,0
BRDA:77,5,1,0
BRDA:86,6,0,0
BRDA:86,6,1,0
BRDA:92,7,0,0
BRDA:92,7,1,0
BRDA:96,8,0,0
BRDA:96,8,1,0
BRDA:102,9,0,0
BRDA:102,9,1,0
BRF:17
BRH:0
end_of_record
TN:
SF:src\design-system\components\navigation\TabGroup.tsx
FN:149,(anonymous_9)
FN:162,(anonymous_10)
FN:165,(anonymous_11)
FN:175,(anonymous_12)
FN:184,(anonymous_13)
FN:195,(anonymous_14)
FN:214,(anonymous_15)
FN:225,(anonymous_16)
FN:312,(anonymous_17)
FN:335,(anonymous_18)
FN:353,(anonymous_19)
FN:458,(anonymous_20)
FNF:12
FNH:12
FNDA:25,(anonymous_9)
FNDA:13,(anonymous_10)
FNDA:40,(anonymous_11)
FNDA:16,(anonymous_12)
FNDA:2,(anonymous_13)
FNDA:17,(anonymous_14)
FNDA:78,(anonymous_15)
FNDA:25,(anonymous_16)
FNDA:43,(anonymous_17)
FNDA:3,(anonymous_18)
FNDA:39,(anonymous_19)
FNDA:43,(anonymous_20)
DA:1,1
DA:18,1
DA:149,1
DA:162,25
DA:165,13
DA:166,40
DA:167,13
DA:171,13
DA:175,25
DA:177,16
DA:181,25
DA:184,25
DA:185,2
DA:186,2
DA:189,2
DA:190,1
DA:195,25
DA:196,17
DA:197,2
DA:202,25
DA:211,25
DA:212,25
DA:214,25
DA:215,78
DA:217,78
DA:218,39
DA:219,39
DA:220,39
DA:225,25
DA:226,25
DA:232,25
DA:234,1
DA:235,1
DA:237,1
DA:238,1
DA:240,1
DA:241,1
DA:243,22
DA:247,25
DA:249,1
DA:250,1
DA:252,1
DA:253,1
DA:255,1
DA:256,1
DA:258,22
DA:261,25
DA:264,25
DA:312,1
DA:324,43
DA:326,43
DA:327,4
DA:330,39
DA:332,39
DA:333,39
DA:335,39
DA:336,3
DA:337,3
DA:338,1
DA:340,2
DA:346,39
DA:353,39
DA:354,39
DA:361,39
DA:362,1
DA:365,39
DA:367,1
DA:373,1
DA:376,1
DA:383,1
DA:384,0
DA:388,1
DA:391,1
DA:397,1
DA:400,36
DA:408,39
DA:412,39
DA:414,39
DA:458,1
DA:466,43
DA:468,43
DA:469,4
DA:472,39
DA:474,39
DA:476,39
DA:477,13
DA:480,26
LF:87
LH:86
BRDA:150,0,0,25
BRDA:152,1,0,22
BRDA:153,2,0,23
BRDA:154,3,0,22
BRDA:155,4,0,25
BRDA:156,5,0,24
BRDA:166,6,0,13
BRDA:166,7,0,40
BRDA:166,7,1,40
BRDA:166,7,2,20
BRDA:166,7,3,18
BRDA:177,8,0,16
BRDA:177,8,1,15
BRDA:177,8,2,13
BRDA:177,8,3,0
BRDA:181,9,0,3
BRDA:181,9,1,22
BRDA:185,10,0,2
BRDA:189,11,0,1
BRDA:196,12,0,2
BRDA:215,13,0,0
BRDA:217,14,0,39
BRDA:217,14,1,39
BRDA:219,15,0,39
BRDA:232,16,0,1
BRDA:232,16,1,1
BRDA:232,16,2,1
BRDA:232,16,3,22
BRDA:247,17,0,1
BRDA:247,17,1,1
BRDA:247,17,2,1
BRDA:247,17,3,22
BRDA:317,18,0,41
BRDA:318,19,0,42
BRDA:326,20,0,4
BRDA:332,21,0,1
BRDA:332,21,1,38
BRDA:336,22,0,3
BRDA:337,23,0,1
BRDA:337,23,1,2
BRDA:357,24,0,2
BRDA:357,24,1,37
BRDA:361,25,0,1
BRDA:365,26,0,1
BRDA:365,26,1,1
BRDA:365,26,2,1
BRDA:365,26,3,36
BRDA:369,27,0,1
BRDA:369,27,1,0
BRDA:378,28,0,1
BRDA:378,28,1,0
BRDA:383,29,0,0
BRDA:393,30,0,1
BRDA:393,30,1,0
BRDA:402,31,0,23
BRDA:402,31,1,13
BRDA:412,32,0,39
BRDA:412,32,1,38
BRDA:421,33,0,26
BRDA:421,33,1,13
BRDA:427,34,0,39
BRDA:427,34,1,1
BRDA:429,35,0,39
BRDA:429,35,1,1
BRDA:461,36,0,42
BRDA:462,37,0,43
BRDA:468,38,0,4
BRDA:474,39,0,0
BRDA:474,39,1,39
BRDA:474,40,0,39
BRDA:474,40,1,39
BRDA:476,41,0,13
BRDA:476,42,0,39
BRDA:476,42,1,38
BRDA:485,43,0,25
BRDA:485,43,1,1
BRF:76
BRH:69
end_of_record
TN:
SF:src\design-system\components\overlays\Drawer.tsx
FN:53,(anonymous_0)
FN:78,(anonymous_1)
FN:79,(anonymous_2)
FN:89,(anonymous_3)
FN:95,(anonymous_4)
FN:106,(anonymous_5)
FN:114,(anonymous_6)
FN:121,(anonymous_7)
FN:123,(anonymous_8)
FN:131,(anonymous_9)
FN:138,(anonymous_10)
FN:175,(anonymous_11)
FN:187,(anonymous_12)
FNF:13
FNH:0
FNDA:0,(anonymous_0)
FNDA:0,(anonymous_1)
FNDA:0,(anonymous_2)
FNDA:0,(anonymous_3)
FNDA:0,(anonymous_4)
FNDA:0,(anonymous_5)
FNDA:0,(anonymous_6)
FNDA:0,(anonymous_7)
FNDA:0,(anonymous_8)
FNDA:0,(anonymous_9)
FNDA:0,(anonymous_10)
FNDA:0,(anonymous_11)
FNDA:0,(anonymous_12)
DA:53,0
DA:74,0
DA:75,0
DA:78,0
DA:79,0
DA:80,0
DA:81,0
DA:85,0
DA:86,0
DA:89,0
DA:90,0
DA:95,0
DA:96,0
DA:97,0
DA:98,0
DA:101,0
DA:103,0
DA:104,0
DA:106,0
DA:107,0
DA:108,0
DA:114,0
DA:115,0
DA:116,0
DA:121,0
DA:122,0
DA:123,0
DA:124,0
DA:125,0
DA:129,0
DA:131,0
DA:132,0
DA:138,0
DA:140,0
DA:141,0
DA:150,0
DA:154,0
DA:158,0
DA:167,0
DA:171,0
DA:175,0
DA:176,0
DA:183,0
DA:187,0
DA:188,0
DA:195,0
DA:199,0
DA:210,0
DA:219,0
DA:283,0
DA:284,0
DA:285,0
DA:289,0
DA:290,0
DA:291,0
DA:294,0
LF:56
LH:0
BRDA:58,0,0,0
BRDA:59,1,0,0
BRDA:60,2,0,0
BRDA:61,3,0,0
BRDA:62,4,0,0
BRDA:63,5,0,0
BRDA:66,6,0,0
BRDA:68,7,0,0
BRDA:70,8,0,0
BRDA:72,9,0,0
BRDA:80,10,0,0
BRDA:80,11,0,0
BRDA:80,11,1,0
BRDA:80,11,2,0
BRDA:85,12,0,0
BRDA:96,13,0,0
BRDA:96,14,0,0
BRDA:96,14,1,0
BRDA:96,14,2,0
BRDA:115,15,0,0
BRDA:115,16,0,0
BRDA:115,16,1,0
BRDA:122,17,0,0
BRDA:122,18,0,0
BRDA:122,18,1,0
BRDA:124,19,0,0
BRDA:124,20,0,0
BRDA:124,20,1,0
BRDA:140,21,0,0
BRDA:140,22,0,0
BRDA:140,22,1,0
BRDA:150,23,0,0
BRDA:150,23,1,0
BRDA:167,24,0,0
BRDA:167,24,1,0
BRDA:177,25,0,0
BRDA:177,25,1,0
BRDA:178,26,0,0
BRDA:178,26,1,0
BRDA:179,27,0,0
BRDA:179,27,1,0
BRDA:180,28,0,0
BRDA:180,28,1,0
BRDA:213,29,0,0
BRDA:213,29,1,0
BRDA:214,30,0,0
BRDA:214,30,1,0
BRDA:221,31,0,0
BRDA:221,31,1,0
BRDA:224,32,0,0
BRDA:224,32,1,0
BRDA:235,33,0,0
BRDA:235,33,1,0
BRDA:235,34,0,0
BRDA:235,34,1,0
BRDA:240,35,0,0
BRDA:240,35,1,0
BRDA:241,36,0,0
BRDA:241,36,1,0
BRDA:246,37,0,0
BRDA:246,37,1,0
BRDA:264,38,0,0
BRDA:264,38,1,0
BRDA:266,39,0,0
BRDA:266,39,1,0
BRDA:283,40,0,0
BRDA:283,41,0,0
BRDA:283,41,1,0
BRDA:289,42,0,0
BRDA:290,43,0,0
BRDA:290,43,1,0
BRF:71
BRH:0
end_of_record
TN:
SF:src\design-system\components\overlays\Modal.tsx
FN:124,(anonymous_9)
FN:148,(anonymous_10)
FN:157,(anonymous_11)
FN:163,(anonymous_12)
FN:170,(anonymous_13)
FN:171,(anonymous_14)
FN:179,(anonymous_15)
FN:185,(anonymous_16)
FN:341,ModalHeader
FN:391,ModalFooter
FN:417,ModalBody
FNF:11
FNH:10
FNDA:21,(anonymous_9)
FNDA:9,(anonymous_10)
FNDA:9,(anonymous_11)
FNDA:1,(anonymous_12)
FNDA:12,(anonymous_13)
FNDA:0,(anonymous_14)
FNDA:12,(anonymous_15)
FNDA:9,(anonymous_16)
FNDA:12,ModalHeader
FNDA:1,ModalFooter
FNDA:12,ModalBody
DA:1,1
DA:2,1
DA:124,1
DA:144,21
DA:145,21
DA:148,21
DA:149,9
DA:152,9
DA:153,8
DA:157,9
DA:158,9
DA:163,21
DA:164,1
DA:165,0
DA:170,21
DA:171,12
DA:172,0
DA:173,0
DA:177,12
DA:179,12
DA:180,12
DA:185,21
DA:186,9
DA:187,0
DA:191,0
DA:192,0
DA:198,21
DA:207,21
DA:211,21
DA:216,21
DA:226,21
DA:234,21
DA:235,9
DA:240,12
DA:324,12
DA:341,1
DA:347,12
DA:391,1
DA:395,1
DA:417,1
DA:421,12
DA:428,1
LF:42
LH:36
BRDA:130,0,0,16
BRDA:131,1,0,21
BRDA:132,2,0,21
BRDA:133,3,0,21
BRDA:135,4,0,21
BRDA:137,5,0,19
BRDA:138,6,0,19
BRDA:140,7,0,21
BRDA:141,8,0,21
BRDA:142,9,0,21
BRDA:152,10,0,8
BRDA:164,11,0,0
BRDA:164,12,0,1
BRDA:164,12,1,1
BRDA:172,13,0,0
BRDA:172,14,0,0
BRDA:172,14,1,0
BRDA:172,14,2,0
BRDA:186,15,0,0
BRDA:186,16,0,9
BRDA:186,16,1,8
BRDA:191,17,0,0
BRDA:207,18,0,21
BRDA:207,18,1,0
BRDA:211,19,0,21
BRDA:211,19,1,0
BRDA:219,20,0,21
BRDA:219,20,1,0
BRDA:220,21,0,0
BRDA:220,21,1,21
BRDA:228,22,0,0
BRDA:228,22,1,21
BRDA:234,23,0,9
BRDA:243,24,0,11
BRDA:243,24,1,1
BRDA:244,25,0,11
BRDA:244,25,1,1
BRDA:250,26,0,0
BRDA:250,26,1,12
BRDA:251,27,0,0
BRDA:251,27,1,12
BRDA:258,28,0,11
BRDA:258,28,1,1
BRDA:259,29,0,11
BRDA:259,29,1,1
BRDA:264,30,0,12
BRDA:264,30,1,12
BRDA:264,30,2,12
BRDA:264,30,3,12
BRDA:266,31,0,12
BRDA:266,31,1,12
BRDA:268,32,0,12
BRDA:268,32,1,0
BRDA:276,33,0,12
BRDA:276,33,1,0
BRDA:287,34,0,12
BRDA:287,34,1,12
BRDA:303,35,0,0
BRDA:303,35,1,12
BRDA:304,36,0,0
BRDA:304,36,1,12
BRDA:314,37,0,12
BRDA:314,37,1,0
BRDA:345,38,0,12
BRDA:350,39,0,12
BRDA:350,39,1,0
BRDA:355,40,0,12
BRDA:355,40,1,0
BRDA:362,41,0,12
BRDA:362,41,1,0
BRDA:393,42,0,1
BRDA:419,43,0,12
BRF:72
BRH:50
end_of_record
TN:
SF:src\design-system\components\overlays\Tooltip.tsx
FN:87,(anonymous_9)
FN:108,(anonymous_10)
FN:113,(anonymous_11)
FN:122,(anonymous_12)
FN:130,(anonymous_13)
FN:136,(anonymous_14)
FN:137,(anonymous_15)
FN:145,(anonymous_16)
FN:159,(anonymous_17)
FN:171,(anonymous_18)
FN:185,(anonymous_19)
FN:201,(anonymous_20)
FNF:12
FNH:11
FNDA:39,(anonymous_9)
FNDA:16,(anonymous_10)
FNDA:0,(anonymous_11)
FNDA:3,(anonymous_12)
FNDA:3,(anonymous_13)
FNDA:15,(anonymous_14)
FNDA:15,(anonymous_15)
FNDA:39,(anonymous_16)
FNDA:39,(anonymous_17)
FNDA:39,(anonymous_18)
FNDA:39,(anonymous_19)
FNDA:1,(anonymous_20)
DA:1,1
DA:2,1
DA:87,1
DA:101,39
DA:102,39
DA:103,39
DA:104,39
DA:105,39
DA:108,39
DA:109,16
DA:111,15
DA:112,15
DA:113,0
DA:114,0
DA:117,15
DA:122,39
DA:123,3
DA:124,0
DA:125,0
DA:127,3
DA:130,3
DA:131,3
DA:136,39
DA:137,15
DA:138,15
DA:139,0
DA:145,39
DA:146,39
DA:148,1
DA:150,2
DA:152,2
DA:154,34
DA:159,39
DA:160,39
DA:162,0
DA:164,0
DA:166,39
DA:171,39
DA:172,39
DA:174,18
DA:181,18
DA:185,39
DA:186,39
DA:188,1
DA:190,2
DA:192,2
DA:194,34
DA:199,39
DA:202,1
DA:203,1
DA:210,39
DA:225,39
DA:232,39
DA:262,1
LF:54
LH:47
BRDA:90,0,0,32
BRDA:91,1,0,39
BRDA:92,2,0,37
BRDA:93,3,0,39
BRDA:94,4,0,38
BRDA:95,5,0,36
BRDA:96,6,0,37
BRDA:98,7,0,37
BRDA:99,8,0,36
BRDA:109,9,0,1
BRDA:112,10,0,0
BRDA:112,10,1,15
BRDA:123,11,0,0
BRDA:138,12,0,0
BRDA:146,13,0,1
BRDA:146,13,1,2
BRDA:146,13,2,2
BRDA:146,13,3,34
BRDA:160,14,0,0
BRDA:160,14,1,0
BRDA:160,14,2,39
BRDA:172,15,0,21
BRDA:186,16,0,1
BRDA:186,16,1,2
BRDA:186,16,2,2
BRDA:186,16,3,34
BRDA:199,17,0,2
BRDA:199,17,1,37
BRDA:220,18,0,18
BRDA:220,18,1,21
BRDA:246,19,0,39
BRDA:246,19,1,21
BRDA:252,20,0,2
BRDA:252,20,1,19
BRDA:254,21,0,21
BRDA:254,21,1,20
BRDA:255,22,0,21
BRDA:255,22,1,19
BRF:38
BRH:33
end_of_record
TN:
SF:src\design-system\components\typography\Text.tsx
FN:62,(anonymous_1)
FN:96,(anonymous_2)
FN:161,(anonymous_3)
FN:174,(anonymous_4)
FNF:4
FNH:4
FNDA:55,(anonymous_1)
FNDA:55,(anonymous_2)
FNDA:55,(anonymous_3)
FNDA:55,(anonymous_4)
DA:1,1
DA:62,1
DA:79,55
DA:96,55
DA:97,55
DA:98,53
DA:101,2
DA:111,55
DA:124,55
DA:132,55
DA:146,55
DA:154,55
DA:161,55
DA:162,55
DA:163,2
DA:165,53
DA:166,1
DA:168,52
DA:171,55
DA:174,55
DA:175,55
DA:177,54
DA:180,54
DA:181,49
DA:182,5
DA:183,2
DA:185,3
DA:190,55
DA:203,55
DA:210,1
LF:30
LH:30
BRDA:64,0,0,51
BRDA:65,1,0,43
BRDA:66,2,0,48
BRDA:68,3,0,51
BRDA:69,4,0,52
BRDA:72,5,0,53
BRDA:73,6,0,53
BRDA:74,7,0,54
BRDA:75,8,0,54
BRDA:76,9,0,53
BRDA:97,10,0,53
BRDA:102,11,0,2
BRDA:102,11,1,0
BRDA:103,12,0,0
BRDA:103,12,1,2
BRDA:104,13,0,2
BRDA:104,13,1,0
BRDA:105,14,0,2
BRDA:105,14,1,0
BRDA:106,15,0,0
BRDA:106,15,1,2
BRDA:124,16,0,7
BRDA:124,16,1,48
BRDA:146,17,0,3
BRDA:146,17,1,52
BRDA:155,18,0,2
BRDA:155,18,1,53
BRDA:156,19,0,2
BRDA:156,19,1,53
BRDA:157,20,0,1
BRDA:157,20,1,54
BRDA:162,21,0,2
BRDA:165,22,0,1
BRDA:171,23,0,2
BRDA:171,23,1,53
BRDA:175,24,0,1
BRDA:177,25,0,52
BRDA:177,25,1,2
BRDA:177,26,0,2
BRDA:177,26,1,0
BRDA:180,27,0,49
BRDA:180,27,1,5
BRDA:182,28,0,2
BRDA:182,28,1,3
BRF:44
BRH:38
end_of_record
TN:
SF:src\design-system\context\ThemeContext.tsx
FN:24,(anonymous_9)
FN:31,(anonymous_10)
FN:36,(anonymous_11)
FN:42,(anonymous_12)
FN:49,(anonymous_13)
FN:66,(anonymous_14)
FN:71,(anonymous_15)
FN:76,(anonymous_16)
FN:80,(anonymous_17)
FN:92,(anonymous_18)
FN:98,(anonymous_19)
FN:123,(anonymous_20)
FNF:12
FNH:10
FNDA:20,(anonymous_9)
FNDA:18,(anonymous_10)
FNDA:18,(anonymous_11)
FNDA:18,(anonymous_12)
FNDA:8,(anonymous_13)
FNDA:8,(anonymous_14)
FNDA:0,(anonymous_15)
FNDA:2,(anonymous_16)
FNDA:2,(anonymous_17)
FNDA:0,(anonymous_18)
FNDA:2,(anonymous_19)
FNDA:8,(anonymous_20)
DA:1,2
DA:15,2
DA:24,2
DA:31,20
DA:32,18
DA:33,18
DA:36,20
DA:37,18
DA:38,18
DA:42,20
DA:43,18
DA:44,17
DA:45,14
DA:49,20
DA:50,8
DA:53,8
DA:54,4
DA:55,4
DA:57,4
DA:58,4
DA:62,8
DA:66,20
DA:67,8
DA:69,2
DA:71,2
DA:72,0
DA:75,2
DA:76,2
DA:80,20
DA:81,2
DA:82,2
DA:84,2
DA:85,0
DA:87,2
DA:92,20
DA:93,0
DA:94,0
DA:98,20
DA:99,2
DA:100,1
DA:102,1
DA:106,20
DA:123,2
DA:124,8
DA:126,8
DA:127,0
DA:130,8
DA:133,2
LF:48
LH:43
BRDA:26,0,0,14
BRDA:27,1,0,20
BRDA:28,2,0,20
BRDA:33,3,0,18
BRDA:33,3,1,18
BRDA:38,4,0,18
BRDA:38,4,1,18
BRDA:43,5,0,1
BRDA:44,6,0,3
BRDA:53,7,0,4
BRDA:53,7,1,4
BRDA:67,8,0,6
BRDA:84,9,0,0
BRDA:84,9,1,2
BRDA:99,10,0,1
BRDA:99,10,1,1
BRDA:126,11,0,0
BRF:17
BRH:15
end_of_record
TN:
SF:src\design-system\foundations\animations.ts
FN:221,(anonymous_0)
FN:226,(anonymous_1)
FNF:2
FNH:0
FNDA:0,(anonymous_0)
FNDA:0,(anonymous_1)
DA:14,1
DA:24,1
DA:43,1
DA:141,1
DA:178,1
DA:221,1
DA:222,0
DA:226,1
DA:228,0
LF:9
LH:7
BRDA:221,0,0,0
BRDA:221,1,0,0
BRF:2
BRH:0
end_of_record
TN:
SF:src\design-system\foundations\colors.ts
FN:78,(anonymous_0)
FNF:1
FNH:0
FNDA:0,(anonymous_0)
DA:2,0
DA:78,0
DA:79,0
DA:80,0
DA:82,0
DA:83,0
DA:84,0
DA:85,0
DA:87,0
DA:90,0
LF:10
LH:0
BRDA:83,0,0,0
BRDA:90,1,0,0
BRDA:90,1,1,0
BRDA:90,2,0,0
BRDA:90,2,1,0
BRF:5
BRH:0
end_of_record
TN:
SF:src\design-system\foundations\spacing.ts
FN:41,(anonymous_0)
FNF:1
FNH:0
FNDA:0,(anonymous_0)
DA:2,0
DA:41,0
DA:42,0
DA:43,0
DA:45,0
LF:5
LH:0
BRDA:42,0,0,0
BRDA:42,1,0,0
BRDA:42,1,1,0
BRDA:43,2,0,0
BRDA:43,2,1,0
BRF:5
BRH:0
end_of_record
TN:
SF:src\design-system\foundations\typography.ts
FNF:0
FNH:0
DA:2,0
DA:8,0
DA:21,0
DA:33,0
DA:42,0
DA:52,0
LF:6
LH:0
BRF:0
BRH:0
end_of_record
TN:
SF:src\design-system\icons\index.ts
FN:100,(anonymous_0)
FN:112,(anonymous_1)
FNF:2
FNH:1
FNDA:1,(anonymous_0)
FNDA:0,(anonymous_1)
DA:49,1
DA:100,1
DA:101,1
DA:112,1
DA:113,0
DA:114,0
DA:116,0
LF:7
LH:4
BRDA:101,0,0,1
BRDA:101,0,1,0
BRDA:113,1,0,0
BRF:3
BRH:1
end_of_record
TN:
SF:src\design-system\icons\tool-icons.tsx
FN:11,(anonymous_0)
FN:17,(anonymous_1)
FN:23,(anonymous_2)
FN:29,(anonymous_3)
FN:36,(anonymous_4)
FN:42,(anonymous_5)
FN:49,(anonymous_6)
FN:55,(anonymous_7)
FN:61,(anonymous_8)
FN:67,(anonymous_9)
FN:73,(anonymous_10)
FN:79,(anonymous_11)
FN:85,(anonymous_12)
FN:91,(anonymous_13)
FNF:14
FNH:0
FNDA:0,(anonymous_0)
FNDA:0,(anonymous_1)
FNDA:0,(anonymous_2)
FNDA:0,(anonymous_3)
FNDA:0,(anonymous_4)
FNDA:0,(anonymous_5)
FNDA:0,(anonymous_6)
FNDA:0,(anonymous_7)
FNDA:0,(anonymous_8)
FNDA:0,(anonymous_9)
FNDA:0,(anonymous_10)
FNDA:0,(anonymous_11)
FNDA:0,(anonymous_12)
FNDA:0,(anonymous_13)
DA:11,0
DA:12,0
DA:17,0
DA:18,0
DA:23,0
DA:24,0
DA:29,0
DA:30,0
DA:36,0
DA:37,0
DA:42,0
DA:43,0
DA:49,0
DA:50,0
DA:55,0
DA:56,0
DA:61,0
DA:62,0
DA:67,0
DA:68,0
DA:73,0
DA:74,0
DA:79,0
DA:80,0
DA:85,0
DA:86,0
DA:91,0
DA:92,0
LF:28
LH:0
BRF:0
BRH:0
end_of_record
TN:
SF:src\layout\Footer.tsx
FN:6,(anonymous_0)
FNF:1
FNH:0
FNDA:0,(anonymous_0)
DA:6,0
DA:7,0
LF:2
LH:0
BRF:0
BRH:0
end_of_record
TN:
SF:src\layout\Header.tsx
FN:9,(anonymous_0)
FN:14,(anonymous_1)
FN:29,(anonymous_2)
FN:65,(anonymous_3)
FN:72,(anonymous_4)
FNF:5
FNH:0
FNDA:0,(anonymous_0)
FNDA:0,(anonymous_1)
FNDA:0,(anonymous_2)
FNDA:0,(anonymous_3)
FNDA:0,(anonymous_4)
DA:9,0
DA:10,0
DA:11,0
DA:12,0
DA:14,0
DA:15,0
DA:18,0
DA:30,0
DA:31,0
DA:66,0
DA:67,0
DA:72,0
LF:12
LH:0
BRDA:52,0,0,0
BRDA:52,0,1,0
BRDA:62,1,0,0
BRDA:62,1,1,0
BRF:4
BRH:0
end_of_record
TN:
SF:src\pages\Home.tsx
FN:24,(anonymous_0)
FN:55,(anonymous_1)
FN:65,(anonymous_2)
FN:70,(anonymous_3)
FN:108,(anonymous_4)
FN:119,(anonymous_5)
FN:124,(anonymous_6)
FN:131,(anonymous_7)
FN:139,(anonymous_8)
FN:146,(anonymous_9)
FN:156,(anonymous_10)
FN:166,(anonymous_11)
FN:189,(anonymous_12)
FN:229,(anonymous_13)
FNF:14
FNH:0
FNDA:0,(anonymous_0)
FNDA:0,(anonymous_1)
FNDA:0,(anonymous_2)
FNDA:0,(anonymous_3)
FNDA:0,(anonymous_4)
FNDA:0,(anonymous_5)
FNDA:0,(anonymous_6)
FNDA:0,(anonymous_7)
FNDA:0,(anonymous_8)
FNDA:0,(anonymous_9)
FNDA:0,(anonymous_10)
FNDA:0,(anonymous_11)
FNDA:0,(anonymous_12)
FNDA:0,(anonymous_13)
DA:24,0
DA:25,0
DA:39,0
DA:48,0
DA:55,0
DA:56,0
DA:57,0
DA:59,0
DA:60,0
DA:61,0
DA:62,0
DA:65,0
DA:67,0
DA:71,0
DA:75,0
DA:76,0
DA:77,0
DA:78,0
DA:79,0
DA:80,0
DA:81,0
DA:84,0
DA:87,0
DA:108,0
DA:119,0
DA:124,0
DA:131,0
DA:140,0
DA:141,0
DA:146,0
DA:157,0
DA:167,0
DA:168,0
DA:189,0
DA:197,0
DA:229,0
DA:230,0
DA:232,0
LF:38
LH:0
BRDA:24,0,0,0
BRDA:24,1,0,0
BRDA:25,2,0,0
BRDA:25,2,1,0
BRDA:39,3,0,0
BRDA:39,3,1,0
BRDA:67,4,0,0
BRDA:67,4,1,0
BRDA:67,4,2,0
BRDA:67,4,3,0
BRDA:76,5,0,0
BRDA:76,5,1,0
BRDA:78,6,0,0
BRDA:78,6,1,0
BRDA:80,7,0,0
BRDA:84,8,0,0
BRDA:84,8,1,0
BRDA:127,9,0,0
BRDA:127,9,1,0
BRDA:154,10,0,0
BRDA:154,10,1,0
BRDA:194,11,0,0
BRDA:200,12,0,0
BRDA:200,12,1,0
BRDA:205,13,0,0
BRDA:205,13,1,0
BRDA:205,14,0,0
BRDA:205,14,1,0
BRDA:209,15,0,0
BRDA:209,15,1,0
BRDA:211,16,0,0
BRDA:211,16,1,0
BRDA:247,17,0,0
BRDA:247,17,1,0
BRDA:250,18,0,0
BRDA:250,18,1,0
BRF:36
BRH:0
end_of_record
TN:
SF:src\pages\NotFound.tsx
FN:7,(anonymous_0)
FNF:1
FNH:0
FNDA:0,(anonymous_0)
DA:7,0
DA:8,0
LF:2
LH:0
BRF:0
BRH:0
end_of_record
TN:
SF:src\test-utils\mockThemeContext.tsx
FN:13,(anonymous_0)
FN:20,(anonymous_1)
FN:21,(anonymous_2)
FN:22,(anonymous_3)
FN:42,(anonymous_4)
FNF:5
FNH:0
FNDA:0,(anonymous_0)
FNDA:0,(anonymous_1)
FNDA:0,(anonymous_2)
FNDA:0,(anonymous_3)
FNDA:0,(anonymous_4)
DA:13,0
DA:17,0
DA:18,0
DA:20,0
DA:21,0
DA:22,0
DA:25,0
DA:32,0
DA:42,0
DA:43,0
DA:45,0
DA:46,0
DA:49,0
LF:13
LH:0
BRDA:15,0,0,0
BRDA:21,1,0,0
BRDA:21,1,1,0
BRDA:45,2,0,0
BRF:4
BRH:0
end_of_record
TN:
SF:src\test-utils\test-utils.tsx
FN:7,(anonymous_5)
FN:17,(anonymous_6)
FNF:2
FNH:2
FNDA:26,(anonymous_5)
FNDA:22,(anonymous_6)
DA:1,3
DA:2,3
DA:3,3
DA:4,3
DA:7,3
DA:8,26
DA:17,3
DA:20,22
DA:23,3
DA:26,3
LF:10
LH:10
BRF:0
BRH:0
end_of_record
TN:
SF:src\tools\RelatedTools.tsx
FN:14,(anonymous_0)
FN:31,(anonymous_1)
FNF:2
FNH:0
FNDA:0,(anonymous_0)
FNDA:0,(anonymous_1)
DA:14,0
DA:18,0
DA:20,0
DA:21,0
DA:24,0
DA:26,0
DA:32,0
LF:7
LH:0
BRDA:16,0,0,0
BRDA:20,1,0,0
BRF:2
BRH:0
end_of_record
TN:
SF:src\tools\index.ts
FN:104,(anonymous_0)
FN:123,(anonymous_1)
FN:141,(anonymous_2)
FN:156,(anonymous_3)
FN:174,(anonymous_4)
FN:189,(anonymous_5)
FN:207,(anonymous_6)
FN:225,(anonymous_7)
FN:243,(anonymous_8)
FN:261,(anonymous_9)
FN:278,(anonymous_10)
FN:279,(anonymous_11)
FN:282,(anonymous_12)
FN:283,(anonymous_13)
FN:286,(anonymous_14)
FN:287,(anonymous_15)
FN:290,(anonymous_16)
FN:295,(anonymous_17)
FN:296,(anonymous_18)
FN:299,(anonymous_19)
FN:300,(anonymous_20)
FN:303,(anonymous_21)
FN:304,(anonymous_22)
FN:307,(anonymous_23)
FN:308,(anonymous_24)
FN:311,(anonymous_25)
FN:315,(anonymous_26)
FN:317,(anonymous_27)
FNF:28
FNH:0
FNDA:0,(anonymous_0)
FNDA:0,(anonymous_1)
FNDA:0,(anonymous_2)
FNDA:0,(anonymous_3)
FNDA:0,(anonymous_4)
FNDA:0,(anonymous_5)
FNDA:0,(anonymous_6)
FNDA:0,(anonymous_7)
FNDA:0,(anonymous_8)
FNDA:0,(anonymous_9)
FNDA:0,(anonymous_10)
FNDA:0,(anonymous_11)
FNDA:0,(anonymous_12)
FNDA:0,(anonymous_13)
FNDA:0,(anonymous_14)
FNDA:0,(anonymous_15)
FNDA:0,(anonymous_16)
FNDA:0,(anonymous_17)
FNDA:0,(anonymous_18)
FNDA:0,(anonymous_19)
FNDA:0,(anonymous_20)
FNDA:0,(anonymous_21)
FNDA:0,(anonymous_22)
FNDA:0,(anonymous_23)
FNDA:0,(anonymous_24)
FNDA:0,(anonymous_25)
FNDA:0,(anonymous_26)
FNDA:0,(anonymous_27)
DA:67,0
DA:96,0
DA:104,0
DA:123,0
DA:141,0
DA:156,0
DA:174,0
DA:189,0
DA:207,0
DA:225,0
DA:243,0
DA:261,0
DA:278,0
DA:279,0
DA:282,0
DA:283,0
DA:286,0
DA:287,0
DA:290,0
DA:291,0
DA:292,0
DA:294,0
DA:295,0
DA:296,0
DA:299,0
DA:300,0
DA:303,0
DA:304,0
DA:307,0
DA:308,0
DA:311,0
DA:312,0
DA:315,0
DA:316,0
DA:317,0
DA:318,0
LF:36
LH:0
BRDA:292,0,0,0
BRDA:292,1,0,0
BRDA:292,1,1,0
BRF:3
BRH:0
end_of_record
TN:
SF:src\tools\clickjacking\ClickJackingValidator.tsx
FN:24,(anonymous_0)
FN:39,(anonymous_1)
FN:49,(anonymous_2)
FN:58,(anonymous_3)
FN:139,(anonymous_4)
FN:150,(anonymous_5)
FN:163,(anonymous_6)
FN:169,(anonymous_7)
FN:207,(anonymous_8)
FNF:9
FNH:0
FNDA:0,(anonymous_0)
FNDA:0,(anonymous_1)
FNDA:0,(anonymous_2)
FNDA:0,(anonymous_3)
FNDA:0,(anonymous_4)
FNDA:0,(anonymous_5)
FNDA:0,(anonymous_6)
FNDA:0,(anonymous_7)
FNDA:0,(anonymous_8)
DA:24,0
DA:25,0
DA:26,0
DA:27,0
DA:28,0
DA:29,0
DA:30,0
DA:31,0
DA:32,0
DA:35,0
DA:36,0
DA:39,0
DA:40,0
DA:41,0
DA:42,0
DA:44,0
DA:49,0
DA:50,0
DA:51,0
DA:52,0
DA:54,0
DA:58,0
DA:59,0
DA:60,0
DA:61,0
DA:62,0
DA:63,0
DA:65,0
DA:67,0
DA:68,0
DA:69,0
DA:70,0
DA:73,0
DA:75,0
DA:78,0
DA:87,0
DA:89,0
DA:90,0
DA:91,0
DA:94,0
DA:97,0
DA:98,0
DA:101,0
DA:102,0
DA:105,0
DA:106,0
DA:110,0
DA:111,0
DA:115,0
DA:118,0
DA:119,0
DA:120,0
DA:121,0
DA:122,0
DA:124,0
DA:126,0
DA:127,0
DA:130,0
DA:132,0
DA:134,0
DA:139,0
DA:140,0
DA:141,0
DA:142,0
DA:150,0
DA:151,0
DA:152,0
DA:154,0
DA:163,0
DA:164,0
DA:165,0
DA:169,0
DA:170,0
DA:171,0
DA:172,0
DA:173,0
DA:174,0
DA:177,0
DA:207,0
LF:79
LH:0
BRDA:50,0,0,0
BRDA:51,1,0,0
BRDA:51,2,0,0
BRDA:51,2,1,0
BRDA:67,3,0,0
BRDA:89,4,0,0
BRDA:91,5,0,0
BRDA:91,5,1,0
BRDA:101,6,0,0
BRDA:105,7,0,0
BRDA:110,8,0,0
BRDA:110,9,0,0
BRDA:110,9,1,0
BRDA:118,10,0,0
BRDA:118,10,1,0
BRDA:119,11,0,0
BRDA:119,11,1,0
BRDA:121,12,0,0
BRDA:121,12,1,0
BRDA:126,13,0,0
BRDA:126,14,0,0
BRDA:126,14,1,0
BRDA:132,15,0,0
BRDA:132,15,1,0
BRDA:141,16,0,0
BRDA:152,17,0,0
BRDA:158,18,0,0
BRDA:158,18,1,0
BRDA:164,19,0,0
BRDA:214,20,0,0
BRDA:214,20,1,0
BRDA:225,21,0,0
BRDA:225,21,1,0
BRDA:231,22,0,0
BRDA:231,22,1,0
BRDA:237,23,0,0
BRDA:237,23,1,0
BRDA:237,23,2,0
BRDA:259,24,0,0
BRDA:259,24,1,0
BRDA:262,25,0,0
BRDA:262,25,1,0
BRDA:273,26,0,0
BRDA:273,26,1,0
BRDA:289,27,0,0
BRDA:289,27,1,0
BRDA:300,28,0,0
BRDA:300,28,1,0
BRDA:301,29,0,0
BRDA:301,29,1,0
BRDA:313,30,0,0
BRDA:313,30,1,0
BRDA:324,31,0,0
BRDA:324,31,1,0
BRDA:325,32,0,0
BRDA:325,32,1,0
BRDA:345,33,0,0
BRDA:345,33,1,0
BRDA:360,34,0,0
BRDA:360,34,1,0
BRDA:375,35,0,0
BRDA:375,35,1,0
BRDA:375,35,2,0
BRDA:387,36,0,0
BRDA:387,36,1,0
BRF:65
BRH:0
end_of_record
TN:
SF:src\tools\components-demo\ComponentsDemo.tsx
FN:9,(anonymous_0)
FNF:1
FNH:0
FNDA:0,(anonymous_0)
DA:9,0
DA:10,0
DA:12,0
LF:3
LH:0
BRF:0
BRH:0
end_of_record
TN:
SF:src\tools\dns\DnsLookup.tsx
FN:21,(anonymous_0)
FN:35,(anonymous_1)
FN:68,(anonymous_2)
FN:88,(anonymous_3)
FN:95,(anonymous_4)
FN:106,(anonymous_5)
FN:142,(anonymous_6)
FN:186,(anonymous_7)
FN:217,(anonymous_8)
FNF:9
FNH:0
FNDA:0,(anonymous_0)
FNDA:0,(anonymous_1)
FNDA:0,(anonymous_2)
FNDA:0,(anonymous_3)
FNDA:0,(anonymous_4)
FNDA:0,(anonymous_5)
FNDA:0,(anonymous_6)
FNDA:0,(anonymous_7)
FNDA:0,(anonymous_8)
DA:21,0
DA:22,0
DA:23,0
DA:24,0
DA:25,0
DA:26,0
DA:27,0
DA:30,0
DA:33,0
DA:35,0
DA:36,0
DA:37,0
DA:38,0
DA:41,0
DA:42,0
DA:43,0
DA:45,0
DA:47,0
DA:50,0
DA:53,0
DA:55,0
DA:56,0
DA:59,0
DA:62,0
DA:64,0
DA:68,0
DA:69,0
DA:70,0
DA:71,0
DA:72,0
DA:74,0
DA:76,0
DA:77,0
DA:78,0
DA:81,0
DA:83,0
DA:84,0
DA:88,0
DA:89,0
DA:90,0
DA:95,0
DA:96,0
DA:99,0
DA:100,0
DA:105,0
DA:106,0
DA:110,0
DA:111,0
DA:113,0
DA:142,0
DA:187,0
DA:218,0
LF:52
LH:0
BRDA:36,0,0,0
BRDA:55,1,0,0
BRDA:62,2,0,0
BRDA:62,2,1,0
BRDA:76,3,0,0
BRDA:78,4,0,0
BRDA:78,4,1,0
BRDA:89,5,0,0
BRDA:99,6,0,0
BRDA:105,7,0,0
BRDA:105,7,1,0
BRDA:106,8,0,0
BRDA:106,8,1,0
BRDA:149,9,0,0
BRDA:149,9,1,0
BRDA:160,10,0,0
BRDA:160,10,1,0
BRDA:166,11,0,0
BRDA:166,11,1,0
BRDA:172,12,0,0
BRDA:172,12,1,0
BRDA:172,12,2,0
BRDA:193,13,0,0
BRDA:193,13,1,0
BRDA:231,14,0,0
BRDA:231,14,1,0
BRF:26
BRH:0
end_of_record
TN:
SF:src\tools\headers\HeadersAnalyzer.tsx
FN:22,(anonymous_0)
FN:97,(anonymous_1)
FN:130,(anonymous_2)
FN:156,(anonymous_3)
FN:174,(anonymous_4)
FN:182,(anonymous_5)
FN:190,(anonymous_6)
FN:227,(anonymous_7)
FN:267,(anonymous_8)
FN:277,(anonymous_9)
FN:290,(anonymous_10)
FN:300,(anonymous_11)
FN:318,(anonymous_12)
FNF:13
FNH:0
FNDA:0,(anonymous_0)
FNDA:0,(anonymous_1)
FNDA:0,(anonymous_2)
FNDA:0,(anonymous_3)
FNDA:0,(anonymous_4)
FNDA:0,(anonymous_5)
FNDA:0,(anonymous_6)
FNDA:0,(anonymous_7)
FNDA:0,(anonymous_8)
FNDA:0,(anonymous_9)
FNDA:0,(anonymous_10)
FNDA:0,(anonymous_11)
FNDA:0,(anonymous_12)
DA:22,0
DA:23,0
DA:24,0
DA:25,0
DA:26,0
DA:27,0
DA:28,0
DA:29,0
DA:32,0
DA:33,0
DA:36,0
DA:46,0
DA:97,0
DA:98,0
DA:99,0
DA:100,0
DA:103,0
DA:104,0
DA:105,0
DA:107,0
DA:109,0
DA:110,0
DA:111,0
DA:115,0
DA:117,0
DA:124,0
DA:130,0
DA:131,0
DA:132,0
DA:137,0
DA:148,0
DA:156,0
DA:157,0
DA:166,0
DA:168,0
DA:170,0
DA:174,0
DA:175,0
DA:176,0
DA:181,0
DA:183,0
DA:188,0
DA:190,0
DA:191,0
DA:192,0
DA:193,0
DA:195,0
DA:198,0
DA:227,0
DA:267,0
DA:277,0
DA:290,0
DA:301,0
DA:319,0
LF:54
LH:0
BRDA:98,0,0,0
BRDA:110,1,0,0
BRDA:110,2,0,0
BRDA:110,2,1,0
BRDA:132,3,0,0
BRDA:132,3,1,0
BRDA:160,4,0,0
BRDA:160,4,1,0
BRDA:168,5,0,0
BRDA:168,5,1,0
BRDA:175,6,0,0
BRDA:181,7,0,0
BRDA:181,7,1,0
BRDA:183,8,0,0
BRDA:183,8,1,0
BRDA:192,9,0,0
BRDA:234,10,0,0
BRDA:234,10,1,0
BRDA:245,11,0,0
BRDA:245,11,1,0
BRDA:251,12,0,0
BRDA:251,12,1,0
BRDA:257,13,0,0
BRDA:257,13,1,0
BRDA:257,13,2,0
BRDA:263,14,0,0
BRDA:263,14,1,0
BRDA:273,15,0,0
BRDA:273,15,1,0
BRDA:294,16,0,0
BRDA:294,16,1,0
BRDA:296,17,0,0
BRDA:296,17,1,0
BRDA:303,18,0,0
BRDA:303,18,1,0
BRF:35
BRH:0
end_of_record
TN:
SF:src\tools\jwt\JwtDecoder.tsx
FN:11,(anonymous_0)
FN:25,(anonymous_1)
FN:29,(anonymous_2)
FN:34,(anonymous_3)
FN:35,(anonymous_4)
FN:41,(anonymous_5)
FN:45,(anonymous_6)
FN:47,(anonymous_7)
FN:51,(anonymous_8)
FN:56,(anonymous_9)
FN:59,(anonymous_10)
FN:62,(anonymous_11)
FN:68,(anonymous_12)
FN:74,(anonymous_13)
FN:81,(anonymous_14)
FN:137,(anonymous_15)
FN:187,(anonymous_16)
FN:191,(anonymous_17)
FN:199,(anonymous_18)
FN:204,(anonymous_19)
FN:226,(anonymous_20)
FN:236,(anonymous_21)
FN:296,(anonymous_22)
FN:325,(anonymous_23)
FN:355,(anonymous_24)
FN:375,(anonymous_25)
FN:381,(anonymous_26)
FN:406,(anonymous_27)
FN:429,(anonymous_28)
FN:447,(anonymous_29)
FN:470,(anonymous_30)
FN:520,(anonymous_31)
FN:554,(anonymous_32)
FN:589,(anonymous_33)
FN:644,(anonymous_34)
FN:646,(anonymous_35)
FN:656,(anonymous_36)
FN:690,(anonymous_37)
FNF:38
FNH:0
FNDA:0,(anonymous_0)
FNDA:0,(anonymous_1)
FNDA:0,(anonymous_2)
FNDA:0,(anonymous_3)
FNDA:0,(anonymous_4)
FNDA:0,(anonymous_5)
FNDA:0,(anonymous_6)
FNDA:0,(anonymous_7)
FNDA:0,(anonymous_8)
FNDA:0,(anonymous_9)
FNDA:0,(anonymous_10)
FNDA:0,(anonymous_11)
FNDA:0,(anonymous_12)
FNDA:0,(anonymous_13)
FNDA:0,(anonymous_14)
FNDA:0,(anonymous_15)
FNDA:0,(anonymous_16)
FNDA:0,(anonymous_17)
FNDA:0,(anonymous_18)
FNDA:0,(anonymous_19)
FNDA:0,(anonymous_20)
FNDA:0,(anonymous_21)
FNDA:0,(anonymous_22)
FNDA:0,(anonymous_23)
FNDA:0,(anonymous_24)
FNDA:0,(anonymous_25)
FNDA:0,(anonymous_26)
FNDA:0,(anonymous_27)
FNDA:0,(anonymous_28)
FNDA:0,(anonymous_29)
FNDA:0,(anonymous_30)
FNDA:0,(anonymous_31)
FNDA:0,(anonymous_32)
FNDA:0,(anonymous_33)
FNDA:0,(anonymous_34)
FNDA:0,(anonymous_35)
FNDA:0,(anonymous_36)
FNDA:0,(anonymous_37)
DA:11,0
DA:13,0
DA:14,0
DA:16,0
DA:17,0
DA:18,0
DA:19,0
DA:20,0
DA:21,0
DA:22,0
DA:25,0
DA:26,0
DA:29,0
DA:30,0
DA:34,0
DA:35,0
DA:36,0
DA:37,0
DA:41,0
DA:45,0
DA:46,0
DA:47,0
DA:48,0
DA:49,0
DA:51,0
DA:56,0
DA:57,0
DA:59,0
DA:60,0
DA:62,0
DA:64,0
DA:68,0
DA:69,0
DA:70,0
DA:71,0
DA:74,0
DA:75,0
DA:76,0
DA:77,0
DA:81,0
DA:82,0
DA:85,0
DA:86,0
DA:92,0
DA:93,0
DA:99,0
DA:100,0
DA:101,0
DA:102,0
DA:106,0
DA:113,0
DA:114,0
DA:120,0
DA:121,0
DA:127,0
DA:137,0
DA:139,0
DA:140,0
DA:145,0
DA:183,0
DA:184,0
DA:187,0
DA:188,0
DA:191,0
DA:192,0
DA:193,0
DA:195,0
DA:199,0
DA:200,0
DA:204,0
DA:205,0
DA:206,0
DA:207,0
DA:208,0
DA:209,0
DA:210,0
DA:211,0
DA:212,0
DA:213,0
DA:214,0
DA:215,0
DA:216,0
DA:217,0
DA:218,0
DA:219,0
DA:220,0
DA:221,0
DA:226,0
DA:227,0
DA:228,0
DA:229,0
DA:230,0
DA:231,0
DA:236,0
DA:237,0
DA:238,0
DA:239,0
DA:240,0
DA:241,0
DA:242,0
DA:247,0
DA:248,0
DA:250,0
DA:296,0
DA:326,0
DA:355,0
DA:375,0
DA:381,0
DA:406,0
DA:430,0
DA:447,0
DA:471,0
DA:520,0
DA:554,0
DA:589,0
DA:644,0
DA:646,0
DA:657,0
DA:690,0
LF:119
LH:0
BRDA:36,0,0,0
BRDA:46,1,0,0
BRDA:57,2,0,0
BRDA:57,2,1,0
BRDA:57,3,0,0
BRDA:57,3,1,0
BRDA:85,4,0,0
BRDA:85,5,0,0
BRDA:85,5,1,0
BRDA:92,6,0,0
BRDA:92,7,0,0
BRDA:92,7,1,0
BRDA:99,8,0,0
BRDA:101,9,0,0
BRDA:101,9,1,0
BRDA:113,10,0,0
BRDA:120,11,0,0
BRDA:205,12,0,0
BRDA:205,12,1,0
BRDA:205,12,2,0
BRDA:205,12,3,0
BRDA:205,12,4,0
BRDA:205,12,5,0
BRDA:205,12,6,0
BRDA:205,12,7,0
BRDA:205,12,8,0
BRDA:205,12,9,0
BRDA:205,12,10,0
BRDA:205,12,11,0
BRDA:205,12,12,0
BRDA:205,12,13,0
BRDA:205,12,14,0
BRDA:205,12,15,0
BRDA:227,13,0,0
BRDA:227,13,1,0
BRDA:227,13,2,0
BRDA:227,13,3,0
BRDA:237,14,0,0
BRDA:237,14,1,0
BRDA:237,14,2,0
BRDA:237,14,3,0
BRDA:237,14,4,0
BRDA:303,15,0,0
BRDA:303,15,1,0
BRDA:303,15,2,0
BRDA:317,16,0,0
BRDA:317,16,1,0
BRDA:321,17,0,0
BRDA:321,17,1,0
BRDA:321,17,2,0
BRDA:332,18,0,0
BRDA:332,18,1,0
BRDA:359,19,0,0
BRDA:359,19,1,0
BRDA:359,20,0,0
BRDA:359,20,1,0
BRDA:374,21,0,0
BRDA:374,21,1,0
BRDA:380,22,0,0
BRDA:380,22,1,0
BRDA:389,23,0,0
BRDA:389,23,1,0
BRDA:411,24,0,0
BRDA:411,24,1,0
BRDA:411,25,0,0
BRDA:411,25,1,0
BRDA:415,26,0,0
BRDA:415,26,1,0
BRDA:433,27,0,0
BRDA:433,27,1,0
BRDA:433,28,0,0
BRDA:433,28,1,0
BRDA:452,29,0,0
BRDA:452,29,1,0
BRDA:452,30,0,0
BRDA:452,30,1,0
BRDA:456,31,0,0
BRDA:456,31,1,0
BRDA:476,32,0,0
BRDA:476,32,1,0
BRDA:476,33,0,0
BRDA:476,33,1,0
BRDA:476,33,2,0
BRDA:479,34,0,0
BRDA:479,34,1,0
BRDA:479,35,0,0
BRDA:479,35,1,0
BRDA:481,36,0,0
BRDA:481,36,1,0
BRDA:483,37,0,0
BRDA:483,37,1,0
BRDA:490,38,0,0
BRDA:490,38,1,0
BRDA:491,39,0,0
BRDA:491,39,1,0
BRDA:494,40,0,0
BRDA:494,40,1,0
BRDA:494,41,0,0
BRDA:494,41,1,0
BRDA:516,42,0,0
BRDA:516,42,1,0
BRDA:533,43,0,0
BRDA:533,43,1,0
BRDA:533,44,0,0
BRDA:533,44,1,0
BRDA:536,45,0,0
BRDA:536,45,1,0
BRDA:536,46,0,0
BRDA:536,46,1,0
BRDA:542,47,0,0
BRDA:542,47,1,0
BRDA:591,48,0,0
BRDA:591,48,1,0
BRDA:593,49,0,0
BRDA:593,49,1,0
BRDA:593,50,0,0
BRDA:593,50,1,0
BRDA:612,51,0,0
BRDA:612,51,1,0
BRDA:614,52,0,0
BRDA:614,52,1,0
BRDA:625,53,0,0
BRDA:625,53,1,0
BRDA:631,54,0,0
BRDA:631,54,1,0
BRDA:639,55,0,0
BRDA:639,55,1,0
BRDA:639,55,2,0
BRDA:644,56,0,0
BRDA:644,56,1,0
BRDA:646,57,0,0
BRDA:646,57,1,0
BRDA:651,58,0,0
BRDA:651,58,1,0
BRDA:667,59,0,0
BRDA:667,59,1,0
BRDA:668,60,0,0
BRDA:668,60,1,0
BRDA:669,61,0,0
BRDA:669,61,1,0
BRDA:686,62,0,0
BRDA:686,62,1,0
BRF:142
BRH:0
end_of_record
TN:
SF:src\tools\jwt\JwtToolkit.tsx
FN:16,(anonymous_0)
FN:17,(anonymous_1)
FN:17,(anonymous_2)
FN:27,(anonymous_3)
FN:40,(anonymous_4)
FN:70,(anonymous_5)
FNF:6
FNH:0
FNDA:0,(anonymous_0)
FNDA:0,(anonymous_1)
FNDA:0,(anonymous_2)
FNDA:0,(anonymous_3)
FNDA:0,(anonymous_4)
FNDA:0,(anonymous_5)
DA:11,0
DA:16,0
DA:17,0
DA:27,0
DA:28,0
DA:29,0
DA:30,0
DA:32,0
DA:40,0
DA:41,0
DA:45,0
DA:46,0
DA:48,0
DA:71,0
LF:14
LH:0
BRDA:30,0,0,0
BRDA:30,0,1,0
BRF:2
BRH:0
end_of_record
TN:
SF:src\tools\jwt\routes.tsx
FN:20,(anonymous_0)
FNF:1
FNH:0
FNDA:0,(anonymous_0)
DA:20,0
DA:21,0
LF:2
LH:0
BRF:0
BRH:0
end_of_record
TN:
SF:src\tools\jwt\components\BenchResult.tsx
FN:22,(anonymous_0)
FN:31,(anonymous_1)
FN:47,(anonymous_2)
FN:57,(anonymous_3)
FN:89,(anonymous_4)
FN:103,(anonymous_5)
FN:113,(anonymous_6)
FN:124,(anonymous_7)
FN:126,(anonymous_8)
FN:138,(anonymous_9)
FN:140,(anonymous_10)
FN:146,(anonymous_11)
FN:149,(anonymous_12)
FN:161,(anonymous_13)
FN:164,(anonymous_14)
FN:168,(anonymous_15)
FN:205,(anonymous_16)
FN:210,(anonymous_17)
FN:218,(anonymous_18)
FN:269,(anonymous_19)
FN:307,(anonymous_20)
FNF:21
FNH:0
FNDA:0,(anonymous_0)
FNDA:0,(anonymous_1)
FNDA:0,(anonymous_2)
FNDA:0,(anonymous_3)
FNDA:0,(anonymous_4)
FNDA:0,(anonymous_5)
FNDA:0,(anonymous_6)
FNDA:0,(anonymous_7)
FNDA:0,(anonymous_8)
FNDA:0,(anonymous_9)
FNDA:0,(anonymous_10)
FNDA:0,(anonymous_11)
FNDA:0,(anonymous_12)
FNDA:0,(anonymous_13)
FNDA:0,(anonymous_14)
FNDA:0,(anonymous_15)
FNDA:0,(anonymous_16)
FNDA:0,(anonymous_17)
FNDA:0,(anonymous_18)
FNDA:0,(anonymous_19)
FNDA:0,(anonymous_20)
DA:6,0
DA:14,0
DA:22,0
DA:23,0
DA:24,0
DA:25,0
DA:26,0
DA:27,0
DA:31,0
DA:32,0
DA:47,0
DA:48,0
DA:49,0
DA:50,0
DA:51,0
DA:52,0
DA:53,0
DA:54,0
DA:57,0
DA:58,0
DA:59,0
DA:60,0
DA:63,0
DA:64,0
DA:66,0
DA:67,0
DA:69,0
DA:77,0
DA:78,0
DA:89,0
DA:90,0
DA:91,0
DA:92,0
DA:93,0
DA:95,0
DA:96,0
DA:98,0
DA:99,0
DA:100,0
DA:103,0
DA:105,0
DA:106,0
DA:109,0
DA:113,0
DA:114,0
DA:116,0
DA:118,0
DA:119,0
DA:124,0
DA:125,0
DA:126,0
DA:127,0
DA:128,0
DA:130,0
DA:133,0
DA:138,0
DA:139,0
DA:140,0
DA:141,0
DA:146,0
DA:147,0
DA:149,0
DA:150,0
DA:151,0
DA:152,0
DA:154,0
DA:157,0
DA:161,0
DA:162,0
DA:164,0
DA:166,0
DA:169,0
DA:170,0
DA:172,0
DA:205,0
DA:206,0
DA:208,0
DA:211,0
DA:219,0
DA:233,0
DA:269,0
DA:307,0
LF:82
LH:0
BRDA:23,0,0,0
BRDA:24,1,0,0
BRDA:25,2,0,0
BRDA:26,3,0,0
BRDA:60,4,0,0
BRDA:60,4,1,0
BRDA:72,5,0,0
BRDA:72,5,1,0
BRDA:116,6,0,0
BRDA:116,6,1,0
BRDA:125,7,0,0
BRDA:127,8,0,0
BRDA:127,8,1,0
BRDA:139,9,0,0
BRDA:141,10,0,0
BRDA:141,10,1,0
BRDA:151,11,0,0
BRDA:162,12,0,0
BRDA:177,13,0,0
BRDA:177,13,1,0
BRDA:187,14,0,0
BRDA:187,14,1,0
BRDA:191,15,0,0
BRDA:191,15,1,0
BRDA:214,16,0,0
BRDA:214,16,1,0
BRDA:261,17,0,0
BRDA:261,17,1,0
BRDA:264,18,0,0
BRDA:264,18,1,0
BRDA:279,19,0,0
BRDA:279,19,1,0
BRDA:279,19,2,0
BRDA:294,20,0,0
BRDA:294,20,1,0
BRDA:298,21,0,0
BRDA:298,21,1,0
BRDA:316,22,0,0
BRDA:316,22,1,0
BRDA:316,22,2,0
BRDA:323,23,0,0
BRDA:323,23,1,0
BRDA:349,24,0,0
BRDA:349,24,1,0
BRDA:349,24,2,0
BRF:45
BRH:0
end_of_record
TN:
SF:src\tools\jwt\components\BuilderWizard.tsx
FN:24,(anonymous_0)
FN:54,(anonymous_1)
FN:56,(anonymous_2)
FN:57,(anonymous_3)
FN:62,(anonymous_4)
FN:66,(anonymous_5)
FN:115,(anonymous_6)
FN:131,(anonymous_7)
FN:137,(anonymous_8)
FN:147,(anonymous_9)
FN:196,(anonymous_10)
FN:202,(anonymous_11)
FN:211,(anonymous_12)
FN:247,(anonymous_13)
FN:262,(anonymous_14)
FN:274,(anonymous_15)
FN:283,(anonymous_16)
FN:299,(anonymous_17)
FN:304,(anonymous_18)
FN:311,(anonymous_19)
FN:323,(anonymous_20)
FN:331,(anonymous_21)
FN:349,(anonymous_22)
FN:358,(anonymous_23)
FN:372,(anonymous_24)
FN:396,(anonymous_25)
FN:397,(anonymous_26)
FN:414,(anonymous_27)
FN:415,(anonymous_28)
FN:432,(anonymous_29)
FN:433,(anonymous_30)
FN:450,(anonymous_31)
FN:451,(anonymous_32)
FN:468,(anonymous_33)
FN:469,(anonymous_34)
FN:486,(anonymous_35)
FN:487,(anonymous_36)
FN:508,(anonymous_37)
FN:514,(anonymous_38)
FN:523,(anonymous_39)
FN:556,(anonymous_40)
FN:586,(anonymous_41)
FN:612,(anonymous_42)
FN:619,(anonymous_43)
FN:626,(anonymous_44)
FNF:45
FNH:0
FNDA:0,(anonymous_0)
FNDA:0,(anonymous_1)
FNDA:0,(anonymous_2)
FNDA:0,(anonymous_3)
FNDA:0,(anonymous_4)
FNDA:0,(anonymous_5)
FNDA:0,(anonymous_6)
FNDA:0,(anonymous_7)
FNDA:0,(anonymous_8)
FNDA:0,(anonymous_9)
FNDA:0,(anonymous_10)
FNDA:0,(anonymous_11)
FNDA:0,(anonymous_12)
FNDA:0,(anonymous_13)
FNDA:0,(anonymous_14)
FNDA:0,(anonymous_15)
FNDA:0,(anonymous_16)
FNDA:0,(anonymous_17)
FNDA:0,(anonymous_18)
FNDA:0,(anonymous_19)
FNDA:0,(anonymous_20)
FNDA:0,(anonymous_21)
FNDA:0,(anonymous_22)
FNDA:0,(anonymous_23)
FNDA:0,(anonymous_24)
FNDA:0,(anonymous_25)
FNDA:0,(anonymous_26)
FNDA:0,(anonymous_27)
FNDA:0,(anonymous_28)
FNDA:0,(anonymous_29)
FNDA:0,(anonymous_30)
FNDA:0,(anonymous_31)
FNDA:0,(anonymous_32)
FNDA:0,(anonymous_33)
FNDA:0,(anonymous_34)
FNDA:0,(anonymous_35)
FNDA:0,(anonymous_36)
FNDA:0,(anonymous_37)
FNDA:0,(anonymous_38)
FNDA:0,(anonymous_39)
FNDA:0,(anonymous_40)
FNDA:0,(anonymous_41)
FNDA:0,(anonymous_42)
FNDA:0,(anonymous_43)
FNDA:0,(anonymous_44)
DA:24,0
DA:26,0
DA:29,0
DA:30,0
DA:31,0
DA:34,0
DA:39,0
DA:40,0
DA:41,0
DA:44,0
DA:47,0
DA:48,0
DA:49,0
DA:50,0
DA:51,0
DA:54,0
DA:55,0
DA:56,0
DA:57,0
DA:62,0
DA:63,0
DA:66,0
DA:67,0
DA:69,0
DA:74,0
DA:75,0
DA:79,0
DA:80,0
DA:81,0
DA:83,0
DA:85,0
DA:86,0
DA:88,0
DA:89,0
DA:91,0
DA:92,0
DA:94,0
DA:95,0
DA:99,0
DA:104,0
DA:105,0
DA:107,0
DA:108,0
DA:109,0
DA:111,0
DA:115,0
DA:116,0
DA:118,0
DA:127,0
DA:128,0
DA:131,0
DA:132,0
DA:133,0
DA:134,0
DA:137,0
DA:138,0
DA:139,0
DA:140,0
DA:142,0
DA:144,0
DA:147,0
DA:148,0
DA:149,0
DA:151,0
DA:153,0
DA:158,0
DA:159,0
DA:163,0
DA:164,0
DA:165,0
DA:166,0
DA:168,0
DA:169,0
DA:171,0
DA:172,0
DA:174,0
DA:175,0
DA:177,0
DA:178,0
DA:181,0
DA:186,0
DA:187,0
DA:188,0
DA:190,0
DA:193,0
DA:196,0
DA:197,0
DA:198,0
DA:202,0
DA:203,0
DA:211,0
DA:247,0
DA:262,0
DA:274,0
DA:283,0
DA:284,0
DA:300,0
DA:304,0
DA:311,0
DA:323,0
DA:331,0
DA:349,0
DA:358,0
DA:372,0
DA:397,0
DA:398,0
DA:415,0
DA:416,0
DA:433,0
DA:434,0
DA:451,0
DA:452,0
DA:469,0
DA:470,0
DA:487,0
DA:488,0
DA:508,0
DA:514,0
DA:523,0
DA:524,0
DA:525,0
DA:527,0
DA:528,0
DA:529,0
DA:530,0
DA:531,0
DA:532,0
DA:533,0
DA:534,0
DA:535,0
DA:538,0
DA:556,0
DA:586,0
DA:595,0
DA:612,0
DA:619,0
DA:626,0
LF:137
LH:0
BRDA:55,0,0,0
BRDA:74,1,0,0
BRDA:83,2,0,0
BRDA:83,2,1,0
BRDA:83,2,2,0
BRDA:83,2,3,0
BRDA:116,3,0,0
BRDA:116,4,0,0
BRDA:116,4,1,0
BRDA:139,5,0,0
BRDA:139,5,1,0
BRDA:158,6,0,0
BRDA:166,7,0,0
BRDA:166,7,1,0
BRDA:166,7,2,0
BRDA:166,7,3,0
BRDA:190,8,0,0
BRDA:190,8,1,0
BRDA:234,9,0,0
BRDA:234,9,1,0
BRDA:397,10,0,0
BRDA:415,11,0,0
BRDA:433,12,0,0
BRDA:451,13,0,0
BRDA:469,14,0,0
BRDA:487,15,0,0
BRDA:527,16,0,0
BRDA:527,16,1,0
BRDA:530,17,0,0
BRDA:530,17,1,0
BRDA:533,18,0,0
BRDA:544,19,0,0
BRDA:544,19,1,0
BRDA:557,20,0,0
BRDA:557,20,1,0
BRDA:571,21,0,0
BRDA:571,21,1,0
BRDA:571,21,2,0
BRDA:573,22,0,0
BRDA:573,22,1,0
BRDA:577,23,0,0
BRDA:577,23,1,0
BRDA:632,24,0,0
BRDA:632,24,1,0
BRDA:633,25,0,0
BRDA:633,25,1,0
BRDA:634,26,0,0
BRDA:634,26,1,0
BRDA:646,27,0,0
BRDA:646,27,1,0
BRDA:655,28,0,0
BRDA:655,28,1,0
BRF:52
BRH:0
end_of_record
TN:
SF:src\tools\jwt\components\InspectorPane.tsx
FN:18,(anonymous_0)
FN:30,(anonymous_1)
FN:32,(anonymous_2)
FN:36,(anonymous_3)
FN:41,(anonymous_4)
FN:44,(anonymous_5)
FN:45,(anonymous_6)
FN:46,(anonymous_7)
FN:57,(anonymous_8)
FN:66,(anonymous_9)
FN:79,(anonymous_10)
FN:127,(anonymous_11)
FN:138,(anonymous_12)
FN:146,(anonymous_13)
FN:153,(anonymous_14)
FN:160,(anonymous_15)
FN:166,(anonymous_16)
FN:175,(anonymous_17)
FN:180,(anonymous_18)
FN:202,(anonymous_19)
FN:212,(anonymous_20)
FN:222,(anonymous_21)
FN:232,(anonymous_22)
FN:236,(anonymous_23)
FN:237,(anonymous_24)
FN:238,(anonymous_25)
FN:239,(anonymous_26)
FN:263,(anonymous_27)
FN:284,(anonymous_28)
FN:305,(anonymous_29)
FN:387,(anonymous_30)
FN:406,(anonymous_31)
FN:413,(anonymous_32)
FN:423,(anonymous_33)
FN:448,(anonymous_34)
FN:466,(anonymous_35)
FN:491,(anonymous_36)
FN:549,(anonymous_37)
FNF:38
FNH:0
FNDA:0,(anonymous_0)
FNDA:0,(anonymous_1)
FNDA:0,(anonymous_2)
FNDA:0,(anonymous_3)
FNDA:0,(anonymous_4)
FNDA:0,(anonymous_5)
FNDA:0,(anonymous_6)
FNDA:0,(anonymous_7)
FNDA:0,(anonymous_8)
FNDA:0,(anonymous_9)
FNDA:0,(anonymous_10)
FNDA:0,(anonymous_11)
FNDA:0,(anonymous_12)
FNDA:0,(anonymous_13)
FNDA:0,(anonymous_14)
FNDA:0,(anonymous_15)
FNDA:0,(anonymous_16)
FNDA:0,(anonymous_17)
FNDA:0,(anonymous_18)
FNDA:0,(anonymous_19)
FNDA:0,(anonymous_20)
FNDA:0,(anonymous_21)
FNDA:0,(anonymous_22)
FNDA:0,(anonymous_23)
FNDA:0,(anonymous_24)
FNDA:0,(anonymous_25)
FNDA:0,(anonymous_26)
FNDA:0,(anonymous_27)
FNDA:0,(anonymous_28)
FNDA:0,(anonymous_29)
FNDA:0,(anonymous_30)
FNDA:0,(anonymous_31)
FNDA:0,(anonymous_32)
FNDA:0,(anonymous_33)
FNDA:0,(anonymous_34)
FNDA:0,(anonymous_35)
FNDA:0,(anonymous_36)
FNDA:0,(anonymous_37)
DA:18,0
DA:19,0
DA:20,0
DA:22,0
DA:23,0
DA:24,0
DA:25,0
DA:26,0
DA:27,0
DA:30,0
DA:31,0
DA:32,0
DA:33,0
DA:34,0
DA:36,0
DA:41,0
DA:42,0
DA:44,0
DA:45,0
DA:46,0
DA:49,0
DA:50,0
DA:52,0
DA:57,0
DA:58,0
DA:59,0
DA:60,0
DA:61,0
DA:62,0
DA:66,0
DA:67,0
DA:68,0
DA:69,0
DA:70,0
DA:71,0
DA:79,0
DA:80,0
DA:81,0
DA:83,0
DA:127,0
DA:128,0
DA:129,0
DA:130,0
DA:131,0
DA:132,0
DA:138,0
DA:140,0
DA:141,0
DA:142,0
DA:146,0
DA:147,0
DA:148,0
DA:149,0
DA:153,0
DA:154,0
DA:155,0
DA:156,0
DA:160,0
DA:161,0
DA:162,0
DA:166,0
DA:167,0
DA:168,0
DA:170,0
DA:175,0
DA:176,0
DA:180,0
DA:181,0
DA:182,0
DA:183,0
DA:184,0
DA:185,0
DA:186,0
DA:187,0
DA:188,0
DA:189,0
DA:190,0
DA:191,0
DA:192,0
DA:193,0
DA:194,0
DA:195,0
DA:196,0
DA:197,0
DA:202,0
DA:203,0
DA:204,0
DA:205,0
DA:206,0
DA:207,0
DA:212,0
DA:213,0
DA:214,0
DA:215,0
DA:216,0
DA:217,0
DA:222,0
DA:223,0
DA:224,0
DA:225,0
DA:226,0
DA:227,0
DA:232,0
DA:233,0
DA:236,0
DA:237,0
DA:238,0
DA:239,0
DA:241,0
DA:264,0
DA:285,0
DA:306,0
DA:327,0
DA:387,0
DA:406,0
DA:413,0
DA:423,0
DA:449,0
DA:466,0
DA:492,0
DA:549,0
LF:121
LH:0
BRDA:31,0,0,0
BRDA:42,1,0,0
BRDA:42,1,1,0
BRDA:42,2,0,0
BRDA:42,2,1,0
BRDA:58,3,0,0
BRDA:59,4,0,0
BRDA:60,5,0,0
BRDA:61,6,0,0
BRDA:67,7,0,0
BRDA:68,8,0,0
BRDA:69,9,0,0
BRDA:70,10,0,0
BRDA:103,11,0,0
BRDA:103,11,1,0
BRDA:104,12,0,0
BRDA:104,12,1,0
BRDA:105,13,0,0
BRDA:105,13,1,0
BRDA:106,14,0,0
BRDA:106,14,1,0
BRDA:129,15,0,0
BRDA:131,16,0,0
BRDA:153,17,0,0
BRDA:161,18,0,0
BRDA:161,19,0,0
BRDA:161,19,1,0
BRDA:181,20,0,0
BRDA:181,20,1,0
BRDA:181,20,2,0
BRDA:181,20,3,0
BRDA:181,20,4,0
BRDA:181,20,5,0
BRDA:181,20,6,0
BRDA:181,20,7,0
BRDA:181,20,8,0
BRDA:181,20,9,0
BRDA:181,20,10,0
BRDA:181,20,11,0
BRDA:181,20,12,0
BRDA:181,20,13,0
BRDA:181,20,14,0
BRDA:181,20,15,0
BRDA:203,21,0,0
BRDA:203,21,1,0
BRDA:203,21,2,0
BRDA:203,21,3,0
BRDA:213,22,0,0
BRDA:213,22,1,0
BRDA:213,22,2,0
BRDA:213,22,3,0
BRDA:223,23,0,0
BRDA:223,23,1,0
BRDA:223,23,2,0
BRDA:223,23,3,0
BRDA:233,24,0,0
BRDA:233,25,0,0
BRDA:233,25,1,0
BRDA:246,26,0,0
BRDA:246,26,1,0
BRDA:260,27,0,0
BRDA:260,27,1,0
BRDA:281,28,0,0
BRDA:281,28,1,0
BRDA:302,29,0,0
BRDA:302,29,1,0
BRDA:302,29,2,0
BRDA:362,30,0,0
BRDA:362,30,1,0
BRDA:366,31,0,0
BRDA:366,31,1,0
BRDA:388,32,0,0
BRDA:388,32,1,0
BRDA:388,33,0,0
BRDA:388,33,1,0
BRDA:396,34,0,0
BRDA:396,34,1,0
BRDA:428,35,0,0
BRDA:428,35,1,0
BRDA:428,36,0,0
BRDA:428,36,1,0
BRDA:452,37,0,0
BRDA:452,37,1,0
BRDA:452,38,0,0
BRDA:452,38,1,0
BRDA:452,39,0,0
BRDA:452,39,1,0
BRDA:471,40,0,0
BRDA:471,40,1,0
BRDA:471,41,0,0
BRDA:471,41,1,0
BRDA:497,42,0,0
BRDA:497,42,1,0
BRDA:497,43,0,0
BRDA:497,43,1,0
BRDA:497,43,2,0
BRDA:500,44,0,0
BRDA:500,44,1,0
BRDA:500,45,0,0
BRDA:500,45,1,0
BRDA:502,46,0,0
BRDA:502,46,1,0
BRDA:504,47,0,0
BRDA:504,47,1,0
BRDA:511,48,0,0
BRDA:511,48,1,0
BRDA:512,49,0,0
BRDA:512,49,1,0
BRDA:539,50,0,0
BRDA:539,50,1,0
BRDA:564,51,0,0
BRDA:564,51,1,0
BRDA:566,52,0,0
BRDA:566,52,1,0
BRDA:572,53,0,0
BRDA:572,53,1,0
BRDA:575,54,0,0
BRDA:575,54,1,0
BRDA:583,55,0,0
BRDA:583,55,1,0
BRDA:590,56,0,0
BRDA:590,56,1,0
BRDA:595,57,0,0
BRDA:595,57,1,0
BRDA:602,58,0,0
BRDA:602,58,1,0
BRDA:609,59,0,0
BRDA:609,59,1,0
BRF:128
BRH:0
end_of_record
TN:
SF:src\tools\jwt\components\JwksProbe.tsx
FN:36,(anonymous_0)
FN:51,(anonymous_1)
FN:65,(anonymous_2)
FN:67,(anonymous_3)
FN:71,(anonymous_4)
FN:76,(anonymous_5)
FN:79,(anonymous_6)
FN:87,(anonymous_7)
FN:124,(anonymous_8)
FN:183,(anonymous_9)
FN:192,(anonymous_10)
FN:199,(anonymous_11)
FN:233,(anonymous_12)
FN:242,(anonymous_13)
FN:329,(anonymous_14)
FN:379,(anonymous_15)
FN:389,(anonymous_16)
FN:405,(anonymous_17)
FN:465,(anonymous_18)
FN:500,(anonymous_19)
FN:529,(anonymous_20)
FNF:21
FNH:0
FNDA:0,(anonymous_0)
FNDA:0,(anonymous_1)
FNDA:0,(anonymous_2)
FNDA:0,(anonymous_3)
FNDA:0,(anonymous_4)
FNDA:0,(anonymous_5)
FNDA:0,(anonymous_6)
FNDA:0,(anonymous_7)
FNDA:0,(anonymous_8)
FNDA:0,(anonymous_9)
FNDA:0,(anonymous_10)
FNDA:0,(anonymous_11)
FNDA:0,(anonymous_12)
FNDA:0,(anonymous_13)
FNDA:0,(anonymous_14)
FNDA:0,(anonymous_15)
FNDA:0,(anonymous_16)
FNDA:0,(anonymous_17)
FNDA:0,(anonymous_18)
FNDA:0,(anonymous_19)
FNDA:0,(anonymous_20)
DA:36,0
DA:37,0
DA:38,0
DA:40,0
DA:41,0
DA:42,0
DA:43,0
DA:44,0
DA:45,0
DA:46,0
DA:47,0
DA:48,0
DA:51,0
DA:52,0
DA:54,0
DA:55,0
DA:56,0
DA:58,0
DA:60,0
DA:65,0
DA:66,0
DA:67,0
DA:68,0
DA:69,0
DA:71,0
DA:76,0
DA:77,0
DA:78,0
DA:79,0
DA:80,0
DA:82,0
DA:87,0
DA:88,0
DA:90,0
DA:91,0
DA:92,0
DA:93,0
DA:95,0
DA:96,0
DA:98,0
DA:99,0
DA:102,0
DA:105,0
DA:106,0
DA:108,0
DA:111,0
DA:112,0
DA:114,0
DA:117,0
DA:119,0
DA:124,0
DA:125,0
DA:127,0
DA:128,0
DA:129,0
DA:130,0
DA:132,0
DA:134,0
DA:136,0
DA:137,0
DA:140,0
DA:141,0
DA:144,0
DA:145,0
DA:147,0
DA:150,0
DA:151,0
DA:155,0
DA:157,0
DA:158,0
DA:161,0
DA:164,0
DA:165,0
DA:167,0
DA:170,0
DA:171,0
DA:173,0
DA:176,0
DA:178,0
DA:183,0
DA:184,0
DA:185,0
DA:187,0
DA:192,0
DA:193,0
DA:194,0
DA:195,0
DA:199,0
DA:200,0
DA:201,0
DA:202,0
DA:203,0
DA:204,0
DA:205,0
DA:206,0
DA:207,0
DA:211,0
DA:212,0
DA:213,0
DA:214,0
DA:216,0
DA:217,0
DA:218,0
DA:219,0
DA:220,0
DA:221,0
DA:227,0
DA:229,0
DA:233,0
DA:234,0
DA:235,0
DA:237,0
DA:242,0
DA:243,0
DA:244,0
DA:246,0
DA:329,0
DA:339,0
DA:379,0
DA:389,0
DA:405,0
DA:466,0
DA:467,0
DA:501,0
DA:529,0
LF:125
LH:0
BRDA:52,0,0,0
BRDA:52,1,0,0
BRDA:52,1,1,0
BRDA:55,2,0,0
BRDA:55,2,1,0
BRDA:66,3,0,0
BRDA:77,4,0,0
BRDA:77,4,1,0
BRDA:77,5,0,0
BRDA:77,5,1,0
BRDA:80,6,0,0
BRDA:80,6,1,0
BRDA:88,7,0,0
BRDA:98,8,0,0
BRDA:111,9,0,0
BRDA:111,9,1,0
BRDA:117,10,0,0
BRDA:117,10,1,0
BRDA:125,11,0,0
BRDA:136,12,0,0
BRDA:150,13,0,0
BRDA:157,14,0,0
BRDA:170,15,0,0
BRDA:170,15,1,0
BRDA:176,16,0,0
BRDA:176,16,1,0
BRDA:184,17,0,0
BRDA:184,17,1,0
BRDA:201,18,0,0
BRDA:201,18,1,0
BRDA:203,19,0,0
BRDA:205,20,0,0
BRDA:212,21,0,0
BRDA:217,22,0,0
BRDA:219,23,0,0
BRDA:234,24,0,0
BRDA:234,24,1,0
BRDA:243,25,0,0
BRDA:243,25,1,0
BRDA:247,26,0,0
BRDA:247,26,1,0
BRDA:250,27,0,0
BRDA:250,27,1,0
BRDA:251,28,0,0
BRDA:251,28,1,0
BRDA:254,29,0,0
BRDA:254,29,1,0
BRDA:256,30,0,0
BRDA:256,30,1,0
BRDA:264,31,0,0
BRDA:264,31,1,0
BRDA:270,32,0,0
BRDA:270,32,1,0
BRDA:276,33,0,0
BRDA:276,33,1,0
BRDA:283,34,0,0
BRDA:283,34,1,0
BRDA:283,34,2,0
BRDA:292,35,0,0
BRDA:292,35,1,0
BRDA:292,35,2,0
BRDA:299,36,0,0
BRDA:299,36,1,0
BRDA:301,37,0,0
BRDA:301,37,1,0
BRDA:306,38,0,0
BRDA:306,38,1,0
BRDA:314,39,0,0
BRDA:314,39,1,0
BRDA:331,40,0,0
BRDA:331,40,1,0
BRDA:331,41,0,0
BRDA:331,41,1,0
BRDA:247,42,0,0
BRDA:247,42,1,0
BRDA:399,43,0,0
BRDA:399,43,1,0
BRDA:407,44,0,0
BRDA:407,44,1,0
BRDA:423,45,0,0
BRDA:423,45,1,0
BRDA:428,46,0,0
BRDA:428,46,1,0
BRDA:439,47,0,0
BRDA:439,47,1,0
BRDA:441,48,0,0
BRDA:441,48,1,0
BRDA:454,49,0,0
BRDA:454,49,1,0
BRDA:458,50,0,0
BRDA:458,50,1,0
BRDA:470,51,0,0
BRDA:470,51,1,0
BRDA:470,52,0,0
BRDA:470,52,1,0
BRDA:475,53,0,0
BRDA:475,53,1,0
BRDA:480,54,0,0
BRDA:480,54,1,0
BRDA:485,55,0,0
BRDA:485,55,1,0
BRDA:490,56,0,0
BRDA:490,56,1,0
BRDA:503,57,0,0
BRDA:503,57,1,0
BRDA:512,58,0,0
BRDA:512,58,1,0
BRDA:516,59,0,0
BRDA:516,59,1,0
BRDA:516,59,2,0
BRDA:523,60,0,0
BRDA:523,60,1,0
BRDA:523,60,2,0
BRDA:523,60,3,0
BRDA:533,61,0,0
BRDA:533,61,1,0
BRF:116
BRH:0
end_of_record
TN:
SF:src\tools\jwt\components\SecurityScoreGauge.tsx
FN:9,(anonymous_0)
FN:17,(anonymous_1)
FN:25,(anonymous_2)
FN:33,(anonymous_3)
FNF:4
FNH:0
FNDA:0,(anonymous_0)
FNDA:0,(anonymous_1)
FNDA:0,(anonymous_2)
FNDA:0,(anonymous_3)
DA:9,0
DA:10,0
DA:11,0
DA:12,0
DA:13,0
DA:14,0
DA:17,0
DA:18,0
DA:19,0
DA:20,0
DA:21,0
DA:22,0
DA:25,0
DA:26,0
DA:27,0
DA:28,0
DA:29,0
DA:30,0
DA:33,0
DA:34,0
DA:35,0
DA:36,0
DA:37,0
DA:39,0
LF:24
LH:0
BRDA:10,0,0,0
BRDA:11,1,0,0
BRDA:12,2,0,0
BRDA:13,3,0,0
BRDA:18,4,0,0
BRDA:19,5,0,0
BRDA:20,6,0,0
BRDA:21,7,0,0
BRDA:26,8,0,0
BRDA:27,9,0,0
BRDA:28,10,0,0
BRDA:29,11,0,0
BRDA:57,12,0,0
BRDA:57,12,1,0
BRDA:59,13,0,0
BRDA:59,13,1,0
BRF:16
BRH:0
end_of_record
TN:
SF:src\tools\jwt\context\JwtContext.tsx
FN:71,jwtReducer
FN:87,(anonymous_1)
FN:94,(anonymous_2)
FN:122,(anonymous_3)
FN:126,(anonymous_4)
FN:131,(anonymous_5)
FN:140,(anonymous_6)
FN:145,(anonymous_7)
FN:155,(anonymous_8)
FN:229,(anonymous_9)
FN:271,(anonymous_10)
FN:378,(anonymous_11)
FN:387,(anonymous_12)
FN:421,(anonymous_13)
FN:430,(anonymous_14)
FN:437,(anonymous_15)
FNF:16
FNH:0
FNDA:0,jwtReducer
FNDA:0,(anonymous_1)
FNDA:0,(anonymous_2)
FNDA:0,(anonymous_3)
FNDA:0,(anonymous_4)
FNDA:0,(anonymous_5)
FNDA:0,(anonymous_6)
FNDA:0,(anonymous_7)
FNDA:0,(anonymous_8)
FNDA:0,(anonymous_9)
FNDA:0,(anonymous_10)
FNDA:0,(anonymous_11)
FNDA:0,(anonymous_12)
FNDA:0,(anonymous_13)
FNDA:0,(anonymous_14)
FNDA:0,(anonymous_15)
DA:59,0
DA:72,0
DA:74,0
DA:76,0
DA:78,0
DA:80,0
DA:82,0
DA:85,0
DA:87,0
DA:90,0
DA:92,0
DA:94,0
DA:97,0
DA:99,0
DA:101,0
DA:103,0
DA:119,0
DA:122,0
DA:123,0
DA:126,0
DA:127,0
DA:131,0
DA:132,0
DA:133,0
DA:135,0
DA:140,0
DA:141,0
DA:142,0
DA:143,0
DA:144,0
DA:145,0
DA:146,0
DA:150,0
DA:155,0
DA:156,0
DA:157,0
DA:158,0
DA:159,0
DA:160,0
DA:161,0
DA:164,0
DA:166,0
DA:167,0
DA:168,0
DA:172,0
DA:173,0
DA:176,0
DA:177,0
DA:178,0
DA:182,0
DA:183,0
DA:190,0
DA:191,0
DA:192,0
DA:193,0
DA:196,0
DA:199,0
DA:202,0
DA:213,0
DA:215,0
DA:218,0
DA:222,0
DA:223,0
DA:224,0
DA:229,0
DA:230,0
DA:231,0
DA:232,0
DA:235,0
DA:237,0
DA:241,0
DA:247,0
DA:248,0
DA:251,0
DA:252,0
DA:256,0
DA:257,0
DA:259,0
DA:262,0
DA:266,0
DA:271,0
DA:272,0
DA:274,0
DA:277,0
DA:278,0
DA:287,0
DA:288,0
DA:290,0
DA:291,0
DA:300,0
DA:301,0
DA:302,0
DA:311,0
DA:320,0
DA:321,0
DA:323,0
DA:330,0
DA:331,0
DA:341,0
DA:344,0
DA:353,0
DA:354,0
DA:362,0
DA:363,0
DA:364,0
DA:365,0
DA:374,0
DA:378,0
DA:379,0
DA:381,0
DA:382,0
DA:383,0
DA:387,0
DA:388,0
DA:389,0
DA:390,0
DA:391,0
DA:392,0
DA:393,0
DA:394,0
DA:397,0
DA:400,0
DA:403,0
DA:421,0
DA:422,0
DA:423,0
DA:424,0
DA:426,0
DA:430,0
DA:432,0
DA:434,0
DA:437,0
DA:438,0
LF:133
LH:0
BRDA:72,0,0,0
BRDA:72,0,1,0
BRDA:72,0,2,0
BRDA:72,0,3,0
BRDA:72,0,4,0
BRDA:72,0,5,0
BRDA:72,0,6,0
BRDA:72,0,7,0
BRDA:72,0,8,0
BRDA:72,0,9,0
BRDA:72,0,10,0
BRDA:72,0,11,0
BRDA:143,1,0,0
BRDA:156,2,0,0
BRDA:167,3,0,0
BRDA:177,4,0,0
BRDA:182,5,0,0
BRDA:182,5,1,0
BRDA:182,6,0,0
BRDA:182,6,1,0
BRDA:182,6,2,0
BRDA:199,7,0,0
BRDA:199,7,1,0
BRDA:199,7,2,0
BRDA:220,8,0,0
BRDA:220,8,1,0
BRDA:230,9,0,0
BRDA:230,10,0,0
BRDA:230,10,1,0
BRDA:244,11,0,0
BRDA:244,11,1,0
BRDA:244,11,2,0
BRDA:251,12,0,0
BRDA:251,12,1,0
BRDA:251,13,0,0
BRDA:251,13,1,0
BRDA:251,13,2,0
BRDA:251,13,3,0
BRDA:256,14,0,0
BRDA:256,14,1,0
BRDA:264,15,0,0
BRDA:264,15,1,0
BRDA:272,16,0,0
BRDA:277,17,0,0
BRDA:287,18,0,0
BRDA:287,18,1,0
BRDA:290,19,0,0
BRDA:301,20,0,0
BRDA:301,21,0,0
BRDA:301,21,1,0
BRDA:320,22,0,0
BRDA:321,23,0,0
BRDA:321,23,1,0
BRDA:330,24,0,0
BRDA:341,25,0,0
BRDA:341,26,0,0
BRDA:341,26,1,0
BRDA:341,26,2,0
BRDA:353,27,0,0
BRDA:353,28,0,0
BRDA:353,28,1,0
BRDA:362,29,0,0
BRDA:364,30,0,0
BRDA:379,31,0,0
BRDA:389,32,0,0
BRDA:392,33,0,0
BRDA:423,34,0,0
BRF:67
BRH:0
end_of_record
TN:
SF:src\tools\jwt\utils\analyzer.ts
FN:41,(anonymous_0)
FN:54,(anonymous_1)
FN:94,(anonymous_2)
FN:116,(anonymous_3)
FN:143,(anonymous_4)
FN:162,(anonymous_5)
FN:193,(anonymous_6)
FN:207,(anonymous_7)
FN:221,(anonymous_8)
FN:244,(anonymous_9)
FN:259,(anonymous_10)
FN:279,(anonymous_11)
FN:299,(anonymous_12)
FN:333,(anonymous_13)
FN:352,(anonymous_14)
FNF:15
FNH:15
FNDA:19,(anonymous_0)
FNDA:19,(anonymous_1)
FNDA:19,(anonymous_2)
FNDA:19,(anonymous_3)
FNDA:19,(anonymous_4)
FNDA:19,(anonymous_5)
FNDA:19,(anonymous_6)
FNDA:19,(anonymous_7)
FNDA:19,(anonymous_8)
FNDA:19,(anonymous_9)
FNDA:19,(anonymous_10)
FNDA:19,(anonymous_11)
FNDA:19,(anonymous_12)
FNDA:4,(anonymous_13)
FNDA:4,(anonymous_14)
DA:41,1
DA:42,19
DA:43,1
DA:51,18
DA:54,1
DA:55,19
DA:57,19
DA:58,2
DA:67,17
DA:68,17
DA:69,1
DA:79,16
DA:80,16
DA:81,1
DA:82,1
DA:91,15
DA:94,1
DA:95,19
DA:97,19
DA:98,17
DA:99,17
DA:102,17
DA:103,1
DA:113,18
DA:116,1
DA:117,19
DA:119,19
DA:120,1
DA:129,18
DA:130,18
DA:131,1
DA:140,17
DA:143,1
DA:144,19
DA:146,19
DA:147,1
DA:148,1
DA:149,1
DA:159,18
DA:162,1
DA:163,19
DA:168,19
DA:169,19
DA:170,18
DA:171,18
DA:173,18
DA:174,3
DA:175,3
DA:176,15
DA:177,15
DA:178,15
DA:181,18
DA:190,1
DA:193,1
DA:194,19
DA:195,2
DA:204,17
DA:207,1
DA:208,19
DA:209,1
DA:218,18
DA:221,1
DA:223,19
DA:224,1
DA:231,18
DA:232,1
DA:241,17
DA:244,1
DA:246,19
DA:247,1
DA:256,18
DA:259,1
DA:261,19
DA:263,19
DA:264,92
DA:265,1
DA:275,18
DA:279,1
DA:281,19
DA:282,1
DA:291,18
DA:299,1
DA:300,19
DA:303,19
DA:318,19
DA:319,228
DA:320,228
DA:321,35
DA:325,19
DA:333,1
DA:334,4
DA:336,1
DA:338,1
DA:340,1
DA:343,1
DA:352,1
DA:353,4
DA:355,1
DA:357,1
DA:359,1
DA:362,1
LF:101
LH:101
BRDA:42,0,0,1
BRDA:57,1,0,2
BRDA:68,2,0,1
BRDA:80,3,0,1
BRDA:97,4,0,17
BRDA:102,5,0,1
BRDA:102,6,0,17
BRDA:102,6,1,16
BRDA:105,7,0,1
BRDA:105,7,1,0
BRDA:106,8,0,1
BRDA:106,8,1,0
BRDA:119,9,0,1
BRDA:130,10,0,1
BRDA:146,11,0,1
BRDA:148,12,0,1
BRDA:169,13,0,18
BRDA:173,14,0,3
BRDA:173,14,1,15
BRDA:176,15,0,15
BRDA:194,16,0,2
BRDA:208,17,0,1
BRDA:208,18,0,19
BRDA:208,18,1,2
BRDA:208,18,2,2
BRDA:223,19,0,1
BRDA:223,19,1,18
BRDA:231,20,0,1
BRDA:246,21,0,1
BRDA:246,22,0,19
BRDA:246,22,1,19
BRDA:246,22,2,18
BRDA:246,22,3,17
BRDA:264,23,0,1
BRDA:264,24,0,92
BRDA:264,24,1,56
BRDA:281,25,0,1
BRDA:320,26,0,35
BRDA:334,27,0,1
BRDA:334,27,1,1
BRDA:334,27,2,1
BRDA:334,27,3,1
BRDA:334,27,4,1
BRDA:353,28,0,1
BRDA:353,28,1,1
BRDA:353,28,2,1
BRDA:353,28,3,1
BRDA:353,28,4,1
BRF:48
BRH:46
end_of_record
TN:
SF:src\tools\jwt\workers\cryptoWorker.ts
FN:48,(anonymous_0)
FN:55,(anonymous_1)
FN:80,(anonymous_2)
FN:87,(anonymous_3)
FN:98,(anonymous_4)
FN:140,(anonymous_5)
FN:177,(anonymous_6)
FN:314,tryParseJson
FN:329,(anonymous_8)
FN:389,(anonymous_9)
FN:467,(anonymous_10)
FN:505,(anonymous_11)
FN:575,(anonymous_12)
FN:697,(anonymous_13)
FN:876,(anonymous_14)
FN:897,(anonymous_15)
FNF:16
FNH:0
FNDA:0,(anonymous_0)
FNDA:0,(anonymous_1)
FNDA:0,(anonymous_2)
FNDA:0,(anonymous_3)
FNDA:0,(anonymous_4)
FNDA:0,(anonymous_5)
FNDA:0,(anonymous_6)
FNDA:0,tryParseJson
FNDA:0,(anonymous_8)
FNDA:0,(anonymous_9)
FNDA:0,(anonymous_10)
FNDA:0,(anonymous_11)
FNDA:0,(anonymous_12)
FNDA:0,(anonymous_13)
FNDA:0,(anonymous_14)
FNDA:0,(anonymous_15)
DA:43,0
DA:48,0
DA:49,0
DA:55,0
DA:57,0
DA:58,0
DA:59,0
DA:60,0
DA:61,0
DA:62,0
DA:65,0
DA:66,0
DA:69,0
DA:70,0
DA:72,0
DA:80,0
DA:81,0
DA:87,0
DA:88,0
DA:89,0
DA:90,0
DA:92,0
DA:98,0
DA:105,0
DA:107,0
DA:108,0
DA:109,0
DA:110,0
DA:112,0
DA:121,0
DA:124,0
DA:140,0
DA:141,0
DA:142,0
DA:145,0
DA:146,0
DA:150,0
DA:153,0
DA:154,0
DA:155,0
DA:159,0
DA:160,0
DA:161,0
DA:165,0
DA:166,0
DA:167,0
DA:170,0
DA:177,0
DA:178,0
DA:180,0
DA:181,0
DA:184,0
DA:185,0
DA:200,0
DA:203,0
DA:204,0
DA:207,0
DA:222,0
DA:225,0
DA:226,0
DA:230,0
DA:231,0
DA:232,0
DA:235,0
DA:236,0
DA:239,0
DA:240,0
DA:243,0
DA:244,0
DA:248,0
DA:249,0
DA:250,0
DA:253,0
DA:254,0
DA:255,0
DA:256,0
DA:257,0
DA:258,0
DA:261,0
DA:264,0
DA:265,0
DA:266,0
DA:267,0
DA:268,0
DA:272,0
DA:273,0
DA:277,0
DA:278,0
DA:282,0
DA:296,0
DA:315,0
DA:316,0
DA:317,0
DA:320,0
DA:329,0
DA:331,0
DA:332,0
DA:333,0
DA:334,0
DA:335,0
DA:336,0
DA:337,0
DA:339,0
DA:341,0
DA:342,0
DA:346,0
DA:348,0
DA:349,0
DA:350,0
DA:351,0
DA:352,0
DA:354,0
DA:356,0
DA:357,0
DA:361,0
DA:362,0
DA:389,0
DA:399,0
DA:402,0
DA:411,0
DA:413,0
DA:417,0
DA:419,0
DA:423,0
DA:425,0
DA:431,0
DA:432,0
DA:433,0
DA:434,0
DA:442,0
DA:443,0
DA:445,0
DA:452,0
DA:453,0
DA:457,0
DA:461,0
DA:467,0
DA:472,0
DA:474,0
DA:475,0
DA:477,0
DA:478,0
DA:479,0
DA:482,0
DA:483,0
DA:486,0
DA:487,0
DA:488,0
DA:489,0
DA:490,0
DA:491,0
DA:493,0
DA:498,0
DA:499,0
DA:503,0
DA:505,0
DA:510,0
DA:512,0
DA:514,0
DA:515,0
DA:516,0
DA:518,0
DA:519,0
DA:520,0
DA:522,0
DA:523,0
DA:524,0
DA:526,0
DA:527,0
DA:529,0
DA:530,0
DA:532,0
DA:533,0
DA:535,0
DA:536,0
DA:538,0
DA:539,0
DA:541,0
DA:542,0
DA:544,0
DA:545,0
DA:547,0
DA:548,0
DA:550,0
DA:551,0
DA:553,0
DA:557,0
DA:567,0
DA:568,0
DA:575,0
DA:580,0
DA:582,0
DA:587,0
DA:588,0
DA:589,0
DA:593,0
DA:594,0
DA:595,0
DA:598,0
DA:599,0
DA:604,0
DA:606,0
DA:608,0
DA:609,0
DA:610,0
DA:612,0
DA:613,0
DA:614,0
DA:616,0
DA:617,0
DA:618,0
DA:620,0
DA:621,0
DA:623,0
DA:624,0
DA:626,0
DA:627,0
DA:629,0
DA:630,0
DA:632,0
DA:633,0
DA:635,0
DA:636,0
DA:638,0
DA:639,0
DA:641,0
DA:642,0
DA:644,0
DA:645,0
DA:647,0
DA:651,0
DA:654,0
DA:655,0
DA:657,0
DA:661,0
DA:670,0
DA:671,0
DA:672,0
DA:679,0
DA:680,0
DA:681,0
DA:682,0
DA:684,0
DA:687,0
DA:689,0
DA:690,0
DA:697,0
DA:698,0
DA:700,0
DA:701,0
DA:702,0
DA:703,0
DA:709,0
DA:713,0
DA:714,0
DA:715,0
DA:723,0
DA:724,0
DA:732,0
DA:733,0
DA:743,0
DA:744,0
DA:753,0
DA:755,0
DA:756,0
DA:763,0
DA:764,0
DA:765,0
DA:775,0
DA:776,0
DA:785,0
DA:786,0
DA:795,0
DA:796,0
DA:805,0
DA:806,0
DA:813,0
DA:814,0
DA:815,0
DA:825,0
DA:826,0
DA:836,0
DA:837,0
DA:843,0
DA:844,0
DA:853,0
DA:854,0
DA:862,0
DA:870,0
DA:876,0
DA:879,0
DA:880,0
DA:883,0
DA:891,0
DA:897,0
DA:900,0
DA:902,0
DA:903,0
DA:904,0
DA:906,0
DA:907,0
DA:911,0
DA:912,0
DA:915,0
DA:919,0
DA:920,0
DA:921,0
DA:922,0
DA:923,0
LF:309
LH:0
BRDA:58,0,0,0
BRDA:58,0,1,0
BRDA:58,0,2,0
BRDA:58,0,3,0
BRDA:81,1,0,0
BRDA:81,1,1,0
BRDA:89,2,0,0
BRDA:89,3,0,0
BRDA:89,3,1,0
BRDA:105,4,0,0
BRDA:110,5,0,0
BRDA:110,5,1,0
BRDA:113,6,0,0
BRDA:113,6,1,0
BRDA:116,7,0,0
BRDA:116,7,1,0
BRDA:116,8,0,0
BRDA:116,8,1,0
BRDA:128,9,0,0
BRDA:128,9,1,0
BRDA:145,10,0,0
BRDA:153,11,0,0
BRDA:159,12,0,0
BRDA:165,13,0,0
BRDA:184,14,0,0
BRDA:203,15,0,0
BRDA:208,16,0,0
BRDA:208,16,1,0
BRDA:209,17,0,0
BRDA:209,17,1,0
BRDA:210,18,0,0
BRDA:210,18,1,0
BRDA:213,19,0,0
BRDA:213,19,1,0
BRDA:214,20,0,0
BRDA:214,20,1,0
BRDA:215,21,0,0
BRDA:215,21,1,0
BRDA:235,22,0,0
BRDA:235,23,0,0
BRDA:235,23,1,0
BRDA:239,24,0,0
BRDA:239,25,0,0
BRDA:239,25,1,0
BRDA:239,25,2,0
BRDA:253,26,0,0
BRDA:254,27,0,0
BRDA:254,27,1,0
BRDA:257,28,0,0
BRDA:264,29,0,0
BRDA:267,30,0,0
BRDA:272,31,0,0
BRDA:278,32,0,0
BRDA:278,32,1,0
BRDA:293,33,0,0
BRDA:293,33,1,0
BRDA:306,34,0,0
BRDA:306,34,1,0
BRDA:329,35,0,0
BRDA:331,36,0,0
BRDA:346,37,0,0
BRDA:346,37,1,0
BRDA:406,38,0,0
BRDA:406,38,1,0
BRDA:407,39,0,0
BRDA:407,39,1,0
BRDA:411,40,0,0
BRDA:411,40,1,0
BRDA:417,41,0,0
BRDA:417,41,1,0
BRDA:417,42,0,0
BRDA:417,42,1,0
BRDA:423,43,0,0
BRDA:452,44,0,0
BRDA:478,45,0,0
BRDA:487,46,0,0
BRDA:498,47,0,0
BRDA:512,48,0,0
BRDA:512,48,1,0
BRDA:512,48,2,0
BRDA:512,48,3,0
BRDA:512,48,4,0
BRDA:512,48,5,0
BRDA:512,48,6,0
BRDA:512,48,7,0
BRDA:512,48,8,0
BRDA:512,48,9,0
BRDA:512,48,10,0
BRDA:512,48,11,0
BRDA:512,48,12,0
BRDA:588,49,0,0
BRDA:598,50,0,0
BRDA:606,51,0,0
BRDA:606,51,1,0
BRDA:606,51,2,0
BRDA:606,51,3,0
BRDA:606,51,4,0
BRDA:606,51,5,0
BRDA:606,51,6,0
BRDA:606,51,7,0
BRDA:606,51,8,0
BRDA:606,51,9,0
BRDA:606,51,10,0
BRDA:606,51,11,0
BRDA:606,51,12,0
BRDA:654,52,0,0
BRDA:654,52,1,0
BRDA:702,53,0,0
BRDA:714,54,0,0
BRDA:714,54,1,0
BRDA:723,55,0,0
BRDA:732,56,0,0
BRDA:743,57,0,0
BRDA:743,58,0,0
BRDA:743,58,1,0
BRDA:753,59,0,0
BRDA:755,60,0,0
BRDA:755,60,1,0
BRDA:764,61,0,0
BRDA:775,62,0,0
BRDA:785,63,0,0
BRDA:795,64,0,0
BRDA:805,65,0,0
BRDA:805,65,1,0
BRDA:814,66,0,0
BRDA:825,67,0,0
BRDA:836,68,0,0
BRDA:836,68,1,0
BRDA:843,69,0,0
BRDA:853,70,0,0
BRDA:865,71,0,0
BRDA:865,71,1,0
BRF:132
BRH:0
end_of_record
TN:
SF:src\tools\jwtplayground\JwtPlayground.tsx
FN:37,(anonymous_0)
FN:42,(anonymous_1)
FN:59,(anonymous_2)
FN:74,(anonymous_3)
FN:109,(anonymous_4)
FN:128,(anonymous_5)
FN:142,(anonymous_6)
FN:144,(anonymous_7)
FN:145,(anonymous_8)
FN:150,(anonymous_9)
FN:153,(anonymous_10)
FN:163,(anonymous_11)
FN:173,(anonymous_12)
FN:191,(anonymous_13)
FN:211,(anonymous_14)
FN:216,(anonymous_15)
FN:221,(anonymous_16)
FN:235,(anonymous_17)
FN:244,(anonymous_18)
FN:252,(anonymous_19)
FN:302,(anonymous_20)
FN:315,(anonymous_21)
FN:322,(anonymous_22)
FN:355,(anonymous_23)
FN:369,(anonymous_24)
FN:400,(anonymous_25)
FN:407,(anonymous_26)
FN:494,(anonymous_27)
FN:500,(anonymous_28)
FN:509,(anonymous_29)
FN:532,(anonymous_30)
FNF:31
FNH:0
FNDA:0,(anonymous_0)
FNDA:0,(anonymous_1)
FNDA:0,(anonymous_2)
FNDA:0,(anonymous_3)
FNDA:0,(anonymous_4)
FNDA:0,(anonymous_5)
FNDA:0,(anonymous_6)
FNDA:0,(anonymous_7)
FNDA:0,(anonymous_8)
FNDA:0,(anonymous_9)
FNDA:0,(anonymous_10)
FNDA:0,(anonymous_11)
FNDA:0,(anonymous_12)
FNDA:0,(anonymous_13)
FNDA:0,(anonymous_14)
FNDA:0,(anonymous_15)
FNDA:0,(anonymous_16)
FNDA:0,(anonymous_17)
FNDA:0,(anonymous_18)
FNDA:0,(anonymous_19)
FNDA:0,(anonymous_20)
FNDA:0,(anonymous_21)
FNDA:0,(anonymous_22)
FNDA:0,(anonymous_23)
FNDA:0,(anonymous_24)
FNDA:0,(anonymous_25)
FNDA:0,(anonymous_26)
FNDA:0,(anonymous_27)
FNDA:0,(anonymous_28)
FNDA:0,(anonymous_29)
FNDA:0,(anonymous_30)
DA:8,0
DA:24,0
DA:29,0
DA:37,0
DA:38,0
DA:42,0
DA:44,0
DA:45,0
DA:46,0
DA:47,0
DA:48,0
DA:49,0
DA:52,0
DA:53,0
DA:55,0
DA:59,0
DA:60,0
DA:61,0
DA:62,0
DA:63,0
DA:64,0
DA:65,0
DA:66,0
DA:67,0
DA:68,0
DA:69,0
DA:70,0
DA:71,0
DA:74,0
DA:75,0
DA:79,0
DA:80,0
DA:81,0
DA:84,0
DA:89,0
DA:90,0
DA:93,0
DA:95,0
DA:96,0
DA:97,0
DA:98,0
DA:101,0
DA:103,0
DA:104,0
DA:109,0
DA:110,0
DA:111,0
DA:113,0
DA:114,0
DA:115,0
DA:116,0
DA:119,0
DA:120,0
DA:121,0
DA:122,0
DA:123,0
DA:125,0
DA:126,0
DA:128,0
DA:129,0
DA:142,0
DA:143,0
DA:144,0
DA:145,0
DA:150,0
DA:151,0
DA:152,0
DA:153,0
DA:154,0
DA:156,0
DA:158,0
DA:163,0
DA:164,0
DA:165,0
DA:166,0
DA:168,0
DA:173,0
DA:174,0
DA:175,0
DA:177,0
DA:178,0
DA:181,0
DA:182,0
DA:183,0
DA:184,0
DA:185,0
DA:186,0
DA:188,0
DA:189,0
DA:191,0
DA:192,0
DA:195,0
DA:196,0
DA:198,0
DA:199,0
DA:202,0
DA:203,0
DA:206,0
DA:207,0
DA:211,0
DA:212,0
DA:213,0
DA:216,0
DA:217,0
DA:218,0
DA:221,0
DA:222,0
DA:223,0
DA:226,0
DA:227,0
DA:228,0
DA:229,0
DA:235,0
DA:236,0
DA:237,0
DA:238,0
DA:239,0
DA:240,0
DA:241,0
DA:244,0
DA:245,0
DA:246,0
DA:248,0
DA:252,0
DA:253,0
DA:257,0
DA:258,0
DA:260,0
DA:303,0
DA:315,0
DA:322,0
DA:355,0
DA:369,0
DA:400,0
DA:407,0
DA:494,0
DA:500,0
DA:510,0
DA:511,0
DA:513,0
DA:514,0
DA:521,0
DA:533,0
DA:570,0
LF:144
LH:0
BRDA:45,0,0,0
BRDA:45,0,1,0
BRDA:45,0,2,0
BRDA:45,0,3,0
BRDA:103,1,0,0
BRDA:103,1,1,0
BRDA:113,2,0,0
BRDA:120,3,0,0
BRDA:128,4,0,0
BRDA:128,5,0,0
BRDA:128,5,1,0
BRDA:143,6,0,0
BRDA:153,7,0,0
BRDA:153,8,0,0
BRDA:153,8,1,0
BRDA:177,9,0,0
BRDA:183,10,0,0
BRDA:183,10,1,0
BRDA:191,11,0,0
BRDA:191,12,0,0
BRDA:191,12,1,0
BRDA:314,13,0,0
BRDA:314,13,1,0
BRDA:321,14,0,0
BRDA:321,14,1,0
BRDA:330,15,0,0
BRDA:330,15,1,0
BRDA:383,16,0,0
BRDA:383,16,1,0
BRDA:393,17,0,0
BRDA:393,17,1,0
BRDA:393,18,0,0
BRDA:393,18,1,0
BRDA:393,19,0,0
BRDA:393,19,1,0
BRDA:425,20,0,0
BRDA:425,20,1,0
BRDA:436,21,0,0
BRDA:436,21,1,0
BRDA:438,22,0,0
BRDA:438,22,1,0
BRDA:443,23,0,0
BRDA:443,23,1,0
BRDA:449,24,0,0
BRDA:449,24,1,0
BRDA:457,25,0,0
BRDA:457,25,1,0
BRDA:469,26,0,0
BRDA:469,26,1,0
BRDA:486,27,0,0
BRDA:486,27,1,0
BRDA:486,27,2,0
BRDA:493,28,0,0
BRDA:493,28,1,0
BRDA:499,29,0,0
BRDA:499,29,1,0
BRDA:513,30,0,0
BRDA:536,31,0,0
BRDA:536,31,1,0
BRDA:536,32,0,0
BRDA:536,32,1,0
BRDA:536,32,2,0
BRDA:540,33,0,0
BRDA:540,33,1,0
BRDA:540,34,0,0
BRDA:540,34,1,0
BRDA:542,35,0,0
BRDA:542,35,1,0
BRDA:544,36,0,0
BRDA:544,36,1,0
BRDA:550,37,0,0
BRDA:550,37,1,0
BRDA:555,38,0,0
BRDA:555,38,1,0
BRDA:556,39,0,0
BRDA:556,39,1,0
BRDA:557,40,0,0
BRDA:557,40,1,0
BRDA:558,41,0,0
BRDA:558,41,1,0
BRDA:559,42,0,0
BRDA:559,42,1,0
BRDA:560,43,0,0
BRDA:560,43,1,0
BRDA:561,44,0,0
BRDA:561,44,1,0
BRF:86
BRH:0
end_of_record
TN:
SF:src\tools\linktracer\DeviceTrace.tsx
FN:31,useLocalStorage
FN:33,(anonymous_1)
FN:44,(anonymous_2)
FN:58,(anonymous_3)
FN:80,(anonymous_4)
FN:87,(anonymous_5)
FN:88,handleClickOutside
FN:96,(anonymous_7)
FN:102,(anonymous_8)
FN:147,(anonymous_9)
FN:148,(anonymous_10)
FN:150,(anonymous_11)
FN:159,(anonymous_12)
FN:165,(anonymous_13)
FN:172,(anonymous_14)
FN:191,(anonymous_15)
FN:198,(anonymous_16)
FN:211,(anonymous_17)
FN:220,(anonymous_18)
FN:226,(anonymous_19)
FN:227,(anonymous_20)
FN:235,(anonymous_21)
FN:242,(anonymous_22)
FN:287,(anonymous_23)
FN:296,(anonymous_24)
FN:312,(anonymous_25)
FN:316,(anonymous_26)
FN:350,(anonymous_27)
FN:363,(anonymous_28)
FN:376,(anonymous_29)
FN:433,(anonymous_30)
FNF:31
FNH:0
FNDA:0,useLocalStorage
FNDA:0,(anonymous_1)
FNDA:0,(anonymous_2)
FNDA:0,(anonymous_3)
FNDA:0,(anonymous_4)
FNDA:0,(anonymous_5)
FNDA:0,handleClickOutside
FNDA:0,(anonymous_7)
FNDA:0,(anonymous_8)
FNDA:0,(anonymous_9)
FNDA:0,(anonymous_10)
FNDA:0,(anonymous_11)
FNDA:0,(anonymous_12)
FNDA:0,(anonymous_13)
FNDA:0,(anonymous_14)
FNDA:0,(anonymous_15)
FNDA:0,(anonymous_16)
FNDA:0,(anonymous_17)
FNDA:0,(anonymous_18)
FNDA:0,(anonymous_19)
FNDA:0,(anonymous_20)
FNDA:0,(anonymous_21)
FNDA:0,(anonymous_22)
FNDA:0,(anonymous_23)
FNDA:0,(anonymous_24)
FNDA:0,(anonymous_25)
FNDA:0,(anonymous_26)
FNDA:0,(anonymous_27)
FNDA:0,(anonymous_28)
FNDA:0,(anonymous_29)
FNDA:0,(anonymous_30)
DA:33,0
DA:34,0
DA:35,0
DA:36,0
DA:38,0
DA:39,0
DA:44,0
DA:45,0
DA:47,0
DA:48,0
DA:49,0
DA:51,0
DA:55,0
DA:58,0
DA:59,0
DA:62,0
DA:63,0
DA:64,0
DA:65,0
DA:66,0
DA:67,0
DA:70,0
DA:71,0
DA:72,0
DA:73,0
DA:74,0
DA:76,0
DA:77,0
DA:80,0
DA:81,0
DA:82,0
DA:87,0
DA:89,0
DA:91,0
DA:95,0
DA:96,0
DA:97,0
DA:102,0
DA:103,0
DA:104,0
DA:105,0
DA:109,0
DA:110,0
DA:112,0
DA:113,0
DA:114,0
DA:116,0
DA:118,0
DA:132,0
DA:133,0
DA:134,0
DA:137,0
DA:138,0
DA:140,0
DA:142,0
DA:147,0
DA:148,0
DA:150,0
DA:152,0
DA:154,0
DA:159,0
DA:160,0
DA:161,0
DA:165,0
DA:166,0
DA:167,0
DA:172,0
DA:173,0
DA:176,0
DA:177,0
DA:178,0
DA:179,0
DA:180,0
DA:181,0
DA:182,0
DA:183,0
DA:184,0
DA:187,0
DA:191,0
DA:192,0
DA:195,0
DA:198,0
DA:199,0
DA:200,0
DA:204,0
DA:207,0
DA:211,0
DA:212,0
DA:215,0
DA:216,0
DA:220,0
DA:221,0
DA:226,0
DA:227,0
DA:228,0
DA:229,0
DA:235,0
DA:236,0
DA:242,0
DA:243,0
DA:244,0
DA:245,0
DA:246,0
DA:247,0
DA:248,0
DA:249,0
DA:254,0
DA:255,0
DA:257,0
DA:287,0
DA:296,0
DA:313,0
DA:316,0
DA:350,0
DA:363,0
DA:376,0
DA:434,0
DA:435,0
LF:118
LH:0
BRDA:36,0,0,0
BRDA:36,0,1,0
BRDA:47,1,0,0
BRDA:47,1,1,0
BRDA:81,2,0,0
BRDA:89,3,0,0
BRDA:89,4,0,0
BRDA:89,4,1,0
BRDA:103,5,0,0
BRDA:132,6,0,0
BRDA:134,7,0,0
BRDA:134,7,1,0
BRDA:140,8,0,0
BRDA:140,8,1,0
BRDA:166,9,0,0
BRDA:173,10,0,0
BRDA:192,11,0,0
BRDA:199,12,0,0
BRDA:199,12,1,0
BRDA:215,13,0,0
BRDA:228,14,0,0
BRDA:236,15,0,0
BRDA:236,15,1,0
BRDA:243,16,0,0
BRDA:243,16,1,0
BRDA:243,16,2,0
BRDA:243,16,3,0
BRDA:243,16,4,0
BRDA:243,16,5,0
BRDA:291,17,0,0
BRDA:291,17,1,0
BRDA:303,18,0,0
BRDA:303,18,1,0
BRDA:331,19,0,0
BRDA:331,19,1,0
BRDA:386,20,0,0
BRDA:386,20,1,0
BRDA:392,21,0,0
BRDA:392,21,1,0
BRDA:398,22,0,0
BRDA:398,22,1,0
BRDA:398,22,2,0
BRDA:434,23,0,0
BRDA:434,23,1,0
BRDA:438,24,0,0
BRDA:438,24,1,0
BRDA:448,25,0,0
BRDA:448,25,1,0
BRDA:448,26,0,0
BRDA:448,26,1,0
BRDA:450,27,0,0
BRDA:450,27,1,0
BRDA:450,28,0,0
BRDA:450,28,1,0
BRDA:452,29,0,0
BRDA:452,29,1,0
BRDA:452,30,0,0
BRDA:452,30,1,0
BRDA:506,31,0,0
BRDA:506,31,1,0
BRF:60
BRH:0
end_of_record
TN:
SF:src\tools\linktracer\LinkTracer.tsx
FN:26,(anonymous_0)
FN:54,(anonymous_1)
FN:70,(anonymous_2)
FN:83,(anonymous_3)
FN:130,(anonymous_4)
FN:136,(anonymous_5)
FN:144,(anonymous_6)
FN:149,(anonymous_7)
FN:169,(anonymous_8)
FN:178,(anonymous_9)
FN:184,(anonymous_10)
FN:185,(anonymous_11)
FN:192,(anonymous_12)
FN:239,(anonymous_13)
FN:260,(anonymous_14)
FN:283,(anonymous_15)
FN:290,(anonymous_16)
FN:310,(anonymous_17)
FN:323,(anonymous_18)
FN:326,(anonymous_19)
FN:335,(anonymous_20)
FN:375,(anonymous_21)
FN:409,(anonymous_22)
FN:468,(anonymous_23)
FNF:24
FNH:0
FNDA:0,(anonymous_0)
FNDA:0,(anonymous_1)
FNDA:0,(anonymous_2)
FNDA:0,(anonymous_3)
FNDA:0,(anonymous_4)
FNDA:0,(anonymous_5)
FNDA:0,(anonymous_6)
FNDA:0,(anonymous_7)
FNDA:0,(anonymous_8)
FNDA:0,(anonymous_9)
FNDA:0,(anonymous_10)
FNDA:0,(anonymous_11)
FNDA:0,(anonymous_12)
FNDA:0,(anonymous_13)
FNDA:0,(anonymous_14)
FNDA:0,(anonymous_15)
FNDA:0,(anonymous_16)
FNDA:0,(anonymous_17)
FNDA:0,(anonymous_18)
FNDA:0,(anonymous_19)
FNDA:0,(anonymous_20)
FNDA:0,(anonymous_21)
FNDA:0,(anonymous_22)
FNDA:0,(anonymous_23)
DA:26,0
DA:27,0
DA:28,0
DA:29,0
DA:30,0
DA:31,0
DA:32,0
DA:33,0
DA:34,0
DA:35,0
DA:36,0
DA:37,0
DA:38,0
DA:41,0
DA:51,0
DA:54,0
DA:55,0
DA:56,0
DA:57,0
DA:58,0
DA:59,0
DA:60,0
DA:61,0
DA:62,0
DA:65,0
DA:70,0
DA:71,0
DA:72,0
DA:79,0
DA:83,0
DA:84,0
DA:85,0
DA:86,0
DA:89,0
DA:90,0
DA:91,0
DA:93,0
DA:95,0
DA:96,0
DA:97,0
DA:98,0
DA:99,0
DA:103,0
DA:116,0
DA:117,0
DA:118,0
DA:121,0
DA:122,0
DA:124,0
DA:126,0
DA:130,0
DA:131,0
DA:132,0
DA:136,0
DA:137,0
DA:138,0
DA:141,0
DA:144,0
DA:145,0
DA:148,0
DA:149,0
DA:150,0
DA:154,0
DA:155,0
DA:156,0
DA:157,0
DA:158,0
DA:159,0
DA:160,0
DA:161,0
DA:162,0
DA:165,0
DA:169,0
DA:170,0
DA:173,0
DA:174,0
DA:178,0
DA:179,0
DA:184,0
DA:185,0
DA:186,0
DA:187,0
DA:192,0
DA:193,0
DA:194,0
DA:195,0
DA:196,0
DA:197,0
DA:198,0
DA:199,0
DA:200,0
DA:202,0
DA:207,0
DA:208,0
DA:210,0
DA:239,0
DA:260,0
DA:284,0
DA:290,0
DA:310,0
DA:323,0
DA:327,0
DA:335,0
DA:376,0
DA:410,0
DA:468,0
LF:106
LH:0
BRDA:57,0,0,0
BRDA:59,1,0,0
BRDA:60,2,0,0
BRDA:61,3,0,0
BRDA:62,4,0,0
BRDA:84,5,0,0
BRDA:96,6,0,0
BRDA:96,6,1,0
BRDA:97,7,0,0
BRDA:97,7,1,0
BRDA:98,8,0,0
BRDA:116,9,0,0
BRDA:118,10,0,0
BRDA:118,10,1,0
BRDA:124,11,0,0
BRDA:124,11,1,0
BRDA:131,12,0,0
BRDA:137,13,0,0
BRDA:145,14,0,0
BRDA:173,15,0,0
BRDA:186,16,0,0
BRDA:193,17,0,0
BRDA:193,17,1,0
BRDA:193,18,0,0
BRDA:193,18,1,0
BRDA:195,19,0,0
BRDA:195,19,1,0
BRDA:195,20,0,0
BRDA:195,20,1,0
BRDA:197,21,0,0
BRDA:197,21,1,0
BRDA:197,22,0,0
BRDA:197,22,1,0
BRDA:199,23,0,0
BRDA:199,23,1,0
BRDA:246,24,0,0
BRDA:246,24,1,0
BRDA:264,25,0,0
BRDA:264,25,1,0
BRDA:274,26,0,0
BRDA:274,26,1,0
BRDA:331,27,0,0
BRDA:331,27,1,0
BRDA:346,28,0,0
BRDA:346,28,1,0
BRDA:352,29,0,0
BRDA:352,29,1,0
BRDA:358,30,0,0
BRDA:358,30,1,0
BRDA:358,30,2,0
BRDA:371,31,0,0
BRDA:371,31,1,0
BRDA:377,32,0,0
BRDA:377,32,1,0
BRDA:410,33,0,0
BRDA:410,33,1,0
BRDA:416,34,0,0
BRDA:416,34,1,0
BRDA:424,35,0,0
BRDA:424,35,1,0
BRDA:482,36,0,0
BRDA:482,36,1,0
BRF:62
BRH:0
end_of_record
TN:
SF:src\tools\qrcode\QRCodeGenerator.tsx
FN:23,(anonymous_0)
FN:54,(anonymous_1)
FN:55,(anonymous_2)
FN:102,(anonymous_3)
FN:117,(anonymous_4)
FN:123,(anonymous_5)
FN:131,(anonymous_6)
FN:137,(anonymous_7)
FN:139,(anonymous_8)
FN:140,(anonymous_9)
FN:145,(anonymous_10)
FN:147,(anonymous_11)
FN:151,(anonymous_12)
FN:156,(anonymous_13)
FN:184,(anonymous_14)
FN:194,(anonymous_15)
FN:199,(anonymous_16)
FN:204,(anonymous_17)
FN:235,(anonymous_18)
FN:282,(anonymous_19)
FN:286,(anonymous_20)
FN:293,(anonymous_21)
FN:297,(anonymous_22)
FN:305,(anonymous_23)
FN:315,(anonymous_24)
FN:324,(anonymous_25)
FN:358,(anonymous_26)
FN:368,(anonymous_27)
FN:369,(anonymous_28)
FN:382,(anonymous_29)
FN:388,(anonymous_30)
FN:389,(anonymous_31)
FN:397,(anonymous_32)
FN:445,(anonymous_33)
FN:538,(anonymous_34)
FN:570,(anonymous_35)
FN:585,(anonymous_36)
FN:606,(anonymous_37)
FN:612,(anonymous_38)
FN:627,(anonymous_39)
FN:633,(anonymous_40)
FN:793,(anonymous_41)
FN:798,(anonymous_42)
FN:824,(anonymous_43)
FN:839,(anonymous_44)
FN:844,(anonymous_45)
FN:857,(anonymous_46)
FN:863,(anonymous_47)
FNF:48
FNH:0
FNDA:0,(anonymous_0)
FNDA:0,(anonymous_1)
FNDA:0,(anonymous_2)
FNDA:0,(anonymous_3)
FNDA:0,(anonymous_4)
FNDA:0,(anonymous_5)
FNDA:0,(anonymous_6)
FNDA:0,(anonymous_7)
FNDA:0,(anonymous_8)
FNDA:0,(anonymous_9)
FNDA:0,(anonymous_10)
FNDA:0,(anonymous_11)
FNDA:0,(anonymous_12)
FNDA:0,(anonymous_13)
FNDA:0,(anonymous_14)
FNDA:0,(anonymous_15)
FNDA:0,(anonymous_16)
FNDA:0,(anonymous_17)
FNDA:0,(anonymous_18)
FNDA:0,(anonymous_19)
FNDA:0,(anonymous_20)
FNDA:0,(anonymous_21)
FNDA:0,(anonymous_22)
FNDA:0,(anonymous_23)
FNDA:0,(anonymous_24)
FNDA:0,(anonymous_25)
FNDA:0,(anonymous_26)
FNDA:0,(anonymous_27)
FNDA:0,(anonymous_28)
FNDA:0,(anonymous_29)
FNDA:0,(anonymous_30)
FNDA:0,(anonymous_31)
FNDA:0,(anonymous_32)
FNDA:0,(anonymous_33)
FNDA:0,(anonymous_34)
FNDA:0,(anonymous_35)
FNDA:0,(anonymous_36)
FNDA:0,(anonymous_37)
FNDA:0,(anonymous_38)
FNDA:0,(anonymous_39)
FNDA:0,(anonymous_40)
FNDA:0,(anonymous_41)
FNDA:0,(anonymous_42)
FNDA:0,(anonymous_43)
FNDA:0,(anonymous_44)
FNDA:0,(anonymous_45)
FNDA:0,(anonymous_46)
FNDA:0,(anonymous_47)
DA:23,0
DA:24,0
DA:25,0
DA:26,0
DA:27,0
DA:29,0
DA:30,0
DA:31,0
DA:32,0
DA:33,0
DA:34,0
DA:35,0
DA:36,0
DA:37,0
DA:38,0
DA:39,0
DA:42,0
DA:43,0
DA:44,0
DA:47,0
DA:49,0
DA:50,0
DA:51,0
DA:54,0
DA:55,0
DA:56,0
DA:57,0
DA:58,0
DA:61,0
DA:64,0
DA:65,0
DA:66,0
DA:67,0
DA:68,0
DA:69,0
DA:70,0
DA:71,0
DA:72,0
DA:74,0
DA:79,0
DA:80,0
DA:81,0
DA:82,0
DA:84,0
DA:89,0
DA:90,0
DA:92,0
DA:93,0
DA:95,0
DA:96,0
DA:102,0
DA:103,0
DA:104,0
DA:112,0
DA:117,0
DA:118,0
DA:120,0
DA:122,0
DA:123,0
DA:124,0
DA:127,0
DA:128,0
DA:131,0
DA:132,0
DA:137,0
DA:138,0
DA:139,0
DA:140,0
DA:145,0
DA:146,0
DA:147,0
DA:148,0
DA:151,0
DA:156,0
DA:157,0
DA:158,0
DA:159,0
DA:162,0
DA:173,0
DA:176,0
DA:177,0
DA:180,0
DA:184,0
DA:185,0
DA:186,0
DA:187,0
DA:189,0
DA:190,0
DA:194,0
DA:195,0
DA:196,0
DA:199,0
DA:200,0
DA:201,0
DA:204,0
DA:205,0
DA:207,0
DA:208,0
DA:209,0
DA:212,0
DA:213,0
DA:216,0
DA:217,0
DA:220,0
DA:221,0
DA:222,0
DA:223,0
DA:224,0
DA:225,0
DA:226,0
DA:229,0
DA:230,0
DA:231,0
DA:235,0
DA:236,0
DA:239,0
DA:240,0
DA:243,0
DA:244,0
DA:245,0
DA:247,0
DA:249,0
DA:250,0
DA:253,0
DA:256,0
DA:257,0
DA:258,0
DA:261,0
DA:262,0
DA:265,0
DA:266,0
DA:267,0
DA:271,0
DA:272,0
DA:273,0
DA:274,0
DA:275,0
DA:276,0
DA:277,0
DA:279,0
DA:282,0
DA:283,0
DA:285,0
DA:286,0
DA:287,0
DA:288,0
DA:290,0
DA:291,0
DA:293,0
DA:297,0
DA:298,0
DA:300,0
DA:301,0
DA:302,0
DA:305,0
DA:306,0
DA:307,0
DA:311,0
DA:315,0
DA:316,0
DA:317,0
DA:319,0
DA:320,0
DA:324,0
DA:325,0
DA:327,0
DA:341,0
DA:342,0
DA:345,0
DA:346,0
DA:347,0
DA:349,0
DA:350,0
DA:353,0
DA:354,0
DA:358,0
DA:359,0
DA:360,0
DA:361,0
DA:362,0
DA:363,0
DA:364,0
DA:368,0
DA:369,0
DA:370,0
DA:373,0
DA:374,0
DA:375,0
DA:377,0
DA:382,0
DA:383,0
DA:384,0
DA:388,0
DA:389,0
DA:390,0
DA:391,0
DA:392,0
DA:396,0
DA:397,0
DA:398,0
DA:403,0
DA:404,0
DA:406,0
DA:445,0
DA:539,0
DA:540,0
DA:570,0
DA:585,0
DA:606,0
DA:612,0
DA:627,0
DA:633,0
DA:793,0
DA:798,0
DA:824,0
DA:840,0
DA:844,0
DA:857,0
DA:863,0
LF:219
LH:0
BRDA:27,0,0,0
BRDA:27,0,1,0
BRDA:56,1,0,0
BRDA:56,1,1,0
BRDA:65,2,0,0
BRDA:68,3,0,0
BRDA:68,3,1,0
BRDA:69,4,0,0
BRDA:69,4,1,0
BRDA:70,5,0,0
BRDA:70,5,1,0
BRDA:71,6,0,0
BRDA:71,6,1,0
BRDA:72,7,0,0
BRDA:72,7,1,0
BRDA:80,8,0,0
BRDA:89,9,0,0
BRDA:118,10,0,0
BRDA:118,10,1,0
BRDA:122,11,0,0
BRDA:132,12,0,0
BRDA:138,13,0,0
BRDA:146,14,0,0
BRDA:159,15,0,0
BRDA:159,16,0,0
BRDA:159,16,1,0
BRDA:195,17,0,0
BRDA:200,18,0,0
BRDA:205,19,0,0
BRDA:212,20,0,0
BRDA:212,20,1,0
BRDA:212,21,0,0
BRDA:212,21,1,0
BRDA:236,22,0,0
BRDA:236,23,0,0
BRDA:236,23,1,0
BRDA:247,24,0,0
BRDA:261,25,0,0
BRDA:261,25,1,0
BRDA:283,26,0,0
BRDA:283,27,0,0
BRDA:283,27,1,0
BRDA:298,28,0,0
BRDA:316,29,0,0
BRDA:316,30,0,0
BRDA:316,30,1,0
BRDA:319,31,0,0
BRDA:319,31,1,0
BRDA:320,32,0,0
BRDA:320,32,1,0
BRDA:325,33,0,0
BRDA:325,34,0,0
BRDA:325,34,1,0
BRDA:330,35,0,0
BRDA:330,35,1,0
BRDA:383,36,0,0
BRDA:390,37,0,0
BRDA:390,38,0,0
BRDA:390,38,1,0
BRDA:427,39,0,0
BRDA:427,39,1,0
BRDA:451,40,0,0
BRDA:451,40,1,0
BRDA:479,41,0,0
BRDA:479,41,1,0
BRDA:493,42,0,0
BRDA:493,42,1,0
BRDA:507,43,0,0
BRDA:507,43,1,0
BRDA:509,44,0,0
BRDA:509,44,1,0
BRDA:509,45,0,0
BRDA:509,45,1,0
BRDA:518,46,0,0
BRDA:518,46,1,0
BRDA:545,47,0,0
BRDA:545,47,1,0
BRDA:652,48,0,0
BRDA:652,48,1,0
BRDA:684,49,0,0
BRDA:684,49,1,0
BRDA:781,50,0,0
BRDA:781,50,1,0
BRDA:815,51,0,0
BRDA:815,51,1,0
BRDA:835,52,0,0
BRDA:835,52,1,0
BRF:87
BRH:0
end_of_record
TN:
SF:src\tools\regex\RegexTester.tsx
FN:14,(anonymous_0)
FN:56,(anonymous_1)
FN:105,(anonymous_2)
FN:114,(anonymous_3)
FN:116,(anonymous_4)
FN:130,(anonymous_5)
FN:136,(anonymous_6)
FN:178,(anonymous_7)
FN:186,(anonymous_8)
FN:193,(anonymous_9)
FN:197,(anonymous_10)
FN:219,(anonymous_11)
FN:236,(anonymous_12)
FN:254,(anonymous_13)
FN:267,(anonymous_14)
FN:299,(anonymous_15)
FN:303,(anonymous_16)
FNF:17
FNH:0
FNDA:0,(anonymous_0)
FNDA:0,(anonymous_1)
FNDA:0,(anonymous_2)
FNDA:0,(anonymous_3)
FNDA:0,(anonymous_4)
FNDA:0,(anonymous_5)
FNDA:0,(anonymous_6)
FNDA:0,(anonymous_7)
FNDA:0,(anonymous_8)
FNDA:0,(anonymous_9)
FNDA:0,(anonymous_10)
FNDA:0,(anonymous_11)
FNDA:0,(anonymous_12)
FNDA:0,(anonymous_13)
FNDA:0,(anonymous_14)
FNDA:0,(anonymous_15)
FNDA:0,(anonymous_16)
DA:14,0
DA:15,0
DA:17,0
DA:18,0
DA:19,0
DA:20,0
DA:21,0
DA:24,0
DA:34,0
DA:56,0
DA:57,0
DA:58,0
DA:61,0
DA:63,0
DA:64,0
DA:65,0
DA:69,0
DA:70,0
DA:74,0
DA:75,0
DA:82,0
DA:83,0
DA:87,0
DA:88,0
DA:92,0
DA:99,0
DA:100,0
DA:105,0
DA:106,0
DA:107,0
DA:110,0
DA:111,0
DA:114,0
DA:116,0
DA:118,0
DA:120,0
DA:121,0
DA:125,0
DA:127,0
DA:130,0
DA:131,0
DA:132,0
DA:133,0
DA:136,0
DA:137,0
DA:138,0
DA:140,0
DA:144,0
DA:178,0
DA:186,0
DA:194,0
DA:197,0
DA:219,0
DA:236,0
DA:255,0
DA:268,0
DA:300,0
DA:303,0
LF:58
LH:0
BRDA:57,0,0,0
BRDA:57,1,0,0
BRDA:57,1,1,0
BRDA:69,2,0,0
BRDA:82,3,0,0
BRDA:82,4,0,0
BRDA:82,4,1,0
BRDA:87,5,0,0
BRDA:99,6,0,0
BRDA:99,6,1,0
BRDA:106,7,0,0
BRDA:106,8,0,0
BRDA:106,8,1,0
BRDA:137,9,0,0
BRDA:137,9,1,0
BRDA:168,10,0,0
BRDA:168,10,1,0
BRDA:199,11,0,0
BRDA:199,11,1,0
BRDA:231,12,0,0
BRDA:231,12,1,0
BRDA:238,13,0,0
BRDA:238,13,1,0
BRDA:243,14,0,0
BRDA:243,14,1,0
BRDA:243,15,0,0
BRDA:243,15,1,0
BRDA:250,16,0,0
BRDA:250,16,1,0
BRDA:263,17,0,0
BRDA:263,17,1,0
BRDA:308,18,0,0
BRDA:308,18,1,0
BRF:33
BRH:0
end_of_record
TN:
SF:src\tools\url\UrlEncoder.tsx
FN:7,(anonymous_9)
FN:16,(anonymous_10)
FN:21,(anonymous_11)
FN:23,(anonymous_12)
FN:24,(anonymous_13)
FN:28,(anonymous_14)
FN:39,(anonymous_15)
FN:48,(anonymous_16)
FN:59,(anonymous_17)
FN:72,(anonymous_18)
FN:89,(anonymous_19)
FN:96,(anonymous_20)
FN:101,(anonymous_21)
FN:102,(anonymous_22)
FN:161,(anonymous_23)
FN:174,(anonymous_24)
FN:185,(anonymous_25)
FNF:17
FNH:16
FNDA:39,(anonymous_9)
FNDA:22,(anonymous_10)
FNDA:10,(anonymous_11)
FNDA:1,(anonymous_12)
FNDA:1,(anonymous_13)
FNDA:22,(anonymous_14)
FNDA:2,(anonymous_15)
FNDA:0,(anonymous_16)
FNDA:8,(anonymous_17)
FNDA:3,(anonymous_18)
FNDA:1,(anonymous_19)
FNDA:1,(anonymous_20)
FNDA:2,(anonymous_21)
FNDA:2,(anonymous_22)
FNDA:1,(anonymous_23)
FNDA:1,(anonymous_24)
FNDA:9,(anonymous_25)
DA:1,1
DA:2,1
DA:7,1
DA:8,39
DA:9,38
DA:10,38
DA:11,38
DA:12,38
DA:13,38
DA:16,38
DA:17,22
DA:21,38
DA:22,10
DA:23,1
DA:24,1
DA:28,38
DA:29,22
DA:30,12
DA:31,12
DA:34,10
DA:35,10
DA:36,7
DA:38,1
DA:39,2
DA:40,1
DA:42,6
DA:45,3
DA:47,0
DA:48,0
DA:49,0
DA:51,3
DA:55,1
DA:59,38
DA:60,8
DA:62,7
DA:64,1
DA:66,0
DA:68,0
DA:72,38
DA:73,3
DA:74,3
DA:76,3
DA:78,0
DA:80,0
DA:82,0
DA:85,1
DA:89,38
DA:90,1
DA:92,1
DA:93,1
DA:96,38
DA:97,1
DA:98,1
DA:101,38
DA:102,2
DA:106,38
DA:107,38
DA:109,38
DA:161,1
DA:174,1
DA:185,9
DA:377,1
LF:62
LH:54
BRDA:22,0,0,1
BRDA:29,1,0,12
BRDA:35,2,0,7
BRDA:35,2,1,3
BRDA:36,3,0,1
BRDA:36,3,1,6
BRDA:45,4,0,0
BRDA:45,4,1,3
BRDA:55,5,0,1
BRDA:55,5,1,0
BRDA:60,6,0,7
BRDA:60,6,1,1
BRDA:60,6,2,0
BRDA:60,6,3,0
BRDA:74,7,0,3
BRDA:74,7,1,0
BRDA:74,7,2,0
BRDA:74,7,3,0
BRDA:90,8,0,0
BRDA:102,9,0,2
BRDA:102,9,1,0
BRDA:143,10,0,28
BRDA:143,10,1,10
BRDA:186,11,0,28
BRDA:186,11,1,10
BRDA:204,12,0,15
BRDA:204,12,1,23
BRDA:209,13,0,1
BRDA:209,13,1,37
BRDA:213,14,0,38
BRDA:213,14,1,16
BRDA:215,15,0,23
BRDA:215,15,1,15
BRDA:215,16,0,38
BRDA:215,16,1,16
BRF:35
BRH:26
end_of_record
